<?xml version="1.0" encoding="UTF-8" standalone="no"?>
<testsuite errors="0" failures="103" name="io.cucumber.core.plugin.JUnitFormatter" skipped="0" tests="198" time="27.721">
    <testcase classname="Authorization Failure Reporting" name="Publish simple message with valid ttl and auth permissions" time="0.901">
        <system-out>
            <![CDATA[Given I have a keyset with access manager enabled - without secret key......passed
Given a valid token with permissions to publish with channel 'channel-1'....passed
When I publish a message using that auth token with channel 'channel-1'.....passed
Then the result is successful...............................................passed
]]>
        </system-out>
    </testcase>
    <testcase classname="Authorization Failure Reporting" name="Publish simple message with expired auth token" time="0.043">
        <system-out>
            <![CDATA[Given I have a keyset with access manager enabled - without secret key......passed
Given an expired token with permissions to publish with channel 'channel-1'.passed
When I attempt to publish a message using that auth token with channel 'channel-1'.passed
Then an auth error is returned..............................................passed
* the error status code is 403..............................................passed
* the auth error message is 'Token is expired.'.............................passed
* the error service is 'Access Manager'.....................................passed
]]>
        </system-out>
    </testcase>
    <testcase classname="Authorization Failure Reporting" name="Publish simple message with invalid auth permissions" time="0.043">
        <system-out>
            <![CDATA[Given I have a keyset with access manager enabled - without secret key......passed
Given a valid token with permissions to publish with channel 'channel-1'....passed
When I attempt to publish a message using that auth token with channel 'channel-1'.passed
Then an auth error is returned..............................................passed
* the error status code is 403..............................................passed
* the auth error message is 'Forbidden'.....................................passed
* the error service is 'Access Manager'.....................................passed
]]>
        </system-out>
    </testcase>
    <testcase classname="Authorization Failure Reporting" name="Publish fails due to revoked token" time="0.046">
        <system-out>
            <![CDATA[Given I have a keyset with access manager enabled - without secret key......passed
Given a valid token with permissions to publish with channel 'channel-1'....passed
When I attempt to publish a message using that auth token with channel 'channel-1'.passed
Then an auth error is returned..............................................passed
* the error status code is 403..............................................passed
* the auth error message is 'Token is revoked.'.............................passed
* the error service is 'Access Manager'.....................................passed
]]>
        </system-out>
    </testcase>
    <testcase classname="Grant an access token" name="Attempt to grant an access token when ttl provided exceeds the max ttl configured (use default max 43200 for the test)" time="0.065">
        <system-out>
            <![CDATA[Given I have a keyset with access manager enabled...........................passed
Given the TTL 43201.........................................................passed
Given the 'channel-1' CHANNEL resource access permissions...................passed
* grant resource permission READ............................................passed
When I attempt to grant a token specifying those permissions................passed
Then an error is returned...................................................passed
* the error status code is 400..............................................passed
* the error message is 'Invalid ttl'........................................passed
* the error source is 'grant'...............................................passed
* the error detail message is 'Range should be 1 to 43200 minute(s).'.......passed
* the error detail location is 'ttl'........................................passed
* the error detail location type is 'body'..................................passed
]]>
        </system-out>
    </testcase>
    <testcase classname="Revoke an access token" name="Revoke existing valid token" time="0.035">
        <system-out>
            <![CDATA[Given I have a keyset with access manager enabled...........................passed
Given a token...............................................................passed
When I revoke a token.......................................................passed
Then I get confirmation that token has been revoked.........................passed
]]>
        </system-out>
    </testcase>
    <testcase classname="Revoke an access token" name="Revoke invalid token" time="0.039">
        <system-out>
            <![CDATA[Given I have a keyset with access manager enabled...........................passed
Given a token...............................................................passed
When I revoke a token.......................................................passed
Then an error is returned...................................................passed
* the error status code is 400..............................................passed
* the error message is 'Invalid token'......................................passed
* the error source is 'revoke'..............................................passed
* the error detail message is not empty.....................................passed
* the error detail location is 'token'......................................passed
* the error detail location type is 'path'..................................passed
* the error service is 'Access Manager'.....................................passed
]]>
        </system-out>
    </testcase>
    <testcase classname="Revoke an access token" name="Revoke a token while it is disabled on a server" time="0.045">
        <system-out>
            <![CDATA[Given I have a keyset with access manager enabled...........................passed
Given a token...............................................................passed
When I revoke a token.......................................................passed
Then an error is returned...................................................passed
* the error status code is 400..............................................passed
* the error message is 'Feature disabled'...................................passed
* the error source is 'revoke'..............................................passed
* the error detail message is 'Token revocation is disabled.'...............passed
* the error detail location is 'subscribe-key'..............................passed
* the error detail location type is 'path'..................................passed
* the error service is 'Access Manager'.....................................passed
]]>
        </system-out>
    </testcase>
    <testcase classname="Revoke an access token" name="Revoke a token with characters that require url encoding" time="0.029">
        <system-out>
            <![CDATA[Given I have a keyset with access manager enabled...........................passed
Given the token string 'unescaped-_.ABCabc123 escaped;,/?:@&=+$#'...........passed
When I revoke a token.......................................................passed
Then I get confirmation that token has been revoked.........................passed
]]>
        </system-out>
    </testcase>
    <testcase classname="Crypto module" name="AES-CBC cryptor data header can be processed" time="0.016">
        <system-out>
            <![CDATA[Given Crypto module with 'acrh' cryptor.....................................passed
* with 'pubnubenigma' cipher key............................................passed
When I decrypt 'file-legacy-civ.jpg' file...................................passed
Then I receive 'unknown cryptor error'......................................passed
]]>
        </system-out>
    </testcase>
    <testcase classname="Crypto module" name="AES-CBC cryptor data header can be processed 2" time="0.006">
        <system-out>
            <![CDATA[Given Crypto module with 'acrh' cryptor.....................................passed
* with 'pubnubenigma' cipher key............................................passed
When I decrypt 'file-cryptor-no-version.txt' file...........................passed
Then I receive 'decryption error'...........................................passed
]]>
        </system-out>
    </testcase>
    <testcase classname="Crypto module" name="AES-CBC cryptor data header can be processed 3" time="0.01">
        <system-out>
            <![CDATA[Given Crypto module with 'acrh' cryptor.....................................passed
* with 'pubnubenigma' cipher key............................................passed
When I decrypt 'file-cryptor-unknown-acrh.jpg' file.........................passed
Then I receive 'unknown cryptor error'......................................passed
]]>
        </system-out>
    </testcase>
    <testcase classname="Crypto module" name="AES-CBC cryptor data header can be processed 4" time="0.003">
        <system-out>
            <![CDATA[Given Crypto module with 'acrh' cryptor.....................................passed
* with 'pubnubenigma' cipher key............................................passed
When I decrypt 'file-cryptor-v1-short.txt' file.............................passed
Then I receive 'decryption error'...........................................passed
]]>
        </system-out>
    </testcase>
    <testcase classname="Crypto module" name="AES-CBC cryptor data header can be processed 5" time="0.004">
        <system-out>
            <![CDATA[Given Crypto module with 'acrh' cryptor.....................................passed
* with 'pubnubenigma' cipher key............................................passed
When I decrypt 'file-cryptor-v1-unknown.txt' file...........................passed
Then I receive 'unknown cryptor error'......................................passed
]]>
        </system-out>
    </testcase>
    <testcase classname="Crypto module" name="AES-CBC cryptor data header can be processed 6" time="0.004">
        <system-out>
            <![CDATA[Given Crypto module with 'acrh' cryptor.....................................passed
* with 'pubnubenigma' cipher key............................................passed
When I decrypt 'empty-file-cryptor-v1-acrh.txt' file........................passed
Then I receive 'decryption error'...........................................passed
]]>
        </system-out>
    </testcase>
    <testcase classname="Crypto module" name="AES-CBC cryptor data header can be processed 7" time="0.028">
        <system-out>
            <![CDATA[Given Crypto module with 'acrh' cryptor.....................................passed
* with 'pubnubenigma' cipher key............................................passed
When I decrypt 'file-cryptor-v1-acrh.jpg' file..............................passed
Then I receive 'success'....................................................passed
]]>
        </system-out>
    </testcase>
    <testcase classname="Crypto module" name="Empty data encryption should fail" time="0.007">
        <system-out>
            <![CDATA[Given Crypto module with 'legacy' cryptor...................................passed
* with 'pubnubenigma' cipher key............................................passed
* with 'constant' vector....................................................passed
When I encrypt 'empty-file.txt' file as 'binary'............................passed
Then I receive 'encryption error'...........................................passed
]]>
        </system-out>
    </testcase>
    <testcase classname="Crypto module" name="Empty data encryption should fail 2" time="0.003">
        <system-out>
            <![CDATA[Given Crypto module with 'legacy' cryptor...................................passed
* with 'pubnubenigma' cipher key............................................passed
* with 'random' vector......................................................passed
When I encrypt 'empty-file.txt' file as 'binary'............................passed
Then I receive 'encryption error'...........................................passed
]]>
        </system-out>
    </testcase>
    <testcase classname="Crypto module" name="Empty data encryption should fail 3" time="0.003">
        <system-out>
            <![CDATA[Given Crypto module with 'acrh' cryptor.....................................passed
* with 'pubnubenigma' cipher key............................................passed
* with '-' vector...........................................................passed
When I encrypt 'empty-file.txt' file as 'binary'............................passed
Then I receive 'encryption error'...........................................passed
]]>
        </system-out>
    </testcase>
    <testcase classname="Crypto module" name="Empty data encryption should fail 4" time="0.003">
        <system-out>
            <![CDATA[Given Crypto module with 'acrh' cryptor.....................................passed
* with 'pubnubenigma' cipher key............................................passed
* with '-' vector...........................................................passed
When I encrypt 'empty-file.txt' file as 'binary'............................passed
Then I receive 'encryption error'...........................................passed
]]>
        </system-out>
    </testcase>
    <testcase classname="Crypto module" name="Empty stream data encryption should fail" time="0.004">
        <system-out>
            <![CDATA[Given Crypto module with 'legacy' cryptor...................................passed
* with 'pubnubenigma' cipher key............................................passed
* with 'constant' vector....................................................passed
When I encrypt 'empty-file.txt' file as 'stream'............................passed
Then I receive 'encryption error'...........................................passed
]]>
        </system-out>
    </testcase>
    <testcase classname="Crypto module" name="Empty stream data encryption should fail 2" time="0.003">
        <system-out>
            <![CDATA[Given Crypto module with 'legacy' cryptor...................................passed
* with 'pubnubenigma' cipher key............................................passed
* with 'random' vector......................................................passed
When I encrypt 'empty-file.txt' file as 'stream'............................passed
Then I receive 'encryption error'...........................................passed
]]>
        </system-out>
    </testcase>
    <testcase classname="Crypto module" name="Empty stream data encryption should fail 3" time="0.003">
        <system-out>
            <![CDATA[Given Crypto module with 'acrh' cryptor.....................................passed
* with 'pubnubenigma' cipher key............................................passed
* with '-' vector...........................................................passed
When I encrypt 'empty-file.txt' file as 'stream'............................passed
Then I receive 'encryption error'...........................................passed
]]>
        </system-out>
    </testcase>
    <testcase classname="Crypto module" name="Empty stream data encryption should fail 4" time="0.003">
        <system-out>
            <![CDATA[Given Crypto module with 'acrh' cryptor.....................................passed
* with 'pubnubenigma' cipher key............................................passed
* with '-' vector...........................................................passed
When I encrypt 'empty-file.txt' file as 'stream'............................passed
Then I receive 'encryption error'...........................................passed
]]>
        </system-out>
    </testcase>
    <testcase classname="Crypto module" name="Empty data decryption should fail" time="0.004">
        <system-out>
            <![CDATA[Given Crypto module with 'legacy' cryptor...................................passed
* with 'pubnubenigma' cipher key............................................passed
* with 'constant' vector....................................................passed
When I decrypt 'empty-file.txt' file as 'binary'............................passed
Then I receive 'decryption error'...........................................passed
]]>
        </system-out>
    </testcase>
    <testcase classname="Crypto module" name="Empty data decryption should fail 2" time="0.003">
        <system-out>
            <![CDATA[Given Crypto module with 'legacy' cryptor...................................passed
* with 'pubnubenigma' cipher key............................................passed
* with 'random' vector......................................................passed
When I decrypt 'empty-file.txt' file as 'binary'............................passed
Then I receive 'decryption error'...........................................passed
]]>
        </system-out>
    </testcase>
    <testcase classname="Crypto module" name="Empty data decryption should fail 3" time="0.005">
        <system-out>
            <![CDATA[Given Crypto module with 'acrh' cryptor.....................................passed
* with 'pubnubenigma' cipher key............................................passed
* with '-' vector...........................................................passed
When I decrypt 'empty-file.txt' file as 'binary'............................passed
Then I receive 'decryption error'...........................................passed
]]>
        </system-out>
    </testcase>
    <testcase classname="Crypto module" name="Empty data decryption should fail 4" time="0.005">
        <system-out>
            <![CDATA[Given Crypto module with 'legacy' cryptor...................................passed
* with 'pubnubenigma' cipher key............................................passed
* with 'random' vector......................................................passed
When I decrypt 'empty-file-cryptor-legacy-riv.txt' file as 'binary'.........passed
Then I receive 'decryption error'...........................................passed
]]>
        </system-out>
    </testcase>
    <testcase classname="Crypto module" name="Empty data decryption should fail 5" time="0.003">
        <system-out>
            <![CDATA[Given Crypto module with 'acrh' cryptor.....................................passed
* with 'pubnubenigma' cipher key............................................passed
* with '-' vector...........................................................passed
When I decrypt 'empty-file-cryptor-v1-acrh.txt' file as 'binary'............passed
Then I receive 'decryption error'...........................................passed
]]>
        </system-out>
    </testcase>
    <testcase classname="Crypto module" name="Empty stream data decryption should fail" time="0.003">
        <system-out>
            <![CDATA[Given Crypto module with 'legacy' cryptor...................................passed
* with 'pubnubenigma' cipher key............................................passed
* with 'constant' vector....................................................passed
When I decrypt 'empty-file.txt' file as 'stream'............................passed
Then I receive 'decryption error'...........................................passed
]]>
        </system-out>
    </testcase>
    <testcase classname="Crypto module" name="Empty stream data decryption should fail 2" time="0.003">
        <system-out>
            <![CDATA[Given Crypto module with 'legacy' cryptor...................................passed
* with 'pubnubenigma' cipher key............................................passed
* with 'random' vector......................................................passed
When I decrypt 'empty-file.txt' file as 'stream'............................passed
Then I receive 'decryption error'...........................................passed
]]>
        </system-out>
    </testcase>
    <testcase classname="Crypto module" name="Empty stream data decryption should fail 3" time="0.003">
        <system-out>
            <![CDATA[Given Crypto module with 'acrh' cryptor.....................................passed
* with 'pubnubenigma' cipher key............................................passed
* with '-' vector...........................................................passed
When I decrypt 'empty-file.txt' file as 'stream'............................passed
Then I receive 'decryption error'...........................................passed
]]>
        </system-out>
    </testcase>
    <testcase classname="Crypto module" name="Empty stream data decryption should fail 4" time="0.004">
        <system-out>
            <![CDATA[Given Crypto module with 'legacy' cryptor...................................passed
* with 'pubnubenigma' cipher key............................................passed
* with 'random' vector......................................................passed
When I decrypt 'empty-file-cryptor-legacy-riv.txt' file as 'stream'.........passed
Then I receive 'decryption error'...........................................passed
]]>
        </system-out>
    </testcase>
    <testcase classname="Crypto module" name="Empty stream data decryption should fail 5" time="0.008">
        <system-out>
            <![CDATA[Given Crypto module with 'acrh' cryptor.....................................passed
* with 'pubnubenigma' cipher key............................................passed
* with '-' vector...........................................................passed
When I decrypt 'empty-file-cryptor-v1-acrh.txt' file as 'stream'............passed
Then I receive 'decryption error'...........................................passed
]]>
        </system-out>
    </testcase>
    <testcase classname="Crypto module" name="Data encrypted with legacy AES-CBC cryptor is decryptable with legacy implementation" time="0.04">
        <system-out>
            <![CDATA[Given Crypto module with 'legacy' cryptor...................................passed
* with 'pubnubenigma' cipher key............................................passed
* with 'random' vector......................................................passed
Given Legacy code with 'pubnubenigma' cipher key and 'random' vector........passed
When I encrypt 'file.jpg' file as 'binary'..................................passed
Then Successfully decrypt an encrypted file with legacy code................passed
]]>
        </system-out>
    </testcase>
    <testcase classname="Crypto module" name="Data encrypted with legacy AES-CBC cryptor is decryptable with legacy implementation 2" time="0.022">
        <system-out>
            <![CDATA[Given Crypto module with 'legacy' cryptor...................................passed
* with 'pubnubenigma' cipher key............................................passed
* with 'constant' vector....................................................passed
Given Legacy code with 'pubnubenigma' cipher key and 'constant' vector......passed
When I encrypt 'file.jpg' file as 'binary'..................................passed
Then Successfully decrypt an encrypted file with legacy code................passed
]]>
        </system-out>
    </testcase>
    <testcase classname="Crypto module" name="Data encrypted with legacy AES-CBC cryptor is decryptable with legacy implementation 3" time="0.008">
        <system-out>
            <![CDATA[Given Crypto module with 'legacy' cryptor...................................passed
* with 'pubnubenigma' cipher key............................................passed
* with 'random' vector......................................................passed
Given Legacy code with 'pubnubenigma' cipher key and 'random' vector........passed
When I encrypt 'file.txt' file as 'binary'..................................passed
Then Successfully decrypt an encrypted file with legacy code................passed
]]>
        </system-out>
    </testcase>
    <testcase classname="Crypto module" name="Data encrypted with legacy AES-CBC cryptor is decryptable with legacy implementation 4" time="0.003">
        <system-out>
            <![CDATA[Given Crypto module with 'legacy' cryptor...................................passed
* with 'pubnubenigma' cipher key............................................passed
* with 'constant' vector....................................................passed
Given Legacy code with 'pubnubenigma' cipher key and 'constant' vector......passed
When I encrypt 'file.txt' file as 'binary'..................................passed
Then Successfully decrypt an encrypted file with legacy code................passed
]]>
        </system-out>
    </testcase>
    <testcase classname="Crypto module" name="Stream data encrypted with legacy AES-CBC cryptor is decryptable with legacy implementation" time="0.015">
        <system-out>
            <![CDATA[Given Crypto module with 'legacy' cryptor...................................passed
Given Legacy code with 'pubnubenigma' cipher key and 'random' vector........passed
* with 'pubnubenigma' cipher key............................................passed
* with 'random' vector......................................................passed
When I encrypt 'file.jpg' file as 'stream'..................................passed
Then Successfully decrypt an encrypted file with legacy code................passed
]]>
        </system-out>
    </testcase>
    <testcase classname="Crypto module" name="Stream data encrypted with legacy AES-CBC cryptor is decryptable with legacy implementation 2" time="0.003">
        <system-out>
            <![CDATA[Given Crypto module with 'legacy' cryptor...................................passed
Given Legacy code with 'pubnubenigma' cipher key and 'random' vector........passed
* with 'pubnubenigma' cipher key............................................passed
* with 'random' vector......................................................passed
When I encrypt 'file.txt' file as 'stream'..................................passed
Then Successfully decrypt an encrypted file with legacy code................passed
]]>
        </system-out>
    </testcase>
    <testcase classname="Crypto module" name="Cryptor is able to process sample files as binary" time="0.009">
        <system-out>
            <![CDATA[Given Crypto module with 'legacy' cryptor...................................passed
* with 'pubnubenigma' cipher key............................................passed
* with 'constant' vector....................................................passed
When I decrypt 'file-cryptor-legacy-civ.jpg' file as 'binary'...............passed
Then Decrypted file content equal to the 'file.jpg' file content............passed
]]>
        </system-out>
    </testcase>
    <testcase classname="Crypto module" name="Cryptor is able to process sample files as binary 2" time="0.006">
        <system-out>
            <![CDATA[Given Crypto module with 'legacy' cryptor...................................passed
* with 'pubnubenigma' cipher key............................................passed
* with 'random' vector......................................................passed
When I decrypt 'file-cryptor-legacy-riv.jpg' file as 'binary'...............passed
Then Decrypted file content equal to the 'file.jpg' file content............passed
]]>
        </system-out>
    </testcase>
    <testcase classname="Crypto module" name="Cryptor is able to process sample files as binary 3" time="0.004">
        <system-out>
            <![CDATA[Given Crypto module with 'legacy' cryptor...................................passed
* with 'pubnubenigma' cipher key............................................passed
* with 'constant' vector....................................................passed
When I decrypt 'file-cryptor-legacy-civ.txt' file as 'binary'...............passed
Then Decrypted file content equal to the 'file.txt' file content............passed
]]>
        </system-out>
    </testcase>
    <testcase classname="Crypto module" name="Cryptor is able to process sample files as binary 4" time="0.003">
        <system-out>
            <![CDATA[Given Crypto module with 'legacy' cryptor...................................passed
* with 'pubnubenigma' cipher key............................................passed
* with 'random' vector......................................................passed
When I decrypt 'file-cryptor-legacy-riv.txt' file as 'binary'...............passed
Then Decrypted file content equal to the 'file.txt' file content............passed
]]>
        </system-out>
    </testcase>
    <testcase classname="Crypto module" name="Cryptor is able to process sample files as binary 5" time="0.004">
        <system-out>
            <![CDATA[Given Crypto module with 'legacy' cryptor...................................passed
* with 'pubnubenigma' cipher key............................................passed
* with 'constant' vector....................................................passed
When I decrypt 'file-legacy-civ.jpg' file as 'binary'.......................passed
Then Decrypted file content equal to the 'file.jpg' file content............passed
]]>
        </system-out>
    </testcase>
    <testcase classname="Crypto module" name="Cryptor is able to process sample files as binary 6" time="0.006">
        <system-out>
            <![CDATA[Given Crypto module with 'legacy' cryptor...................................passed
* with 'pubnubenigma' cipher key............................................passed
* with 'random' vector......................................................passed
When I decrypt 'file-legacy-riv.jpg' file as 'binary'.......................passed
Then Decrypted file content equal to the 'file.jpg' file content............passed
]]>
        </system-out>
    </testcase>
    <testcase classname="Crypto module" name="Cryptor is able to process sample files as binary 7" time="0.004">
        <system-out>
            <![CDATA[Given Crypto module with 'legacy' cryptor...................................passed
* with 'pubnubenigma' cipher key............................................passed
* with 'constant' vector....................................................passed
When I decrypt 'file-legacy-civ.txt' file as 'binary'.......................passed
Then Decrypted file content equal to the 'file.txt' file content............passed
]]>
        </system-out>
    </testcase>
    <testcase classname="Crypto module" name="Cryptor is able to process sample files as binary 8" time="0.002">
        <system-out>
            <![CDATA[Given Crypto module with 'legacy' cryptor...................................passed
* with 'pubnubenigma' cipher key............................................passed
* with 'random' vector......................................................passed
When I decrypt 'file-legacy-riv.txt' file as 'binary'.......................passed
Then Decrypted file content equal to the 'file.txt' file content............passed
]]>
        </system-out>
    </testcase>
    <testcase classname="Crypto module" name="Cryptor is able to process sample files as binary 9" time="0.004">
        <system-out>
            <![CDATA[Given Crypto module with 'acrh' cryptor.....................................passed
* with 'pubnubenigma' cipher key............................................passed
* with '-' vector...........................................................passed
When I decrypt 'file-cryptor-v1-acrh.jpg' file as 'binary'..................passed
Then Decrypted file content equal to the 'file.jpg' file content............passed
]]>
        </system-out>
    </testcase>
    <testcase classname="Crypto module" name="Cryptor is able to process sample files as binary 10" time="0.006">
        <system-out>
            <![CDATA[Given Crypto module with 'acrh' cryptor.....................................passed
* with 'pubnubenigma' cipher key............................................passed
* with '-' vector...........................................................passed
When I decrypt 'file-cryptor-v1-acrh.txt' file as 'binary'..................passed
Then Decrypted file content equal to the 'file.txt' file content............passed
]]>
        </system-out>
    </testcase>
    <testcase classname="Crypto module" name="Cryptor is able to process sample files as stream" time="0.008">
        <system-out>
            <![CDATA[Given Crypto module with 'legacy' cryptor...................................passed
* with 'pubnubenigma' cipher key............................................passed
* with 'random' vector......................................................passed
When I decrypt 'file-cryptor-legacy-riv.jpg' file as 'stream'...............passed
Then Decrypted file content equal to the 'file.jpg' file content............passed
]]>
        </system-out>
    </testcase>
    <testcase classname="Crypto module" name="Cryptor is able to process sample files as stream 2" time="0.005">
        <system-out>
            <![CDATA[Given Crypto module with 'legacy' cryptor...................................passed
* with 'pubnubenigma' cipher key............................................passed
* with 'random' vector......................................................passed
When I decrypt 'file-cryptor-legacy-riv.txt' file as 'stream'...............passed
Then Decrypted file content equal to the 'file.txt' file content............passed
]]>
        </system-out>
    </testcase>
    <testcase classname="Crypto module" name="Cryptor is able to process sample files as stream 3" time="0.006">
        <system-out>
            <![CDATA[Given Crypto module with 'legacy' cryptor...................................passed
* with 'pubnubenigma' cipher key............................................passed
* with 'random' vector......................................................passed
When I decrypt 'file-legacy-riv.jpg' file as 'stream'.......................passed
Then Decrypted file content equal to the 'file.jpg' file content............passed
]]>
        </system-out>
    </testcase>
    <testcase classname="Crypto module" name="Cryptor is able to process sample files as stream 4" time="0.005">
        <system-out>
            <![CDATA[Given Crypto module with 'legacy' cryptor...................................passed
* with 'pubnubenigma' cipher key............................................passed
* with 'random' vector......................................................passed
When I decrypt 'file-legacy-riv.txt' file as 'stream'.......................passed
Then Decrypted file content equal to the 'file.txt' file content............passed
]]>
        </system-out>
    </testcase>
    <testcase classname="Crypto module" name="Cryptor is able to process sample files as stream 5" time="0.007">
        <system-out>
            <![CDATA[Given Crypto module with 'acrh' cryptor.....................................passed
* with 'pubnubenigma' cipher key............................................passed
* with '-' vector...........................................................passed
When I decrypt 'file-cryptor-v1-acrh.jpg' file as 'stream'..................passed
Then Decrypted file content equal to the 'file.jpg' file content............passed
]]>
        </system-out>
    </testcase>
    <testcase classname="Crypto module" name="Cryptor is able to process sample files as stream 6" time="0.006">
        <system-out>
            <![CDATA[Given Crypto module with 'acrh' cryptor.....................................passed
* with 'pubnubenigma' cipher key............................................passed
* with '-' vector...........................................................passed
When I decrypt 'file-cryptor-v1-acrh.txt' file as 'stream'..................passed
Then Decrypted file content equal to the 'file.txt' file content............passed
]]>
        </system-out>
    </testcase>
    <testcase classname="Crypto module" name="Crypto module can handle encrypted data from different cryptors" time="0.004">
        <system-out>
            <![CDATA[Given Crypto module with default 'legacy' and additional 'acrh' cryptors....passed
* with 'pubnubenigma' cipher key............................................passed
* with 'constant' vector....................................................passed
When I decrypt 'file-cryptor-legacy-civ.jpg' file as 'binary'...............passed
Then Decrypted file content equal to the 'file.jpg' file content............passed
]]>
        </system-out>
    </testcase>
    <testcase classname="Crypto module" name="Crypto module can handle encrypted data from different cryptors 2" time="0.004">
        <system-out>
            <![CDATA[Given Crypto module with default 'acrh' and additional 'legacy' cryptors....passed
* with 'pubnubenigma' cipher key............................................passed
* with 'random' vector......................................................passed
When I decrypt 'file-legacy-riv.jpg' file as 'binary'.......................passed
Then Decrypted file content equal to the 'file.jpg' file content............passed
]]>
        </system-out>
    </testcase>
    <testcase classname="Message encryption" name="Receiving an encrypted message with correct crypto key" time="0.012">
        <failure message="The scenario has pending or undefined step(s)" type="java.lang.Exception">
            <![CDATA[Given the crypto keyset.....................................................undefined
When I subscribe............................................................skipped
Then I receive the message in my subscribe response.........................skipped
]]>
        </failure>
    </testcase>
    <testcase classname="Message encryption" name="Receiving an encrypted message with invalid crypto key" time="0.009">
        <failure message="The scenario has pending or undefined step(s)" type="java.lang.Exception">
            <![CDATA[Given the invalid-crypto keyset.............................................undefined
When I subscribe............................................................skipped
Then an error is thrown.....................................................skipped
]]>
        </failure>
    </testcase>
    <testcase classname="Send a file to Space" name="Send a file to space success" time="0.018">
        <failure message="The scenario has pending or undefined step(s)" type="java.lang.Exception">
            <![CDATA[Given the demo keyset.......................................................undefined
When I send a file with 'space-id' space id and 'test_message_type' type....skipped
Then I receive a successful response........................................skipped
]]>
        </failure>
    </testcase>
    <testcase classname="Send a file to Space" name="Send a file to space fails when message type is too short, shorten than 3 characters" time="0.015">
        <failure message="The scenario has pending or undefined step(s)" type="java.lang.Exception">
            <![CDATA[Given the demo keyset.......................................................undefined
When I send a file with 'space-id' space id and 'ts' type...................skipped
Then I receive an error response............................................skipped
]]>
        </failure>
    </testcase>
    <testcase classname="Send a file to Space" name="Send a file to space fails when message type is too long, longer than 50 characters" time="0.012">
        <failure message="The scenario has pending or undefined step(s)" type="java.lang.Exception">
            <![CDATA[Given the demo keyset.......................................................undefined
When I send a file with 'space-id' space id and 'this-is-really-long-message-type-to-be-used-with-publish' type.skipped
Then I receive an error response............................................skipped
]]>
        </failure>
    </testcase>
    <testcase classname="Files" name="Listing files" time="0.009">
        <failure message="The scenario has pending or undefined step(s)" type="java.lang.Exception">
            <![CDATA[Given the demo keyset.......................................................undefined
When I list files...........................................................skipped
Then I receive successful response..........................................skipped
]]>
        </failure>
    </testcase>
    <testcase classname="Files" name="Publishing file message" time="0.01">
        <failure message="The scenario has pending or undefined step(s)" type="java.lang.Exception">
            <![CDATA[Given the demo keyset.......................................................undefined
When I publish file message.................................................skipped
Then I receive successful response..........................................skipped
]]>
        </failure>
    </testcase>
    <testcase classname="Files" name="Publishing file message failure" time="0.012">
        <failure message="The scenario has pending or undefined step(s)" type="java.lang.Exception">
            <![CDATA[Given the demo keyset.......................................................undefined
When I publish file message.................................................skipped
Then I receive error response...............................................skipped
]]>
        </failure>
    </testcase>
    <testcase classname="Files" name="Deleting a file" time="0.006">
        <failure message="The scenario has pending or undefined step(s)" type="java.lang.Exception">
            <![CDATA[Given the demo keyset.......................................................undefined
When I delete file..........................................................skipped
Then I receive successful response..........................................skipped
]]>
        </failure>
    </testcase>
    <testcase classname="Files" name="Downloading a file" time="0.007">
        <failure message="The scenario has pending or undefined step(s)" type="java.lang.Exception">
            <![CDATA[Given the demo keyset.......................................................undefined
When I download file........................................................skipped
Then I receive successful response..........................................skipped
]]>
        </failure>
    </testcase>
    <testcase classname="History for VSP" name="Client can fetch history with message types" time="0.008">
        <failure message="The scenario has pending or undefined step(s)" type="java.lang.Exception">
            <![CDATA[Given the demo keyset with enabled storage..................................undefined
When I fetch message history for 'simple-channel' channel...................skipped
Then I receive a successful response........................................skipped
And history response contains messages with '0' and '4' message types.......skipped
And history response contains messages without space ids....................skipped
]]>
        </failure>
    </testcase>
    <testcase classname="History for VSP" name="Client can fetch history with types" time="0.007">
        <failure message="The scenario has pending or undefined step(s)" type="java.lang.Exception">
            <![CDATA[Given the demo keyset with enabled storage..................................undefined
When I fetch message history for 'vsp-channel' channel......................skipped
Then I receive a successful response........................................skipped
And history response contains messages with 'custom-message' and 'vc-message' types.skipped
And history response contains messages without space ids....................skipped
]]>
        </failure>
    </testcase>
    <testcase classname="History for VSP" name="Client can fetch history without types enabled by default" time="0.01">
        <failure message="The scenario has pending or undefined step(s)" type="java.lang.Exception">
            <![CDATA[Given the demo keyset with enabled storage..................................undefined
When I fetch message history with 'includeType' set to 'false' for 'vsp-channel' channel.skipped
Then I receive a successful response........................................skipped
And history response contains messages without types........................skipped
And history response contains messages without space ids....................skipped
]]>
        </failure>
    </testcase>
    <testcase classname="History for VSP" name="Client can fetch history with space id disabled by default" time="0.007">
        <failure message="The scenario has pending or undefined step(s)" type="java.lang.Exception">
            <![CDATA[Given the demo keyset with enabled storage..................................undefined
When I fetch message history with 'includeSpaceId' set to 'true' for 'vsp-channel' channel.skipped
Then I receive a successful response........................................skipped
And history response contains messages with space ids.......................skipped
]]>
        </failure>
    </testcase>
    <testcase classname="History" name="Fetching message history" time="0.009">
        <failure message="The scenario has pending or undefined step(s)" type="java.lang.Exception">
            <![CDATA[Given the demo keyset.......................................................undefined
When I fetch message history for single channel.............................skipped
Then I receive successful response..........................................skipped
And the response contains pagination info...................................skipped
]]>
        </failure>
    </testcase>
    <testcase classname="History" name="Fetching message history for multiple channels" time="0.009">
        <failure message="The scenario has pending or undefined step(s)" type="java.lang.Exception">
            <![CDATA[Given the demo keyset.......................................................undefined
When I fetch message history for multiple channels..........................skipped
Then I receive successful response..........................................skipped
]]>
        </failure>
    </testcase>
    <testcase classname="History" name="Fetching message history with message actions" time="0.008">
        <failure message="The scenario has pending or undefined step(s)" type="java.lang.Exception">
            <![CDATA[Given the demo keyset.......................................................undefined
When I fetch message history with message actions...........................skipped
Then I receive successful response..........................................skipped
]]>
        </failure>
    </testcase>
    <testcase classname="Message Actions" name="Adding a message action" time="0.007">
        <failure message="The scenario has pending or undefined step(s)" type="java.lang.Exception">
            <![CDATA[Given the demo keyset.......................................................undefined
When I add a message action.................................................skipped
Then I receive successful response..........................................skipped
]]>
        </failure>
    </testcase>
    <testcase classname="Message Actions" name="Failing to add a message action" time="0.017">
        <failure message="The scenario has pending or undefined step(s)" type="java.lang.Exception">
            <![CDATA[Given the demo keyset.......................................................undefined
When I add a message action.................................................skipped
Then I receive error response...............................................skipped
]]>
        </failure>
    </testcase>
    <testcase classname="Message Actions" name="Fetching message actions with pagination" time="0.01">
        <failure message="The scenario has pending or undefined step(s)" type="java.lang.Exception">
            <![CDATA[Given the demo keyset.......................................................undefined
When I fetch message actions................................................skipped
Then I receive successful response..........................................skipped
And the response contains pagination info...................................skipped
]]>
        </failure>
    </testcase>
    <testcase classname="Message Actions" name="Deleting a message action" time="0.009">
        <failure message="The scenario has pending or undefined step(s)" type="java.lang.Exception">
            <![CDATA[Given the demo keyset.......................................................undefined
When I delete a message action..............................................skipped
Then I receive successful response..........................................skipped
]]>
        </failure>
    </testcase>
    <testcase classname="Message Actions" name="Failing to delete a message action" time="0.009">
        <failure message="The scenario has pending or undefined step(s)" type="java.lang.Exception">
            <![CDATA[Given the demo keyset.......................................................undefined
When I delete a message action..............................................skipped
Then I receive error response...............................................skipped
]]>
        </failure>
    </testcase>
    <testcase classname="Objects V2 Channel metadata" name="Get a channel metadata for id" time="0.033">
        <system-out>
            <![CDATA[Given I have a keyset with Objects V2 enabled...............................passed
Given the id for 'Chat' channel.............................................passed
When I get the channel metadata.............................................passed
Then I receive a successful response........................................passed
And the channel metadata for 'Chat' channel.................................passed
]]>
        </system-out>
    </testcase>
    <testcase classname="Objects V2 Channel metadata" name="Get a channel with custom metadata" time="0.026">
        <system-out>
            <![CDATA[Given I have a keyset with Objects V2 enabled...............................passed
Given the id for 'DM' channel...............................................passed
When I get the channel metadata with custom.................................passed
Then I receive a successful response........................................passed
And the channel metadata for 'DM' channel...................................passed
]]>
        </system-out>
    </testcase>
    <testcase classname="Objects V2 Channel metadata" name="Set a channel metadata" time="0.022">
        <system-out>
            <![CDATA[Given I have a keyset with Objects V2 enabled...............................passed
Given the data for 'Chat' channel...........................................passed
When I set the channel metadata.............................................passed
Then I receive a successful response........................................passed
And the channel metadata for 'Chat' channel contains updated................passed
]]>
        </system-out>
    </testcase>
    <testcase classname="Objects V2 Channel metadata" name="Remove a channel metadata for id" time="0.017">
        <system-out>
            <![CDATA[Given I have a keyset with Objects V2 enabled...............................passed
Given the id for 'Chat' channel.............................................passed
When I remove the channel metadata..........................................passed
Then I receive a successful response........................................passed
]]>
        </system-out>
    </testcase>
    <testcase classname="Objects V2 Channel metadata" name="Get all channel metadata" time="0.025">
        <system-out>
            <![CDATA[Given I have a keyset with Objects V2 enabled...............................passed
When I get all channel metadata.............................................passed
Then I receive a successful response........................................passed
And the response contains list with 'Chat' and 'Patient' channel metadata...passed
]]>
        </system-out>
    </testcase>
    <testcase classname="Objects V2 Channel metadata" name="Get all channel metadata with custom" time="0.017">
        <system-out>
            <![CDATA[Given I have a keyset with Objects V2 enabled...............................passed
When I get all channel metadata with custom.................................passed
Then I receive a successful response........................................passed
And the response contains list with 'DM' and 'VipChat' channel metadata.....passed
]]>
        </system-out>
    </testcase>
    <testcase classname="Objects V2 Members" name="Get members for a channel" time="0.041">
        <system-out>
            <![CDATA[Given I have a keyset with Objects V2 enabled...............................passed
Given the id for 'Chat' channel.............................................passed
When I get the channel members..............................................passed
Then I receive a successful response........................................passed
And the response contains list with 'AmeliaMember' and 'EvaMember' members..passed
]]>
        </system-out>
    </testcase>
    <testcase classname="Objects V2 Members" name="Get members for VipChat channel with custom and UUID with custom" time="0.024">
        <system-out>
            <![CDATA[Given I have a keyset with Objects V2 enabled...............................passed
Given the id for 'VipChat' channel..........................................passed
When I get the channel members including custom and UUID custom information.passed
Then I receive a successful response........................................passed
And the response contains list with 'OliverMember' and 'PeterMember' members.passed
]]>
        </system-out>
    </testcase>
    <testcase classname="Objects V2 Members" name="Set member for a channel" time="0.03">
        <system-out>
            <![CDATA[Given I have a keyset with Objects V2 enabled...............................passed
Given the data for 'AmeliaMember' member....................................passed
And the id for 'Chat' channel...............................................passed
When I set a channel member.................................................passed
Then I receive a successful response........................................passed
And the response contains list with 'AmeliaMember' member...................passed
]]>
        </system-out>
    </testcase>
    <testcase classname="Objects V2 Members" name="Set member with custom for a channel and UUID with custom" time="0.031">
        <system-out>
            <![CDATA[Given I have a keyset with Objects V2 enabled...............................passed
Given the data for 'PeterMember' member.....................................passed
And the id for 'Chat' channel...............................................passed
When I set a channel member including custom and UUID with custom...........passed
Then I receive a successful response........................................passed
And the response contains list with 'PeterMember' member....................passed
]]>
        </system-out>
    </testcase>
    <testcase classname="Objects V2 Members" name="Remove member for a channel" time="0.024">
        <system-out>
            <![CDATA[Given I have a keyset with Objects V2 enabled...............................passed
Given the id for 'Chat' channel.............................................passed
And the data for 'AmeliaMember' member that we want to remove...............passed
When I remove a channel member..............................................passed
Then I receive a successful response........................................passed
]]>
        </system-out>
    </testcase>
    <testcase classname="Objects V2 Members" name="Manage members for a channel" time="0.032">
        <system-out>
            <![CDATA[Given I have a keyset with Objects V2 enabled...............................passed
Given the data for 'PeterMember' member.....................................passed
And the data for 'AmeliaMember' member that we want to remove...............passed
And the id for 'Chat' channel...............................................passed
When I manage channel members...............................................passed
Then I receive a successful response........................................passed
And the response contains list with 'PeterMember' member....................passed
And the response does not contain list with 'AmeliaMember' member...........passed
]]>
        </system-out>
    </testcase>
    <testcase classname="Objects V2 Memberships" name="Get memberships for UUID" time="0.021">
        <system-out>
            <![CDATA[Given I have a keyset with Objects V2 enabled...............................passed
Given the id for 'Alice' persona............................................passed
When I get the memberships..................................................passed
Then I receive a successful response........................................passed
And the response contains list with 'ChatMembership' and 'PatientMembership' memberships.passed
]]>
        </system-out>
    </testcase>
    <testcase classname="Objects V2 Memberships" name="Get memberships for current user" time="0.019">
        <system-out>
            <![CDATA[Given I have a keyset with Objects V2 enabled...............................passed
Given current user is 'Alice' persona.......................................passed
When I get the memberships for current user.................................passed
Then I receive a successful response........................................passed
And the response contains list with 'ChatMembership' and 'PatientMembership' memberships.passed
]]>
        </system-out>
    </testcase>
    <testcase classname="Objects V2 Memberships" name="Get memberships for UUID with custom and channel custom" time="0.02">
        <system-out>
            <![CDATA[Given I have a keyset with Objects V2 enabled...............................passed
Given the id for 'Bob' persona..............................................passed
When I get the memberships including custom and channel custom information..passed
Then I receive a successful response........................................passed
And the response contains list with 'VipChatMembership' and 'DMMembership' memberships.passed
]]>
        </system-out>
    </testcase>
    <testcase classname="Objects V2 Memberships" name="Set membership" time="0.026">
        <system-out>
            <![CDATA[Given I have a keyset with Objects V2 enabled...............................passed
Given the id for 'Alice' persona............................................passed
And the data for 'ChatMembership' membership................................passed
When I set the membership...................................................passed
Then I receive a successful response........................................passed
And the response contains list with 'ChatMembership' membership.............passed
]]>
        </system-out>
    </testcase>
    <testcase classname="Objects V2 Memberships" name="Set membership for current user" time="0.017">
        <system-out>
            <![CDATA[Given I have a keyset with Objects V2 enabled...............................passed
Given current user is 'Alice' persona.......................................passed
And the data for 'ChatMembership' membership................................passed
When I set the membership for current user..................................passed
Then I receive a successful response........................................passed
And the response contains list with 'ChatMembership' membership.............passed
]]>
        </system-out>
    </testcase>
    <testcase classname="Objects V2 Memberships" name="Remove membership" time="0.017">
        <system-out>
            <![CDATA[Given I have a keyset with Objects V2 enabled...............................passed
Given the id for 'Alice' persona............................................passed
And the data for 'ChatMembership' membership................................passed
When I remove the membership................................................passed
Then I receive a successful response........................................passed
]]>
        </system-out>
    </testcase>
    <testcase classname="Objects V2 Memberships" name="Remove membership for current user" time="0.017">
        <system-out>
            <![CDATA[Given I have a keyset with Objects V2 enabled...............................passed
Given current user is 'Alice' persona.......................................passed
And the data for 'ChatMembership' membership that we want to remove.........passed
When I remove the membership for current user...............................passed
Then I receive a successful response........................................passed
]]>
        </system-out>
    </testcase>
    <testcase classname="Objects V2 Memberships" name="Manage memberships for a UUID" time="0.03">
        <system-out>
            <![CDATA[Given I have a keyset with Objects V2 enabled...............................passed
Given the id for 'Alice' persona............................................passed
And the data for 'ChatMembership' membership................................passed
And the data for 'PatientMembership' membership that we want to remove......passed
When I manage memberships...................................................passed
Then I receive a successful response........................................passed
And the response contains list with 'ChatMembership' membership.............passed
And the response does not contain list with 'PatientMembership' membership..passed
]]>
        </system-out>
    </testcase>
    <testcase classname="Objects V2 UUID metadata" name="Get a UUID metadata for id" time="0.052">
        <system-out>
            <![CDATA[Given I have a keyset with Objects V2 enabled...............................passed
Given the id for 'Alice' persona............................................passed
When I get the UUID metadata................................................passed
Then I receive a successful response........................................passed
And the UUID metadata for 'Alice' persona...................................passed
]]>
        </system-out>
    </testcase>
    <testcase classname="Objects V2 UUID metadata" name="Get a UUID with custom metadata, id stored in config" time="0.089">
        <system-out>
            <![CDATA[Given I have a keyset with Objects V2 enabled...............................passed
Given current user is 'Bob' persona.........................................passed
When I get the UUID metadata with custom for current user...................passed
Then I receive a successful response........................................passed
And the UUID metadata for 'Bob' persona.....................................passed
]]>
        </system-out>
    </testcase>
    <testcase classname="Objects V2 UUID metadata" name="Set a UUID metadata" time="0.019">
        <system-out>
            <![CDATA[Given I have a keyset with Objects V2 enabled...............................passed
Given the data for 'Alice' persona..........................................passed
When I set the UUID metadata................................................passed
Then I receive a successful response........................................passed
And the UUID metadata for 'Alice' persona contains updated..................passed
]]>
        </system-out>
    </testcase>
    <testcase classname="Objects V2 UUID metadata" name="Remove a UUID metadata for id" time="0.019">
        <system-out>
            <![CDATA[Given I have a keyset with Objects V2 enabled...............................passed
Given the id for 'Alice' persona............................................passed
When I remove the UUID metadata.............................................passed
Then I receive a successful response........................................passed
]]>
        </system-out>
    </testcase>
    <testcase classname="Objects V2 UUID metadata" name="Remove a UUID metadata, id stored in config" time="0.013">
        <system-out>
            <![CDATA[Given I have a keyset with Objects V2 enabled...............................passed
Given current user is 'Alice' persona.......................................passed
When I remove the UUID metadata for current user............................passed
Then I receive a successful response........................................passed
]]>
        </system-out>
    </testcase>
    <testcase classname="Objects V2 UUID metadata" name="Get all UUID metadata" time="0.015">
        <system-out>
            <![CDATA[Given I have a keyset with Objects V2 enabled...............................passed
When I get all UUID metadata................................................passed
Then I receive a successful response........................................passed
And the response contains list with 'Alice' and 'James' UUID metadata.......passed
]]>
        </system-out>
    </testcase>
    <testcase classname="Objects V2 UUID metadata" name="Get all UUID metadata with custom" time="0.018">
        <system-out>
            <![CDATA[Given I have a keyset with Objects V2 enabled...............................passed
When I get all UUID metadata with custom....................................passed
Then I receive a successful response........................................passed
And the response contains list with 'Bob' and 'Lisa' UUID metadata..........passed
]]>
        </system-out>
    </testcase>
    <testcase classname="Presence Event Engine" name="Successfully joined a few channels" time="3.159">
        <system-out>
            <![CDATA[Given the demo keyset with Presence EE enabled..............................passed
Given heartbeatInterval set to '1', timeout set to '60' and suppressLeaveEvents set to 'false'.passed
When I join 'first', 'second', 'third' channels.............................passed
Then I wait '3' seconds.....................................................passed
And I observe the following Events and Invocations of the Presence EE:......passed
]]>
        </system-out>
    </testcase>
    <testcase classname="Presence Event Engine" name="Successfully joined a few channels with presence" time="0.172">
        <system-out>
            <![CDATA[Given the demo keyset with Presence EE enabled..............................passed
Given heartbeatInterval set to '1', timeout set to '60' and suppressLeaveEvents set to 'false'.passed
When I join 'first', 'second', 'third' channels with presence...............passed
Then I wait for getting Presence joined events..............................passed
And I observe the following Events and Invocations of the Presence EE:......passed
]]>
        </system-out>
    </testcase>
    <testcase classname="Presence Event Engine" name="Recovery from one unexpected error along the way" time="5.974">
        <failure message="Assertion condition defined as a lambda expression in com.pubnub.contract.presence.eventEngine.step.PresenceEventEngineSteps &#10;Expected: is &lt;[(event, JOINED), (invocation, HEARTBEAT), (event, HEARTBEAT_FAILURE), (invocation, DELAYED_HEARTBEAT), (event, HEARTBEAT_SUCCESS), (invocation, CANCEL_DELAYED_HEARTBEAT), (invocation, WAIT)]&gt;&#10;     but: was &lt;[(event, JOINED), (invocation, HEARTBEAT), (event, HEARTBEAT_FAILURE), (invocation, DELAYED_HEARTBEAT), (event, HEARTBEAT_FAILURE), (invocation, CANCEL_DELAYED_HEARTBEAT), (invocation, DELAYED_HEARTBEAT), (event, HEARTBEAT_FAILURE), (invocation, CANCEL_DELAYED_HEARTBEAT), (invocation, DELAYED_HEARTBEAT), (event, HEARTBEAT_FAILURE), (invocation, CANCEL_DELAYED_HEARTBEAT), (invocation, DELAYED_HEARTBEAT), (event, HEARTBEAT_GIVEUP), (invocation, CANCEL_DELAYED_HEARTBEAT)]&gt; within 5 seconds." type="org.awaitility.core.ConditionTimeoutException">
            <![CDATA[Given the demo keyset with Presence EE enabled..............................passed
Given heartbeatInterval set to '1', timeout set to '60' and suppressLeaveEvents set to 'false'.passed
Given a linear reconnection policy with 3 retries...........................passed
When I join 'first', 'second', 'third' channels with presence...............passed
Then I wait for getting Presence joined events..............................passed
And I observe the following Events and Invocations of the Presence EE:......failed

StackTrace:
org.awaitility.core.ConditionTimeoutException: Assertion condition defined as a lambda expression in com.pubnub.contract.presence.eventEngine.step.PresenceEventEngineSteps 
Expected: is <[(event, JOINED), (invocation, HEARTBEAT), (event, HEARTBEAT_FAILURE), (invocation, DELAYED_HEARTBEAT), (event, HEARTBEAT_SUCCESS), (invocation, CANCEL_DELAYED_HEARTBEAT), (invocation, WAIT)]>
     but: was <[(event, JOINED), (invocation, HEARTBEAT), (event, HEARTBEAT_FAILURE), (invocation, DELAYED_HEARTBEAT), (event, HEARTBEAT_FAILURE), (invocation, CANCEL_DELAYED_HEARTBEAT), (invocation, DELAYED_HEARTBEAT), (event, HEARTBEAT_FAILURE), (invocation, CANCEL_DELAYED_HEARTBEAT), (invocation, DELAYED_HEARTBEAT), (event, HEARTBEAT_FAILURE), (invocation, CANCEL_DELAYED_HEARTBEAT), (invocation, DELAYED_HEARTBEAT), (event, HEARTBEAT_GIVEUP), (invocation, CANCEL_DELAYED_HEARTBEAT)]> within 5 seconds.
	at org.awaitility.core.ConditionAwaiter.await(ConditionAwaiter.java:165)
	at org.awaitility.core.AssertionCondition.await(AssertionCondition.java:119)
	at org.awaitility.core.AssertionCondition.await(AssertionCondition.java:31)
	at org.awaitility.core.ConditionFactory.until(ConditionFactory.java:895)
	at org.awaitility.core.ConditionFactory.untilAsserted(ConditionFactory.java:679)
	at com.pubnub.contract.presence.eventEngine.step.PresenceEventEngineSteps.i_observe_the_following(PresenceEventEngineSteps.kt:89)
	at .I observe the following Events and Invocations of the Presence EE:(file:///home/runner/work/kotlin/kotlin/sdk-specifications/features/presence/event-engine/presence-engine.feature:46)
Caused by: java.lang.AssertionError: 
Expected: is <[(event, JOINED), (invocation, HEARTBEAT), (event, HEARTBEAT_FAILURE), (invocation, DELAYED_HEARTBEAT), (event, HEARTBEAT_SUCCESS), (invocation, CANCEL_DELAYED_HEARTBEAT), (invocation, WAIT)]>
     but: was <[(event, JOINED), (invocation, HEARTBEAT), (event, HEARTBEAT_FAILURE), (invocation, DELAYED_HEARTBEAT), (event, HEARTBEAT_FAILURE), (invocation, CANCEL_DELAYED_HEARTBEAT), (invocation, DELAYED_HEARTBEAT), (event, HEARTBEAT_FAILURE), (invocation, CANCEL_DELAYED_HEARTBEAT), (invocation, DELAYED_HEARTBEAT), (event, HEARTBEAT_FAILURE), (invocation, CANCEL_DELAYED_HEARTBEAT), (invocation, DELAYED_HEARTBEAT), (event, HEARTBEAT_GIVEUP), (invocation, CANCEL_DELAYED_HEARTBEAT)]>
	at org.hamcrest.MatcherAssert.assertThat(MatcherAssert.java:20)
	at org.hamcrest.MatcherAssert.assertThat(MatcherAssert.java:8)
	at com.pubnub.contract.presence.eventEngine.step.PresenceEventEngineSteps.i_observe_the_following$lambda$2(PresenceEventEngineSteps.kt:99)
	at org.awaitility.core.AssertionCondition.lambda$new$0(AssertionCondition.java:53)
	at org.awaitility.core.ConditionAwaiter$ConditionPoller.call(ConditionAwaiter.java:222)
	at org.awaitility.core.ConditionAwaiter$ConditionPoller.call(ConditionAwaiter.java:209)
	at java.base/java.util.concurrent.FutureTask.run(FutureTask.java:264)
	at java.base/java.util.concurrent.ThreadPoolExecutor.runWorker(ThreadPoolExecutor.java:1128)
	at java.base/java.util.concurrent.ThreadPoolExecutor$Worker.run(ThreadPoolExecutor.java:628)
	at java.base/java.lang.Thread.run(Thread.java:829)
]]>
        </failure>
    </testcase>
    <testcase classname="Presence Event Engine" name="Complete handshake failure" time="1.937">
        <system-out>
            <![CDATA[Given the demo keyset with Presence EE enabled..............................passed
Given heartbeatInterval set to '1', timeout set to '60' and suppressLeaveEvents set to 'false'.passed
Given a linear reconnection policy with 3 retries...........................passed
When I join 'first', 'second', 'third' channels.............................passed
Then I receive an error in my heartbeat response............................passed
And I observe the following Events and Invocations of the Presence EE:......passed
]]>
        </system-out>
    </testcase>
    <testcase classname="Presence Event Engine" name="Joining and leaving channels" time="3.168">
        <system-out>
            <![CDATA[Given the demo keyset with Presence EE enabled..............................passed
Given heartbeatInterval set to '20', timeout set to '60' and suppressLeaveEvents set to 'false'.passed
When I join 'first', 'second', 'third' channels with presence...............passed
Then I wait for getting Presence joined events..............................passed
Then I leave 'first' and 'second' channels with presence....................passed
Then I wait '3' seconds.....................................................passed
And I observe the following Events and Invocations of the Presence EE:......passed
]]>
        </system-out>
    </testcase>
    <testcase classname="Presence Event Engine" name="Joining a few channels with heartbeat interval set to 0" time="3.008">
        <system-out>
            <![CDATA[Given the demo keyset with Presence EE enabled..............................passed
Given heartbeatInterval set to '0', timeout set to '60' and suppressLeaveEvents set to 'false'.passed
When I join 'first', 'second', 'third' channels.............................passed
Then I don't observe any Events and Invocations of the Presence EE..........passed
]]>
        </system-out>
    </testcase>
    <testcase classname="Presence Event Engine" name="Leaving channels while sending out leave requests is disabled" time="0.163">
        <system-out>
            <![CDATA[Given the demo keyset with Presence EE enabled..............................passed
Given heartbeatInterval set to '1', timeout set to '60' and suppressLeaveEvents set to 'true'.passed
When I join 'first', 'second', 'third' channels with presence...............passed
Then I wait for getting Presence joined events..............................passed
And I leave 'first' and 'second' channels with presence.....................passed
And I observe the following Events and Invocations of the Presence EE:......passed
]]>
        </system-out>
    </testcase>
    <testcase classname="Get presence state" name="Get presence state which has been set on channel using presence/data endpoint" time="0.005">
        <failure message="The scenario has pending or undefined step(s)" type="java.lang.Exception">
            <![CDATA[Given the demo keyset.......................................................undefined
When I fetch presence state for 'test-channel' channel......................skipped
Then I receive successful response..........................................skipped
And response contains state.................................................skipped
]]>
        </failure>
    </testcase>
    <testcase classname="Get presence state" name="Get presence state which has been set on channel using presence/heartbeat endpoint" time="0.005">
        <failure message="The scenario has pending or undefined step(s)" type="java.lang.Exception">
            <![CDATA[Given the demo keyset.......................................................undefined
When I fetch presence state for 'test-channel' channel......................skipped
Then I receive successful response..........................................skipped
And response contains state.................................................skipped
]]>
        </failure>
    </testcase>
    <testcase classname="Signal user presence" name="Heartbeat call for channel without 'state' query parameter when state not set" time="0.005">
        <failure message="The scenario has pending or undefined step(s)" type="java.lang.Exception">
            <![CDATA[Given the demo keyset.......................................................undefined
When I call heartbeat for 'test-channel' channel............................skipped
Then I receive successful response..........................................skipped
]]>
        </failure>
    </testcase>
    <testcase classname="Signal user presence" name="Heartbeat call for channel with 'state' query parameter when state is set with presence/data endpoint" time="0.007">
        <failure message="The scenario has pending or undefined step(s)" type="java.lang.Exception">
            <![CDATA[Given the demo keyset.......................................................undefined
Given presence state set for 'test-channel' channel with withHeartbeat set to 'true'.skipped
When I call heartbeat for 'test-channel' channel............................skipped
Then I receive successful response..........................................skipped
]]>
        </failure>
    </testcase>
    <testcase classname="Signal user presence" name="Heartbeat call for channel with 'state' query parameter when state is set with presence/heartbeat endpoint" time="0.005">
        <failure message="The scenario has pending or undefined step(s)" type="java.lang.Exception">
            <![CDATA[Given the demo keyset.......................................................undefined
Given presence state set for 'test-channel' channel with withHeartbeat set to 'false'.skipped
When I call heartbeat for 'test-channel' channel............................skipped
Then I receive successful response..........................................skipped
]]>
        </failure>
    </testcase>
    <testcase classname="Get channels and groups presence" name="Check active clients on channel without subscribers" time="0.008">
        <failure message="The scenario has pending or undefined step(s)" type="java.lang.Exception">
            <![CDATA[Given the demo keyset.......................................................undefined
When I fetch presence on 'test-channel' channel with presence state.........skipped
Then I receive successful response..........................................skipped
And there is no active clients..............................................skipped
]]>
        </failure>
    </testcase>
    <testcase classname="Get channels and groups presence" name="Check active clients on channel with subscribers" time="0.007">
        <failure message="The scenario has pending or undefined step(s)" type="java.lang.Exception">
            <![CDATA[Given the demo keyset.......................................................undefined
When I fetch presence on 'test-channel' channel with presence state.........skipped
Then I receive successful response..........................................skipped
And there is active clients.................................................skipped
]]>
        </failure>
    </testcase>
    <testcase classname="Get channels and groups presence" name="Check active clients on channel without subscribers and with presence state set with presence/data endpoint" time="0.009">
        <failure message="The scenario has pending or undefined step(s)" type="java.lang.Exception">
            <![CDATA[Given the demo keyset.......................................................undefined
When I fetch presence on 'test-channel' channel with presence state.........skipped
Then I receive successful response..........................................skipped
And there is no active clients..............................................skipped
]]>
        </failure>
    </testcase>
    <testcase classname="Get channels and groups presence" name="Check active clients on channel without subscribers but with presence state set with presence/heartbeat endpoint" time="0.006">
        <failure message="The scenario has pending or undefined step(s)" type="java.lang.Exception">
            <![CDATA[Given the demo keyset.......................................................undefined
When I fetch presence on 'test-channel' channel with presence state.........skipped
Then I receive successful response..........................................skipped
And there is active clients.................................................skipped
And state associated with active clients....................................skipped
]]>
        </failure>
    </testcase>
    <testcase classname="Set presence state" name="Set presence state on channel using presence/data endpoint" time="0.006">
        <failure message="The scenario has pending or undefined step(s)" type="java.lang.Exception">
            <![CDATA[Given the demo keyset.......................................................undefined
When I set state on 'test-channel' channel with withHeartbeat set to 'false'.skipped
Then I receive successful response..........................................skipped
]]>
        </failure>
    </testcase>
    <testcase classname="Set presence state" name="Set presence state on channel using presence/heartbeat endpoint" time="0.014">
        <failure message="The scenario has pending or undefined step(s)" type="java.lang.Exception">
            <![CDATA[Given the demo keyset.......................................................undefined
When I set state on 'test-channel' channel with withHeartbeat set to 'true'.skipped
Then I receive successful response..........................................skipped
]]>
        </failure>
    </testcase>
    <testcase classname="Publish to Space" name="Publish message to space success" time="0.012">
        <failure message="The scenario has pending or undefined step(s)" type="java.lang.Exception">
            <![CDATA[Given the demo keyset.......................................................undefined
When I publish message with 'space-id' space id and 'test_step' type........skipped
Then I receive a successful response........................................skipped
]]>
        </failure>
    </testcase>
    <testcase classname="Publish to Space" name="Publish message to space fails when type is too short" time="0.009">
        <failure message="The scenario has pending or undefined step(s)" type="java.lang.Exception">
            <![CDATA[Given the demo keyset.......................................................undefined
When I publish message with 'test-space' space id and 'ts' type.............skipped
Then I receive an error response............................................skipped
]]>
        </failure>
    </testcase>
    <testcase classname="Publish to Space" name="Publish message to space fails when type is too long" time="0.008">
        <failure message="The scenario has pending or undefined step(s)" type="java.lang.Exception">
            <![CDATA[Given the demo keyset.......................................................undefined
When I publish message with 'test-space' space id and 'this-is-really-long-message-type-to-be-used-with-publish' type.skipped
Then I receive an error response............................................skipped
]]>
        </failure>
    </testcase>
    <testcase classname="Publish to Space" name="Publish message to space fails when space id is too short" time="0.007">
        <failure message="The scenario has pending or undefined step(s)" type="java.lang.Exception">
            <![CDATA[Given the demo keyset.......................................................undefined
When I publish message with 'ts' space id and 'test-step' type..............skipped
Then I receive an error response............................................skipped
]]>
        </failure>
    </testcase>
    <testcase classname="Publish to Space" name="Publish message to space fails when space id is too long" time="0.006">
        <failure message="The scenario has pending or undefined step(s)" type="java.lang.Exception">
            <![CDATA[Given the demo keyset.......................................................undefined
When I publish message with 'this-is-really-long-identifier-for-space-id-to-be-used-with-publish' space id and 'test-step' type.skipped
Then I receive an error response............................................skipped
]]>
        </failure>
    </testcase>
    <testcase classname="Publish to Space" name="Publish message to space fails when space id starts with reserved 'pn-' (hyphen) string" time="0.007">
        <failure message="The scenario has pending or undefined step(s)" type="java.lang.Exception">
            <![CDATA[Given the demo keyset.......................................................undefined
When I publish message with 'pn-test-space' space id and 'test-step' type...skipped
Then I receive an error response............................................skipped
]]>
        </failure>
    </testcase>
    <testcase classname="Publish to Space" name="Publish message to space fails when space id starts with reserved 'pn_' (underscore) string" time="0.008">
        <failure message="The scenario has pending or undefined step(s)" type="java.lang.Exception">
            <![CDATA[Given the demo keyset.......................................................undefined
When I publish message with 'pn_test-space' space id and 'test-step' type...skipped
Then I receive an error response............................................skipped
]]>
        </failure>
    </testcase>
    <testcase classname="Publish to Space" name="Publish message to space fails when space id starts with not allowed '-' (hyphen) character" time="0.007">
        <failure message="The scenario has pending or undefined step(s)" type="java.lang.Exception">
            <![CDATA[Given the demo keyset.......................................................undefined
When I publish message with '-test-space' space id and 'test-step' type.....skipped
Then I receive an error response............................................skipped
]]>
        </failure>
    </testcase>
    <testcase classname="Publish to Space" name="Publish message to space fails when space id starts with not allowed '_' (underscore) character" time="0.006">
        <failure message="The scenario has pending or undefined step(s)" type="java.lang.Exception">
            <![CDATA[Given the demo keyset.......................................................undefined
When I publish message with '_test-space' space id and 'test-step' type.....skipped
Then I receive an error response............................................skipped
]]>
        </failure>
    </testcase>
    <testcase classname="Publish to Space" name="Publish message to space fails when space id contains not allowed characters" time="0.007">
        <failure message="The scenario has pending or undefined step(s)" type="java.lang.Exception">
            <![CDATA[Given the demo keyset.......................................................undefined
When I publish message with 'test@space.com' space id and 'test-step' type..skipped
Then I receive an error response............................................skipped
]]>
        </failure>
    </testcase>
    <testcase classname="Publish to Space" name="Publish message to space fails when type starts with reserved 'pn-' (hyphen) string" time="0.007">
        <failure message="The scenario has pending or undefined step(s)" type="java.lang.Exception">
            <![CDATA[Given the demo keyset.......................................................undefined
When I publish message with 'test-space' space id and 'pn-test-step' type...skipped
Then I receive an error response............................................skipped
]]>
        </failure>
    </testcase>
    <testcase classname="Publish to Space" name="Publish message to space fails when type starts with reserved 'pn_' (underscore) string" time="0.007">
        <failure message="The scenario has pending or undefined step(s)" type="java.lang.Exception">
            <![CDATA[Given the demo keyset.......................................................undefined
When I publish message with 'test-space' space id and 'pn_test-step' type...skipped
Then I receive an error response............................................skipped
]]>
        </failure>
    </testcase>
    <testcase classname="Publish to Space" name="Publish message to space fails when type starts with not allowed '-' (hyphen) character" time="0.008">
        <failure message="The scenario has pending or undefined step(s)" type="java.lang.Exception">
            <![CDATA[Given the demo keyset.......................................................undefined
When I publish message with 'test-space' space id and '-test-step' type.....skipped
Then I receive an error response............................................skipped
]]>
        </failure>
    </testcase>
    <testcase classname="Publish to Space" name="Publish message to space fails when type starts with not allowed '_' (underscore) character" time="0.008">
        <failure message="The scenario has pending or undefined step(s)" type="java.lang.Exception">
            <![CDATA[Given the demo keyset.......................................................undefined
When I publish message with 'test-space' space id and '_test-step' type.....skipped
Then I receive an error response............................................skipped
]]>
        </failure>
    </testcase>
    <testcase classname="Publish to Space" name="Publish message to space fails when type contains not allowed characters" time="0.007">
        <failure message="The scenario has pending or undefined step(s)" type="java.lang.Exception">
            <![CDATA[Given the demo keyset.......................................................undefined
When I publish message with 'test-space' space id and 'test:step' type......skipped
Then I receive an error response............................................skipped
]]>
        </failure>
    </testcase>
    <testcase classname="Publish a message" name="Publish string success" time="0.006">
        <failure message="The scenario has pending or undefined step(s)" type="java.lang.Exception">
            <![CDATA[Given the demo keyset.......................................................undefined
When I publish 'tm+Jp@%X=JJgu!7$gHWpa0ee4S;8DZ=zCc3%' string as message to 'test-channel' channel.skipped
Then I receive successful response..........................................skipped
]]>
        </failure>
    </testcase>
    <testcase classname="Publish a message" name="Publish dictionary with compression success" time="0.008">
        <failure message="The scenario has pending or undefined step(s)" type="java.lang.Exception">
            <![CDATA[Given the demo keyset.......................................................undefined
When I publish '{"pubnub":"message is here"}' dictionary as message to '@Bm4=#%@X*oZ6Df' channel with compression.skipped
Then I receive successful response..........................................skipped
]]>
        </failure>
    </testcase>
    <testcase classname="Publish a message" name="Publish dictionary as POST body success" time="0.006">
        <failure message="The scenario has pending or undefined step(s)" type="java.lang.Exception">
            <![CDATA[Given the demo keyset.......................................................undefined
When I publish '{"pubnub":"message is here"}' dictionary as message to 'test-channel' channel as POST body.skipped
Then I receive successful response..........................................skipped
]]>
        </failure>
    </testcase>
    <testcase classname="Publish a message" name="Publish number success" time="0.006">
        <failure message="The scenario has pending or undefined step(s)" type="java.lang.Exception">
            <![CDATA[Given the demo keyset.......................................................undefined
When I publish '2010' number as message to 'test_channel' channel...........skipped
Then I receive successful response..........................................skipped
]]>
        </failure>
    </testcase>
    <testcase classname="Publish a message" name="Publish array success" time="0.006">
        <failure message="The scenario has pending or undefined step(s)" type="java.lang.Exception">
            <![CDATA[Given the demo keyset.......................................................undefined
When I publish '["pubnub","message is here"]' array as message to 'test-channel' channel.skipped
Then I receive successful response..........................................skipped
]]>
        </failure>
    </testcase>
    <testcase classname="Publish a message" name="Publish dictionary success" time="0.005">
        <failure message="The scenario has pending or undefined step(s)" type="java.lang.Exception">
            <![CDATA[Given the demo keyset.......................................................undefined
When I publish '{"pubnub":"message is here"}' dictionary as message to 'test+channel' channel.skipped
Then I receive successful response..........................................skipped
]]>
        </failure>
    </testcase>
    <testcase classname="Publish a message" name="Publish message with meta success" time="0.007">
        <failure message="The scenario has pending or undefined step(s)" type="java.lang.Exception">
            <![CDATA[Given the demo keyset.......................................................undefined
When I publish 'hello meta' string as message to 'test-channel' channel with 'meta' set to '{"payload":"surprise"}'.skipped
Then I receive successful response..........................................skipped
]]>
        </failure>
    </testcase>
    <testcase classname="Publish a message" name="Publish message with store success" time="0.007">
        <failure message="The scenario has pending or undefined step(s)" type="java.lang.Exception">
            <![CDATA[Given the demo keyset.......................................................undefined
When I publish 'hello store' string as message to 'test-channel' channel with 'store' set to '0'.skipped
Then I receive successful response..........................................skipped
]]>
        </failure>
    </testcase>
    <testcase classname="Publish a message" name="Publish message with ttl success" time="0.006">
        <failure message="The scenario has pending or undefined step(s)" type="java.lang.Exception">
            <![CDATA[Given the demo keyset.......................................................undefined
When I publish 'hello ttl' string as message to 'test channel' channel with 'ttl' set to '123'.skipped
Then I receive successful response..........................................skipped
]]>
        </failure>
    </testcase>
    <testcase classname="Publish a message" name="Publish message fails when message payload is larger than 32 KiB" time="0.006">
        <failure message="The scenario has pending or undefined step(s)" type="java.lang.Exception">
            <![CDATA[Given the demo keyset.......................................................undefined
When I publish too long message to 'test-channel' channel...................skipped
Then I receive an error response............................................skipped
* the error status code is 414..............................................skipped
]]>
        </failure>
    </testcase>
    <testcase classname="Publish a message" name="Publish message with meta fails when meta isn't dictionary" time="0.008">
        <failure message="The scenario has pending or undefined step(s)" type="java.lang.Exception">
            <![CDATA[Given the demo keyset.......................................................undefined
When I publish 'hello meta' string as message to 'test-channel' channel with 'meta' set to 'string-value'.skipped
Then I receive an error response............................................skipped
]]>
        </failure>
    </testcase>
    <testcase classname="Publish a message" name="Publish message with the wrong publish key fail" time="0.007">
        <failure message="The scenario has pending or undefined step(s)" type="java.lang.Exception">
            <![CDATA[Given the wrong publish key.................................................undefined
When I publish '{"pubnub":"message"}' dictionary as message to 'test+channel' channel.skipped
Then I receive an error response............................................skipped
And the error status code is 400............................................skipped
]]>
        </failure>
    </testcase>
    <testcase classname="Publish a message" name="Publish message with the wrong subscribe key fail" time="0.006">
        <failure message="The scenario has pending or undefined step(s)" type="java.lang.Exception">
            <![CDATA[Given the wrong subscribe key...............................................undefined
When I publish '{"pubnub":"message"}' dictionary as message to 'test!channel' channel.skipped
Then I receive an error response............................................skipped
And the error status code is 400............................................skipped
]]>
        </failure>
    </testcase>
    <testcase classname="Send a signal to Space" name="Send a signal to space success" time="0.01">
        <failure message="The scenario has pending or undefined step(s)" type="java.lang.Exception">
            <![CDATA[Given the demo keyset.......................................................undefined
When I send a signal with 'space-id' space id and 'test_message_type' type..skipped
Then I receive a successful response........................................skipped
]]>
        </failure>
    </testcase>
    <testcase classname="Send a signal to Space" name="Send a signal to space fails when type is too short" time="0.006">
        <failure message="The scenario has pending or undefined step(s)" type="java.lang.Exception">
            <![CDATA[Given the demo keyset.......................................................undefined
When I send a signal with 'test-space' space id and 'ts' type...............skipped
Then I receive an error response............................................skipped
]]>
        </failure>
    </testcase>
    <testcase classname="Send a signal to Space" name="Send a signal to space fails when type is too long" time="0.036">
        <failure message="The scenario has pending or undefined step(s)" type="java.lang.Exception">
            <![CDATA[Given the demo keyset.......................................................undefined
When I send a signal with 'test-space' space id and 'this-is-really-long-message-type-to-be-used-with-publish' type.skipped
Then I receive an error response............................................skipped
]]>
        </failure>
    </testcase>
    <testcase classname="Send a signal to Space" name="Send a signal to space fails when space id is too short" time="0.035">
        <failure message="The scenario has pending or undefined step(s)" type="java.lang.Exception">
            <![CDATA[Given the demo keyset.......................................................undefined
When I send a signal with 'ts' space id and 'test_message_type' type........skipped
Then I receive an error response............................................skipped
]]>
        </failure>
    </testcase>
    <testcase classname="Send a signal to Space" name="Send a signal to space fails when space id is too long" time="0.007">
        <failure message="The scenario has pending or undefined step(s)" type="java.lang.Exception">
            <![CDATA[Given the demo keyset.......................................................undefined
When I send a signal with 'this-is-really-long-identifier-for-space-id-to-be-used-with-publish' space id and 'test-step' type.skipped
Then I receive an error response............................................skipped
]]>
        </failure>
    </testcase>
    <testcase classname="Send a signal to Space" name="Send a signal to space fails when space id starts with reserved 'pn-' (hyphen) string" time="0.009">
        <failure message="The scenario has pending or undefined step(s)" type="java.lang.Exception">
            <![CDATA[Given the demo keyset.......................................................undefined
When I send a signal with 'pn-test-space' space id and 'test_message_type' type.skipped
Then I receive an error response............................................skipped
]]>
        </failure>
    </testcase>
    <testcase classname="Send a signal to Space" name="Send a signal to space fails when space id starts with reserved 'pn_' (underscore) string" time="0.008">
        <failure message="The scenario has pending or undefined step(s)" type="java.lang.Exception">
            <![CDATA[Given the demo keyset.......................................................undefined
When I send a signal with 'pn_test-space' space id and 'test_message_type' type.skipped
Then I receive an error response............................................skipped
]]>
        </failure>
    </testcase>
    <testcase classname="Send a signal to Space" name="Send a signal to space fails when space id starts with not allowed '-' (hyphen) character" time="0.006">
        <failure message="The scenario has pending or undefined step(s)" type="java.lang.Exception">
            <![CDATA[Given the demo keyset.......................................................undefined
When I send a signal with '-test-space' space id and 'test_message_type' type.skipped
Then I receive an error response............................................skipped
]]>
        </failure>
    </testcase>
    <testcase classname="Send a signal to Space" name="Send a signal to space fails when space id starts with not allowed '_' (underscore) character" time="0.006">
        <failure message="The scenario has pending or undefined step(s)" type="java.lang.Exception">
            <![CDATA[Given the demo keyset.......................................................undefined
When I send a signal with '_test-space' space id and 'test_message_type' type.skipped
Then I receive an error response............................................skipped
]]>
        </failure>
    </testcase>
    <testcase classname="Send a signal to Space" name="Send a signal to space fails when space id contains not allowed characters" time="0.007">
        <failure message="The scenario has pending or undefined step(s)" type="java.lang.Exception">
            <![CDATA[Given the demo keyset.......................................................undefined
When I send a signal with 'test@space.com' space id and 'test_message_type' type.skipped
Then I receive an error response............................................skipped
]]>
        </failure>
    </testcase>
    <testcase classname="Send a signal to Space" name="Send a signal to space fails when type starts with reserved 'pn-' (hyphen) string" time="0.008">
        <failure message="The scenario has pending or undefined step(s)" type="java.lang.Exception">
            <![CDATA[Given the demo keyset.......................................................undefined
When I send a signal with 'test-space' space id and 'pn-test_message_type' type.skipped
Then I receive an error response............................................skipped
]]>
        </failure>
    </testcase>
    <testcase classname="Send a signal to Space" name="Send a signal to space fails when type starts with reserved 'pn_' (underscore) string" time="0.007">
        <failure message="The scenario has pending or undefined step(s)" type="java.lang.Exception">
            <![CDATA[Given the demo keyset.......................................................undefined
When I send a signal with 'test-space' space id and 'pn_test_message_type' type.skipped
Then I receive an error response............................................skipped
]]>
        </failure>
    </testcase>
    <testcase classname="Send a signal to Space" name="Send a signal to space fails when type starts with not allowed '-' (hyphen) character" time="0.007">
        <failure message="The scenario has pending or undefined step(s)" type="java.lang.Exception">
            <![CDATA[Given the demo keyset.......................................................undefined
When I send a signal with 'test-space' space id and '-test_message_type' type.skipped
Then I receive an error response............................................skipped
]]>
        </failure>
    </testcase>
    <testcase classname="Send a signal to Space" name="Send a signal to space fails when type starts with not allowed '_' (underscore) character" time="0.01">
        <failure message="The scenario has pending or undefined step(s)" type="java.lang.Exception">
            <![CDATA[Given the demo keyset.......................................................undefined
When I send a signal with 'test-space' space id and '_test_message_type' type.skipped
Then I receive an error response............................................skipped
]]>
        </failure>
    </testcase>
    <testcase classname="Send a signal to Space" name="Send a signal to space fails when type contains not allowed characters" time="0.007">
        <failure message="The scenario has pending or undefined step(s)" type="java.lang.Exception">
            <![CDATA[Given the demo keyset.......................................................undefined
When I send a signal with 'test-space' space id and 'test:message_type' type.skipped
Then I receive an error response............................................skipped
]]>
        </failure>
    </testcase>
    <testcase classname="Signal" name="Sending a signal" time="0.005">
        <failure message="The scenario has pending or undefined step(s)" type="java.lang.Exception">
            <![CDATA[Given the demo keyset.......................................................undefined
When I send a signal........................................................skipped
Then I receive successful response..........................................skipped
]]>
        </failure>
    </testcase>
    <testcase classname="Push Notifications" name="Listing push channels for GCM gateway" time="0.007">
        <failure message="The scenario has pending or undefined step(s)" type="java.lang.Exception">
            <![CDATA[Given the demo keyset.......................................................undefined
When I list GCM push channels...............................................skipped
Then I receive successful response..........................................skipped
]]>
        </failure>
    </testcase>
    <testcase classname="Push Notifications" name="Listing push channels for APNS2 without topic" time="0.001">
        <failure message="The scenario has pending or undefined step(s)" type="java.lang.Exception">
            <![CDATA[Given the demo keyset.......................................................undefined
When I list APNS2 push channels.............................................skipped
Then I receive error response...............................................skipped
]]>
        </failure>
    </testcase>
    <testcase classname="Push Notifications" name="Listing push channels for APNS2" time="0.005">
        <failure message="The scenario has pending or undefined step(s)" type="java.lang.Exception">
            <![CDATA[Given the demo keyset.......................................................undefined
When I list APNS2 push channels with topic..................................skipped
Then I receive successful response..........................................skipped
]]>
        </failure>
    </testcase>
    <testcase classname="Push Notifications" name="Adding push channels for GCM" time="0.005">
        <failure message="The scenario has pending or undefined step(s)" type="java.lang.Exception">
            <![CDATA[Given the demo keyset.......................................................undefined
When I add GCM push channels................................................skipped
Then I receive successful response..........................................skipped
]]>
        </failure>
    </testcase>
    <testcase classname="Push Notifications" name="Adding push channels for FCM" time="0.006">
        <failure message="The scenario has pending or undefined step(s)" type="java.lang.Exception">
            <![CDATA[Given the demo keyset.......................................................undefined
When I add FCM push channels................................................skipped
Then I receive successful response..........................................skipped
]]>
        </failure>
    </testcase>
    <testcase classname="Push Notifications" name="Adding push channels for APNS2 without topic" time="0.001">
        <failure message="The scenario has pending or undefined step(s)" type="java.lang.Exception">
            <![CDATA[Given the demo keyset.......................................................undefined
When I add APNS2 push channels..............................................skipped
Then I receive error response...............................................skipped
]]>
        </failure>
    </testcase>
    <testcase classname="Push Notifications" name="Adding push channels for APNS2" time="0.009">
        <failure message="The scenario has pending or undefined step(s)" type="java.lang.Exception">
            <![CDATA[Given the demo keyset.......................................................undefined
When I add APNS2 push channels with topic...................................skipped
Then I receive successful response..........................................skipped
]]>
        </failure>
    </testcase>
    <testcase classname="Push Notifications" name="Removing push channels for GCM" time="0.008">
        <failure message="The scenario has pending or undefined step(s)" type="java.lang.Exception">
            <![CDATA[Given the demo keyset.......................................................undefined
When I remove GCM push channels.............................................skipped
Then I receive successful response..........................................skipped
]]>
        </failure>
    </testcase>
    <testcase classname="Push Notifications" name="Removing push channels for APNS2 without topic" time="0.001">
        <failure message="The scenario has pending or undefined step(s)" type="java.lang.Exception">
            <![CDATA[Given the demo keyset.......................................................undefined
When I remove APNS2 push channels...........................................skipped
Then I receive error response...............................................skipped
]]>
        </failure>
    </testcase>
    <testcase classname="Push Notifications" name="Removing push channels for APNS2" time="0.005">
        <failure message="The scenario has pending or undefined step(s)" type="java.lang.Exception">
            <![CDATA[Given the demo keyset.......................................................undefined
When I remove APNS2 push channels with topic................................skipped
Then I receive successful response..........................................skipped
]]>
        </failure>
    </testcase>
    <testcase classname="Push Notifications" name="Removing device for GCM" time="0.006">
        <failure message="The scenario has pending or undefined step(s)" type="java.lang.Exception">
            <![CDATA[Given the demo keyset.......................................................undefined
When I remove GCM device....................................................skipped
Then I receive successful response..........................................skipped
]]>
        </failure>
    </testcase>
    <testcase classname="Push Notifications" name="Removing device for APNS2 without topic" time="0.001">
        <failure message="The scenario has pending or undefined step(s)" type="java.lang.Exception">
            <![CDATA[Given the demo keyset.......................................................undefined
When I remove APNS2 device..................................................skipped
Then I receive error response...............................................skipped
]]>
        </failure>
    </testcase>
    <testcase classname="Push Notifications" name="Removing device for APNS2" time="0.007">
        <failure message="The scenario has pending or undefined step(s)" type="java.lang.Exception">
            <![CDATA[Given the demo keyset.......................................................undefined
When I remove APNS2 device with topic.......................................skipped
Then I receive successful response..........................................skipped
]]>
        </failure>
    </testcase>
    <testcase classname="Subscribe Loop auto-retry with access denied" name="don't auto-retry without auth key" time="0.007">
        <failure message="The scenario has pending or undefined step(s)" type="java.lang.Exception">
            <![CDATA[Given I have a keyset with access manager enabled...........................passed
Given no auth key...........................................................undefined
When I subscribe............................................................skipped
Then I receive access denied status.........................................skipped
* I don't auto-retry subscribe..............................................skipped
]]>
        </failure>
    </testcase>
    <testcase classname="Subscribe Loop auto-retry with access denied" name="don't auto-retry with invalid PAMv2 auth key" time="0.005">
        <failure message="The scenario has pending or undefined step(s)" type="java.lang.Exception">
            <![CDATA[Given I have a keyset with access manager enabled...........................passed
Given auth key..............................................................undefined
When I subscribe............................................................skipped
Then I receive access denied status.........................................skipped
* I don't auto-retry subscribe..............................................skipped
]]>
        </failure>
    </testcase>
    <testcase classname="Subscribe Loop auto-retry with access denied" name="don't auto-retry with invalid PAMv3 token" time="0.004">
        <failure message="The scenario has pending or undefined step(s)" type="java.lang.Exception">
            <![CDATA[Given I have a keyset with access manager enabled...........................passed
Given token.................................................................undefined
When I subscribe............................................................skipped
Then I receive access denied status.........................................skipped
* I don't auto-retry subscribe..............................................skipped
]]>
        </failure>
    </testcase>
    <testcase classname="Subscribe Loop auto-retry with access denied" name="don't auto-retry with invalid secret key" time="0.004">
        <failure message="The scenario has pending or undefined step(s)" type="java.lang.Exception">
            <![CDATA[Given I have a keyset with access manager enabled...........................passed
Given secret key............................................................undefined
When I subscribe............................................................skipped
Then I receive access denied status.........................................skipped
* I don't auto-retry subscribe..............................................skipped
]]>
        </failure>
    </testcase>
    <testcase classname="Subscribe Loop auto-retry with access denied" name="don't auto-retry with PAMv2 auth key permissions reset after subscribe" time="0.004">
        <failure message="The scenario has pending or undefined step(s)" type="java.lang.Exception">
            <![CDATA[Given I have a keyset with access manager enabled...........................passed
Given auth key..............................................................undefined
When I subscribe............................................................skipped
Then I receive the message in my subscribe response.........................skipped
* I receive access denied status............................................skipped
* I don't auto-retry subscribe..............................................skipped
]]>
        </failure>
    </testcase>
    <testcase classname="Subscribe Loop auto-retry with access denied" name="don't auto-retry with PAMv3 token revoked after subscribe" time="0.007">
        <failure message="The scenario has pending or undefined step(s)" type="java.lang.Exception">
            <![CDATA[Given I have a keyset with access manager enabled...........................passed
Given token.................................................................undefined
When I subscribe............................................................skipped
Then I receive the message in my subscribe response.........................skipped
* I receive access denied status............................................skipped
* I don't auto-retry subscribe..............................................skipped
]]>
        </failure>
    </testcase>
    <testcase classname="Subscribe Loop auto-retry with access denied" name="don't auto-retry with secret key invalidated after subscribe" time="0.006">
        <failure message="The scenario has pending or undefined step(s)" type="java.lang.Exception">
            <![CDATA[Given I have a keyset with access manager enabled...........................passed
Given secret key............................................................undefined
When I subscribe............................................................skipped
Then I receive the message in my subscribe response.........................skipped
* I receive access denied status............................................skipped
* I don't auto-retry subscribe..............................................skipped
]]>
        </failure>
    </testcase>
    <testcase classname="Subscribe Loop" name="subscribe and recieve a published message" time="0.004">
        <failure message="The scenario has pending or undefined step(s)" type="java.lang.Exception">
            <![CDATA[Given the demo keyset.......................................................undefined
When I subscribe............................................................skipped
Then I receive the message in my subscribe response.........................skipped
]]>
        </failure>
    </testcase>
    <testcase classname="Event Engine" name="Successfully receive messages" time="0.111">
        <system-out>
            <![CDATA[Given the demo keyset with event engine enabled.............................passed
When I subscribe............................................................passed
Then I receive the message in my subscribe response.........................passed
And I observe the following:................................................passed
]]>
        </system-out>
    </testcase>
    <testcase classname="Event Engine" name="Successfully restore subscribe" time="0.111">
        <system-out>
            <![CDATA[Given the demo keyset with event engine enabled.............................passed
When I subscribe with timetoken 42..........................................passed
Then I receive the message in my subscribe response.........................passed
And I observe the following:................................................passed
]]>
        </system-out>
    </testcase>
    <testcase classname="Event Engine" name="Successfully restore subscribe with failures" time="0.765">
        <system-out>
            <![CDATA[Given the demo keyset with event engine enabled.............................passed
Given a linear reconnection policy with 3 retries...........................passed
When I subscribe with timetoken 42..........................................passed
Then I receive the message in my subscribe response.........................passed
And I observe the following:................................................passed
]]>
        </system-out>
    </testcase>
    <testcase classname="Event Engine" name="Complete handshake failure" time="2.02">
        <failure message="Assertion condition defined as a lambda expression in com.pubnub.contract.subscribe.eventEngine.step.EventEngineSteps &#10;Expected: (a collection containing &lt;true&gt;)&#10;     but: a collection containing &lt;true&gt;  within 2 seconds." type="org.awaitility.core.ConditionTimeoutException">
            <![CDATA[Given the demo keyset with event engine enabled.............................passed
Given a linear reconnection policy with 3 retries...........................passed
When I subscribe............................................................passed
Then I receive an error in my subscribe response............................failed
And I observe the following:................................................skipped

StackTrace:
org.awaitility.core.ConditionTimeoutException: Assertion condition defined as a lambda expression in com.pubnub.contract.subscribe.eventEngine.step.EventEngineSteps 
Expected: (a collection containing <true>)
     but: a collection containing <true>  within 2 seconds.
	at org.awaitility.core.ConditionAwaiter.await(ConditionAwaiter.java:165)
	at org.awaitility.core.AssertionCondition.await(AssertionCondition.java:119)
	at org.awaitility.core.AssertionCondition.await(AssertionCondition.java:31)
	at org.awaitility.core.ConditionFactory.until(ConditionFactory.java:895)
	at org.awaitility.core.ConditionFactory.untilAsserted(ConditionFactory.java:679)
	at com.pubnub.contract.subscribe.eventEngine.step.EventEngineSteps.i_receive_an_error_in_my_subscribe_response(EventEngineSteps.kt:126)
	at .I receive an error in my subscribe response(file:///home/runner/work/kotlin/kotlin/sdk-specifications/features/subscribe/event-engine/happy-path.feature:67)
Caused by: java.lang.AssertionError: 
Expected: (a collection containing <true>)
     but: a collection containing <true> 
	at org.hamcrest.MatcherAssert.assertThat(MatcherAssert.java:20)
	at org.hamcrest.MatcherAssert.assertThat(MatcherAssert.java:8)
	at com.pubnub.contract.subscribe.eventEngine.step.EventEngineSteps.i_receive_an_error_in_my_subscribe_response$lambda$5(EventEngineSteps.kt:127)
	at org.awaitility.core.AssertionCondition.lambda$new$0(AssertionCondition.java:53)
	at org.awaitility.core.ConditionAwaiter$ConditionPoller.call(ConditionAwaiter.java:222)
	at org.awaitility.core.ConditionAwaiter$ConditionPoller.call(ConditionAwaiter.java:209)
	at java.base/java.util.concurrent.FutureTask.run(FutureTask.java:264)
	at java.base/java.util.concurrent.ThreadPoolExecutor.runWorker(ThreadPoolExecutor.java:1128)
	at java.base/java.util.concurrent.ThreadPoolExecutor$Worker.run(ThreadPoolExecutor.java:628)
	at java.base/java.lang.Thread.run(Thread.java:829)
]]>
        </failure>
    </testcase>
    <testcase classname="Event Engine" name="Handshake failure recovery" time="1.066">
        <failure message="Assertion condition defined as a lambda expression in com.pubnub.contract.subscribe.eventEngine.step.EventEngineSteps that uses io.cucumber.datatable.DataTable, io.cucumber.datatable.DataTablecom.pubnub.contract.subscribe.eventEngine.step.EventEngineSteps &#10;Expected: is &lt;[(event, SUBSCRIPTION_CHANGED), (invocation, HANDSHAKE), (event, HANDSHAKE_FAILURE), (invocation, CANCEL_HANDSHAKE), (invocation, HANDSHAKE_RECONNECT), (event, HANDSHAKE_RECONNECT_FAILURE), (invocation, CANCEL_HANDSHAKE_RECONNECT), (invocation, HANDSHAKE_RECONNECT), (event, HANDSHAKE_RECONNECT_SUCCESS), (invocation, CANCEL_HANDSHAKE_RECONNECT), (invocation, EMIT_STATUS), (invocation, RECEIVE_MESSAGES), (event, RECEIVE_SUCCESS), (invocation, CANCEL_RECEIVE_MESSAGES), (invocation, EMIT_MESSAGES), (invocation, RECEIVE_MESSAGES)]&gt;&#10;     but: was &lt;[(event, SUBSCRIPTION_CHANGED), (invocation, HANDSHAKE), (event, HANDSHAKE_FAILURE), (invocation, CANCEL_HANDSHAKE), (invocation, HANDSHAKE_RECONNECT), (event, HANDSHAKE_RECONNECT_SUCCESS), (invocation, CANCEL_HANDSHAKE_RECONNECT), (invocation, EMIT_STATUS), (invocation, RECEIVE_MESSAGES), (event, RECEIVE_SUCCESS), (invocation, CANCEL_RECEIVE_MESSAGES), (invocation, EMIT_MESSAGES), (invocation, RECEIVE_MESSAGES)]&gt; within 500 milliseconds." type="org.awaitility.core.ConditionTimeoutException">
            <![CDATA[Given the demo keyset with event engine enabled.............................passed
Given a linear reconnection policy with 3 retries...........................passed
When I subscribe............................................................passed
Then I receive the message in my subscribe response.........................passed
And I observe the following:................................................failed

StackTrace:
org.awaitility.core.ConditionTimeoutException: Assertion condition defined as a lambda expression in com.pubnub.contract.subscribe.eventEngine.step.EventEngineSteps that uses io.cucumber.datatable.DataTable, io.cucumber.datatable.DataTablecom.pubnub.contract.subscribe.eventEngine.step.EventEngineSteps 
Expected: is <[(event, SUBSCRIPTION_CHANGED), (invocation, HANDSHAKE), (event, HANDSHAKE_FAILURE), (invocation, CANCEL_HANDSHAKE), (invocation, HANDSHAKE_RECONNECT), (event, HANDSHAKE_RECONNECT_FAILURE), (invocation, CANCEL_HANDSHAKE_RECONNECT), (invocation, HANDSHAKE_RECONNECT), (event, HANDSHAKE_RECONNECT_SUCCESS), (invocation, CANCEL_HANDSHAKE_RECONNECT), (invocation, EMIT_STATUS), (invocation, RECEIVE_MESSAGES), (event, RECEIVE_SUCCESS), (invocation, CANCEL_RECEIVE_MESSAGES), (invocation, EMIT_MESSAGES), (invocation, RECEIVE_MESSAGES)]>
     but: was <[(event, SUBSCRIPTION_CHANGED), (invocation, HANDSHAKE), (event, HANDSHAKE_FAILURE), (invocation, CANCEL_HANDSHAKE), (invocation, HANDSHAKE_RECONNECT), (event, HANDSHAKE_RECONNECT_SUCCESS), (invocation, CANCEL_HANDSHAKE_RECONNECT), (invocation, EMIT_STATUS), (invocation, RECEIVE_MESSAGES), (event, RECEIVE_SUCCESS), (invocation, CANCEL_RECEIVE_MESSAGES), (invocation, EMIT_MESSAGES), (invocation, RECEIVE_MESSAGES)]> within 500 milliseconds.
	at org.awaitility.core.ConditionAwaiter.await(ConditionAwaiter.java:165)
	at org.awaitility.core.AssertionCondition.await(AssertionCondition.java:119)
	at org.awaitility.core.AssertionCondition.await(AssertionCondition.java:31)
	at org.awaitility.core.ConditionFactory.until(ConditionFactory.java:895)
	at org.awaitility.core.ConditionFactory.untilAsserted(ConditionFactory.java:679)
	at com.pubnub.contract.subscribe.eventEngine.step.EventEngineSteps.i_observe_the_following(EventEngineSteps.kt:118)
	at .I observe the following:(file:///home/runner/work/kotlin/kotlin/sdk-specifications/features/subscribe/event-engine/happy-path.feature:93)
Caused by: java.lang.AssertionError: 
Expected: is <[(event, SUBSCRIPTION_CHANGED), (invocation, HANDSHAKE), (event, HANDSHAKE_FAILURE), (invocation, CANCEL_HANDSHAKE), (invocation, HANDSHAKE_RECONNECT), (event, HANDSHAKE_RECONNECT_FAILURE), (invocation, CANCEL_HANDSHAKE_RECONNECT), (invocation, HANDSHAKE_RECONNECT), (event, HANDSHAKE_RECONNECT_SUCCESS), (invocation, CANCEL_HANDSHAKE_RECONNECT), (invocation, EMIT_STATUS), (invocation, RECEIVE_MESSAGES), (event, RECEIVE_SUCCESS), (invocation, CANCEL_RECEIVE_MESSAGES), (invocation, EMIT_MESSAGES), (invocation, RECEIVE_MESSAGES)]>
     but: was <[(event, SUBSCRIPTION_CHANGED), (invocation, HANDSHAKE), (event, HANDSHAKE_FAILURE), (invocation, CANCEL_HANDSHAKE), (invocation, HANDSHAKE_RECONNECT), (event, HANDSHAKE_RECONNECT_SUCCESS), (invocation, CANCEL_HANDSHAKE_RECONNECT), (invocation, EMIT_STATUS), (invocation, RECEIVE_MESSAGES), (event, RECEIVE_SUCCESS), (invocation, CANCEL_RECEIVE_MESSAGES), (invocation, EMIT_MESSAGES), (invocation, RECEIVE_MESSAGES)]>
	at org.hamcrest.MatcherAssert.assertThat(MatcherAssert.java:20)
	at org.hamcrest.MatcherAssert.assertThat(MatcherAssert.java:8)
	at com.pubnub.contract.subscribe.eventEngine.step.EventEngineSteps.i_observe_the_following$lambda$3(EventEngineSteps.kt:120)
	at org.awaitility.core.AssertionCondition.lambda$new$0(AssertionCondition.java:53)
	at org.awaitility.core.ConditionAwaiter$ConditionPoller.call(ConditionAwaiter.java:222)
	at org.awaitility.core.ConditionAwaiter$ConditionPoller.call(ConditionAwaiter.java:209)
	at java.base/java.util.concurrent.FutureTask.run(FutureTask.java:264)
	at java.base/java.util.concurrent.ThreadPoolExecutor.runWorker(ThreadPoolExecutor.java:1128)
	at java.base/java.util.concurrent.ThreadPoolExecutor$Worker.run(ThreadPoolExecutor.java:628)
	at java.base/java.lang.Thread.run(Thread.java:829)
]]>
        </failure>
    </testcase>
    <testcase classname="Event Engine" name="Receiving failure recovery" time="0.362">
        <system-out>
            <![CDATA[Given the demo keyset with event engine enabled.............................passed
Given a linear reconnection policy with 3 retries...........................passed
When I subscribe............................................................passed
Then I receive the message in my subscribe response.........................passed
And I observe the following:................................................passed
]]>
        </system-out>
    </testcase>
    <testcase classname="Subscribe for VSP" name="Client can subscribe and receive messages with types" time="0.004">
        <failure message="The scenario has pending or undefined step(s)" type="java.lang.Exception">
            <![CDATA[Given the demo keyset.......................................................undefined
When I subscribe to 'vsp-channel' channel...................................skipped
Then I receive 2 messages in my subscribe response..........................skipped
And response contains messages with 'custom-message' and 'vc-message' types.skipped
And response contains messages with space ids...............................skipped
]]>
        </failure>
    </testcase>
    <testcase classname="Time" name="Getting PubNub time" time="0.005">
        <failure message="The scenario has pending or undefined step(s)" type="java.lang.Exception">
            <![CDATA[When I request current time.................................................undefined
Then I receive successful response..........................................skipped
]]>
        </failure>
    </testcase>
</testsuite>
