<?xml version="1.0" encoding="utf-8"?>
<TestRun id="684c1e6d-07fd-4cae-a367-bfdddb73fc95" name="runneradmin@fv-az1565-343 2024-01-17 07:59:01" runUser="fv-az1565-343\runneradmin" xmlns="http://microsoft.com/schemas/VisualStudio/TeamTest/2010">
  <Times creation="2024-01-17T07:59:01.6169657+00:00" queuing="2024-01-17T07:59:01.6169658+00:00" start="2024-01-17T07:59:00.2376164+00:00" finish="2024-01-17T07:59:02.8736318+00:00" />
  <TestSettings name="default" id="b6d363fc-2790-4cd9-89de-382745ef363e">
    <Deployment runDeploymentRoot="runneradmin_fv-az1565-343_2024-01-17_07_59_01" />
  </TestSettings>
  <Results>
    <UnitTestResult executionId="0475f435-3008-4f3d-b05b-b42196cd2116" testId="0c1a37b6-b16e-3d65-7b38-756d59a051b1" testName="GetAllChannelMetadata" computerName="fv-az1565-343" duration="00:00:00.0215680" startTime="2024-01-17T07:59:02.0640700+00:00" endTime="2024-01-17T07:59:02.0856384+00:00" testType="13cdc9d9-ddb5-4fa4-a97d-d965ccfc6d4b" outcome="Passed" testListId="8c84fa94-04c1-424b-9868-57a2d4851a1d" relativeResultsDirectory="0475f435-3008-4f3d-b05b-b42196cd2116">
      <Output>
        <StdOut>Given I have a keyset with Objects V2 enabled&#xD;
-&gt; done: FeatureObjectsV2MetadataSteps.GivenIHaveAKeysetWithObjectsVEnabled(2) (0.0s)&#xD;
When I get all channel metadata&#xD;
-&gt; done: FeatureObjectsV2MetadataSteps.WhenIGetAllChannelMetadata() (0.0s)&#xD;
Then I receive a successful response&#xD;
-&gt; done: FeatureObjectsV2MetadataSteps.ThenIReceiveASuccessfulResponse() (0.0s)&#xD;
And the response contains list with 'Chat' and 'Patient' channel metadata&#xD;
-&gt; done: FeatureObjectsV2MetadataSteps.ThenTheResponseContainsListWithAndChannelMetadata("Chat", "Patient") (0.0s)</StdOut>
      </Output>
    </UnitTestResult>
    <UnitTestResult executionId="0868fe90-9a46-4ad6-9b77-2f6f1875c214" testId="8a1c2bbd-f61b-135c-270f-157e7106103a" testName="GetAChannelWithCustomMetadata" computerName="fv-az1565-343" duration="00:00:00.0183450" startTime="2024-01-17T07:59:02.0455836+00:00" endTime="2024-01-17T07:59:02.0639290+00:00" testType="13cdc9d9-ddb5-4fa4-a97d-d965ccfc6d4b" outcome="Passed" testListId="8c84fa94-04c1-424b-9868-57a2d4851a1d" relativeResultsDirectory="0868fe90-9a46-4ad6-9b77-2f6f1875c214">
      <Output>
        <StdOut>Given I have a keyset with Objects V2 enabled&#xD;
-&gt; done: FeatureObjectsV2MetadataSteps.GivenIHaveAKeysetWithObjectsVEnabled(2) (0.0s)&#xD;
Given the id for 'DM' channel&#xD;
-&gt; done: FeatureObjectsV2MetadataSteps.GivenTheIdForChannel("DM") (0.0s)&#xD;
When I get the channel metadata with custom&#xD;
-&gt; done: FeatureObjectsV2MetadataSteps.WhenIGetTheChannelMetadataWithCustom() (0.0s)&#xD;
Then I receive a successful response&#xD;
-&gt; done: FeatureObjectsV2MetadataSteps.ThenIReceiveASuccessfulResponse() (0.0s)&#xD;
And the channel metadata for 'DM' channel&#xD;
-&gt; done: FeatureObjectsV2MetadataSteps.ThenTheChannelMetadataForChannel("DM") (0.0s)</StdOut>
      </Output>
    </UnitTestResult>
    <UnitTestResult executionId="efc6af69-16ea-4120-950a-b5cce7a08ae3" testId="3b96f760-7a4a-da94-3ca5-8f27e0604482" testName="CryptorIsAbleToProcessSampleFilesAsStream(&quot;legacy&quot;,&quot;pubnubenigma&quot;,&quot;random&quot;,&quot;file-legacy-riv.jpg&quot;,&quot;file.jpg&quot;,null)" computerName="fv-az1565-343" duration="00:00:00.0083719" startTime="2024-01-17T07:59:01.5851102+00:00" endTime="2024-01-17T07:59:01.5934819+00:00" testType="13cdc9d9-ddb5-4fa4-a97d-d965ccfc6d4b" outcome="Passed" testListId="8c84fa94-04c1-424b-9868-57a2d4851a1d" relativeResultsDirectory="efc6af69-16ea-4120-950a-b5cce7a08ae3">
      <Output>
        <StdOut>Given Crypto module with 'legacy' cryptor&#xD;
-&gt; done: CryptoModuleSteps.GivenCryptoModuleWithCryptor("legacy") (0.0s)&#xD;
* with 'pubnubenigma' cipher key&#xD;
-&gt; done: CryptoModuleSteps.GivenWithCipherKey("pubnubenigma") (0.0s)&#xD;
* with 'random' vector&#xD;
-&gt; done: CryptoModuleSteps.GivenWithVector("random") (0.0s)&#xD;
When I decrypt 'file-legacy-riv.jpg' file as 'stream'&#xD;
-&gt; done: CryptoModuleSteps.WhenIDecryptFileAs("file-legacy-riv.jpg", "stream") (0.0s)&#xD;
Then Decrypted file content equal to the 'file.jpg' file content&#xD;
-&gt; done: CryptoModuleSteps.ThenDecryptedFileContentEqualToTheFileContent("file.jpg") (0.0s)</StdOut>
      </Output>
    </UnitTestResult>
    <UnitTestResult executionId="0a15b665-2c6c-46c2-951c-e8da3900e120" testId="446be40b-3f39-dc72-f797-9a3aa2aac484" testName="AttemptToGrantAnAccessTokenWithAllPermissionsEmptyOrFalseAndExpectAServerError" computerName="fv-az1565-343" duration="00:00:00.0182040" startTime="2024-01-17T07:59:01.7825275+00:00" endTime="2024-01-17T07:59:01.8007311+00:00" testType="13cdc9d9-ddb5-4fa4-a97d-d965ccfc6d4b" outcome="Passed" testListId="8c84fa94-04c1-424b-9868-57a2d4851a1d" relativeResultsDirectory="0a15b665-2c6c-46c2-951c-e8da3900e120">
      <Output>
        <StdOut>Given I have a keyset with access manager enabled&#xD;
-&gt; done: FeatureAccessSteps.GivenIHaveAKeysetWithAccessManagerEnabled() (0.0s)&#xD;
Given the TTL 60&#xD;
-&gt; done: FeatureAccessSteps.GivenTheTTL(60) (0.0s)&#xD;
Given the 'uuid-1' UUID resource access permissions&#xD;
-&gt; done: FeatureAccessSteps.GivenTheUUIDResourceAccessPermissions("uuid-1") (0.0s)&#xD;
* deny resource permission GET&#xD;
-&gt; done: FeatureAccessSteps.GivenDenyResourcePermissionGET() (0.0s)&#xD;
When I attempt to grant a token specifying those permissions&#xD;
-&gt; done: FeatureAccessSteps.WhenIAttemptToGrantATokenSpecifyingThosePermissions() (0.0s)&#xD;
Then an error is returned&#xD;
-&gt; done: FeatureAccessSteps.ThenAnErrorIsReturned() (0.0s)&#xD;
* the error status code is 400&#xD;
-&gt; done: FeatureAccessSteps.ThenTheErrorStatusCodeIs(400) (0.0s)&#xD;
* the error message is 'Invalid permissions'&#xD;
-&gt; done: FeatureAccessSteps.ThenTheErrorMessageIs("Invalid permissions") (0.0s)&#xD;
* the error source is 'grant'&#xD;
-&gt; done: FeatureAccessSteps.ThenTheErrorSourceIs("grant") (0.0s)&#xD;
* the error detail message is 'Unexpected value: `permissions.resources.uuids.uuid-1` must be positive and non-zero.'&#xD;
-&gt; done: FeatureAccessSteps.ThenTheErrorDetailMessageIs("Unexpected value:...") (0.0s)&#xD;
* the error detail location is 'permissions.resources.uuids.uuid-1'&#xD;
-&gt; done: FeatureAccessSteps.ThenTheErrorDetailLocationIs("permissions.resou...") (0.0s)&#xD;
* the error detail location type is 'body'&#xD;
-&gt; done: FeatureAccessSteps.ThenTheErrorDetailLocationTypeIs("body") (0.0s)</StdOut>
      </Output>
    </UnitTestResult>
    <UnitTestResult executionId="5a8e9a48-e53f-4173-905f-9e9ded2289d2" testId="71353074-59f3-561d-2fde-c864cf9dfcb6" testName="CryptorIsAbleToProcessSampleFilesAsBinary(&quot;acrh&quot;,&quot;pubnubenigma&quot;,&quot;-&quot;,&quot;file-cryptor-v1-acrh.jpg&quot;,&quot;file.jpg&quot;,null)" computerName="fv-az1565-343" duration="00:00:00.0127510" startTime="2024-01-17T07:59:01.5567442+00:00" endTime="2024-01-17T07:59:01.5694954+00:00" testType="13cdc9d9-ddb5-4fa4-a97d-d965ccfc6d4b" outcome="Passed" testListId="8c84fa94-04c1-424b-9868-57a2d4851a1d" relativeResultsDirectory="5a8e9a48-e53f-4173-905f-9e9ded2289d2">
      <Output>
        <StdOut>Given Crypto module with 'acrh' cryptor&#xD;
-&gt; done: CryptoModuleSteps.GivenCryptoModuleWithCryptor("acrh") (0.0s)&#xD;
* with 'pubnubenigma' cipher key&#xD;
-&gt; done: CryptoModuleSteps.GivenWithCipherKey("pubnubenigma") (0.0s)&#xD;
* with '-' vector&#xD;
-&gt; done: CryptoModuleSteps.GivenWithVector("-") (0.0s)&#xD;
When I decrypt 'file-cryptor-v1-acrh.jpg' file as 'binary'&#xD;
-&gt; done: CryptoModuleSteps.WhenIDecryptFileAs("file-cryptor-v1-a...", "binary") (0.0s)&#xD;
Then Decrypted file content equal to the 'file.jpg' file content&#xD;
-&gt; done: CryptoModuleSteps.ThenDecryptedFileContentEqualToTheFileContent("file.jpg") (0.0s)</StdOut>
      </Output>
    </UnitTestResult>
    <UnitTestResult executionId="2c102651-799e-4bb5-a8ae-1e13df260322" testId="4f543121-4b4c-bb28-bba2-a9b2ac9eaaeb" testName="DataEncryptedWithLegacyAES_CBCCryptorIsDecryptableWithLegacyImplementation(&quot;pubnubenigma&quot;,&quot;random&quot;,&quot;file.txt&quot;,null)" computerName="fv-az1565-343" duration="00:00:00.0027620" startTime="2024-01-17T07:59:01.6260417+00:00" endTime="2024-01-17T07:59:01.6288039+00:00" testType="13cdc9d9-ddb5-4fa4-a97d-d965ccfc6d4b" outcome="Passed" testListId="8c84fa94-04c1-424b-9868-57a2d4851a1d" relativeResultsDirectory="2c102651-799e-4bb5-a8ae-1e13df260322">
      <Output>
        <StdOut>Given Crypto module with 'legacy' cryptor&#xD;
-&gt; done: CryptoModuleSteps.GivenCryptoModuleWithCryptor("legacy") (0.0s)&#xD;
* with 'pubnubenigma' cipher key&#xD;
-&gt; done: CryptoModuleSteps.GivenWithCipherKey("pubnubenigma") (0.0s)&#xD;
* with 'random' vector&#xD;
-&gt; done: CryptoModuleSteps.GivenWithVector("random") (0.0s)&#xD;
Given Legacy code with 'pubnubenigma' cipher key and 'random' vector&#xD;
-&gt; done: CryptoModuleSteps.GivenLegacyCodeWithCipherKeyAndVector("pubnubenigma", "random") (0.0s)&#xD;
When I encrypt 'file.txt' file as 'binary'&#xD;
-&gt; done: CryptoModuleSteps.WhenIEncryptFileAs("file.txt", "binary") (0.0s)&#xD;
Then Successfully decrypt an encrypted file with legacy code&#xD;
-&gt; done: CryptoModuleSteps.ThenSuccessfullyDecryptAnEncryptedFileWithLegacyCode() (0.0s)</StdOut>
      </Output>
    </UnitTestResult>
    <UnitTestResult executionId="5405711e-9bca-4030-b341-cc8dea09195f" testId="046e940e-ed7b-e2be-b9c9-fa82caaefa8a" testName="RemoveMembershipForCurrentUser" computerName="fv-az1565-343" duration="00:00:00.0133540" startTime="2024-01-17T07:59:02.4692276+00:00" endTime="2024-01-17T07:59:02.4825813+00:00" testType="13cdc9d9-ddb5-4fa4-a97d-d965ccfc6d4b" outcome="Passed" testListId="8c84fa94-04c1-424b-9868-57a2d4851a1d" relativeResultsDirectory="5405711e-9bca-4030-b341-cc8dea09195f">
      <Output>
        <StdOut>Given I have a keyset with Objects V2 enabled&#xD;
-&gt; done: FeatureObjectsV2MetadataSteps.GivenIHaveAKeysetWithObjectsVEnabled(2) (0.0s)&#xD;
Given current user is 'Alice' persona&#xD;
-&gt; done: FeatureObjectsV2MetadataSteps.GivenCurrentUserIsPersona("Alice") (0.0s)&#xD;
And the data for 'ChatMembership' membership that we want to remove&#xD;
-&gt; done: FeatureObjectsV2MetadataSteps.GivenTheDataForMembershipThatWeWantToRemove("ChatMembership") (0.0s)&#xD;
When I remove the membership for current user&#xD;
-&gt; done: FeatureObjectsV2MetadataSteps.WhenIRemoveTheMembershipForCurrentUser() (0.0s)&#xD;
Then I receive a successful response&#xD;
-&gt; done: FeatureObjectsV2MetadataSteps.ThenIReceiveASuccessfulResponse() (0.0s)</StdOut>
      </Output>
    </UnitTestResult>
    <UnitTestResult executionId="5b300978-32a2-4715-a9dc-ea38db0065c2" testId="50604149-da7b-7eb8-2563-57d2dd368452" testName="EmptyDataDecryptionShouldFail(&quot;legacy&quot;,&quot;pubnubenigma&quot;,&quot;constant&quot;,&quot;empty-file.txt&quot;,null)" computerName="fv-az1565-343" duration="00:00:00.0022390" startTime="2024-01-17T07:59:01.6318293+00:00" endTime="2024-01-17T07:59:01.6340679+00:00" testType="13cdc9d9-ddb5-4fa4-a97d-d965ccfc6d4b" outcome="Passed" testListId="8c84fa94-04c1-424b-9868-57a2d4851a1d" relativeResultsDirectory="5b300978-32a2-4715-a9dc-ea38db0065c2">
      <Output>
        <StdOut>Given Crypto module with 'legacy' cryptor&#xD;
-&gt; done: CryptoModuleSteps.GivenCryptoModuleWithCryptor("legacy") (0.0s)&#xD;
* with 'pubnubenigma' cipher key&#xD;
-&gt; done: CryptoModuleSteps.GivenWithCipherKey("pubnubenigma") (0.0s)&#xD;
* with 'constant' vector&#xD;
-&gt; done: CryptoModuleSteps.GivenWithVector("constant") (0.0s)&#xD;
When I decrypt 'empty-file.txt' file as 'binary'&#xD;
-&gt; done: CryptoModuleSteps.WhenIDecryptFileAs("empty-file.txt", "binary") (0.0s)&#xD;
Then I receive 'decryption error'&#xD;
-&gt; done: CryptoModuleSteps.ThenIReceive("decryption error") (0.0s)</StdOut>
      </Output>
    </UnitTestResult>
    <UnitTestResult executionId="ee9e2f0a-01de-4ae0-a564-944894f74a47" testId="84e090d8-441a-8861-c4e5-70620525fefd" testName="CryptorIsAbleToProcessSampleFilesAsBinary(&quot;legacy&quot;,&quot;pubnubenigma&quot;,&quot;random&quot;,&quot;file-legacy-riv.jpg&quot;,&quot;file.jpg&quot;,null)" computerName="fv-az1565-343" duration="00:00:00.0057160" startTime="2024-01-17T07:59:01.5462258+00:00" endTime="2024-01-17T07:59:01.5519418+00:00" testType="13cdc9d9-ddb5-4fa4-a97d-d965ccfc6d4b" outcome="Passed" testListId="8c84fa94-04c1-424b-9868-57a2d4851a1d" relativeResultsDirectory="ee9e2f0a-01de-4ae0-a564-944894f74a47">
      <Output>
        <StdOut>Given Crypto module with 'legacy' cryptor&#xD;
-&gt; done: CryptoModuleSteps.GivenCryptoModuleWithCryptor("legacy") (0.0s)&#xD;
* with 'pubnubenigma' cipher key&#xD;
-&gt; done: CryptoModuleSteps.GivenWithCipherKey("pubnubenigma") (0.0s)&#xD;
* with 'random' vector&#xD;
-&gt; done: CryptoModuleSteps.GivenWithVector("random") (0.0s)&#xD;
When I decrypt 'file-legacy-riv.jpg' file as 'binary'&#xD;
-&gt; done: CryptoModuleSteps.WhenIDecryptFileAs("file-legacy-riv.jpg", "binary") (0.0s)&#xD;
Then Decrypted file content equal to the 'file.jpg' file content&#xD;
-&gt; done: CryptoModuleSteps.ThenDecryptedFileContentEqualToTheFileContent("file.jpg") (0.0s)</StdOut>
      </Output>
    </UnitTestResult>
    <UnitTestResult executionId="be957669-ed7c-47a0-bdcc-9998135a7dd6" testId="42ca667a-a020-f899-567b-164563a5f68c" testName="AES_CBCCryptorDataHeaderCanBeProcessed(&quot;pubnubenigma&quot;,&quot;empty-file-cryptor-v1-acrh.txt&quot;,&quot;decryption error&quot;,null)" computerName="fv-az1565-343" duration="00:00:00.0038940" startTime="2024-01-17T07:59:01.4719144+00:00" endTime="2024-01-17T07:59:01.4758089+00:00" testType="13cdc9d9-ddb5-4fa4-a97d-d965ccfc6d4b" outcome="Passed" testListId="8c84fa94-04c1-424b-9868-57a2d4851a1d" relativeResultsDirectory="be957669-ed7c-47a0-bdcc-9998135a7dd6">
      <Output>
        <StdOut>Given Crypto module with 'acrh' cryptor&#xD;
-&gt; done: CryptoModuleSteps.GivenCryptoModuleWithCryptor("acrh") (0.0s)&#xD;
* with 'pubnubenigma' cipher key&#xD;
-&gt; done: CryptoModuleSteps.GivenWithCipherKey("pubnubenigma") (0.0s)&#xD;
When I decrypt 'empty-file-cryptor-v1-acrh.txt' file&#xD;
-&gt; done: CryptoModuleSteps.WhenIDecryptFile("empty-file-crypto...") (0.0s)&#xD;
Then I receive 'decryption error'&#xD;
-&gt; done: CryptoModuleSteps.ThenIReceive("decryption error") (0.0s)</StdOut>
      </Output>
    </UnitTestResult>
    <UnitTestResult executionId="0e352424-b42b-4dc7-80d4-284a287f04bc" testId="6af2fe2f-9fc6-6af1-e346-da11b3a31319" testName="EmptyDataDecryptionShouldFail(&quot;acrh&quot;,&quot;pubnubenigma&quot;,&quot;-&quot;,&quot;empty-file-cryptor-v1-acrh.txt&quot;,null)" computerName="fv-az1565-343" duration="00:00:00.0018230" startTime="2024-01-17T07:59:01.6396147+00:00" endTime="2024-01-17T07:59:01.6414371+00:00" testType="13cdc9d9-ddb5-4fa4-a97d-d965ccfc6d4b" outcome="Passed" testListId="8c84fa94-04c1-424b-9868-57a2d4851a1d" relativeResultsDirectory="0e352424-b42b-4dc7-80d4-284a287f04bc">
      <Output>
        <StdOut>Given Crypto module with 'acrh' cryptor&#xD;
-&gt; done: CryptoModuleSteps.GivenCryptoModuleWithCryptor("acrh") (0.0s)&#xD;
* with 'pubnubenigma' cipher key&#xD;
-&gt; done: CryptoModuleSteps.GivenWithCipherKey("pubnubenigma") (0.0s)&#xD;
* with '-' vector&#xD;
-&gt; done: CryptoModuleSteps.GivenWithVector("-") (0.0s)&#xD;
When I decrypt 'empty-file-cryptor-v1-acrh.txt' file as 'binary'&#xD;
-&gt; done: CryptoModuleSteps.WhenIDecryptFileAs("empty-file-crypto...", "binary") (0.0s)&#xD;
Then I receive 'decryption error'&#xD;
-&gt; done: CryptoModuleSteps.ThenIReceive("decryption error") (0.0s)</StdOut>
      </Output>
    </UnitTestResult>
    <UnitTestResult executionId="3b740ebc-0f65-4bb3-8d5a-bce35c1ee455" testId="e592298e-a7bd-5e8f-cbb1-f5ba33b2dce9" testName="EmptyDataEncryptionShouldFail(&quot;legacy&quot;,&quot;pubnubenigma&quot;,&quot;random&quot;,null)" computerName="fv-az1565-343" duration="00:00:00.0021160" startTime="2024-01-17T07:59:01.6438448+00:00" endTime="2024-01-17T07:59:01.6459608+00:00" testType="13cdc9d9-ddb5-4fa4-a97d-d965ccfc6d4b" outcome="Passed" testListId="8c84fa94-04c1-424b-9868-57a2d4851a1d" relativeResultsDirectory="3b740ebc-0f65-4bb3-8d5a-bce35c1ee455">
      <Output>
        <StdOut>Given Crypto module with 'legacy' cryptor&#xD;
-&gt; done: CryptoModuleSteps.GivenCryptoModuleWithCryptor("legacy") (0.0s)&#xD;
* with 'pubnubenigma' cipher key&#xD;
-&gt; done: CryptoModuleSteps.GivenWithCipherKey("pubnubenigma") (0.0s)&#xD;
* with 'random' vector&#xD;
-&gt; done: CryptoModuleSteps.GivenWithVector("random") (0.0s)&#xD;
When I encrypt 'empty-file.txt' file as 'binary'&#xD;
-&gt; done: CryptoModuleSteps.WhenIEncryptFileAs("empty-file.txt", "binary") (0.0s)&#xD;
Then I receive 'encryption error'&#xD;
-&gt; done: CryptoModuleSteps.ThenIReceive("encryption error") (0.0s)</StdOut>
      </Output>
    </UnitTestResult>
    <UnitTestResult executionId="262e841b-53b0-4e15-b6ec-5071f52920a1" testId="31dac960-539b-5857-5a33-455fe8d5a38f" testName="CryptoModuleCanHandleEncryptedDataFromDifferentCryptors(&quot;acrh&quot;,&quot;legacy&quot;,&quot;pubnubenigma&quot;,&quot;random&quot;,&quot;file-legacy-riv.jpg&quot;,&quot;file.jpg&quot;,null)" computerName="fv-az1565-343" duration="00:00:00.0094980" startTime="2024-01-17T07:59:01.5003403+00:00" endTime="2024-01-17T07:59:01.5098383+00:00" testType="13cdc9d9-ddb5-4fa4-a97d-d965ccfc6d4b" outcome="Passed" testListId="8c84fa94-04c1-424b-9868-57a2d4851a1d" relativeResultsDirectory="262e841b-53b0-4e15-b6ec-5071f52920a1">
      <Output>
        <StdOut>Given Crypto module with default 'acrh' and additional 'legacy' cryptors&#xD;
-&gt; done: CryptoModuleSteps.GivenCryptoModuleWithDefaultAndAdditionalCryptors("acrh", "legacy") (0.0s)&#xD;
* with 'pubnubenigma' cipher key&#xD;
-&gt; done: CryptoModuleSteps.GivenWithCipherKey("pubnubenigma") (0.0s)&#xD;
* with 'random' vector&#xD;
-&gt; done: CryptoModuleSteps.GivenWithVector("random") (0.0s)&#xD;
When I decrypt 'file-legacy-riv.jpg' file as 'binary'&#xD;
-&gt; done: CryptoModuleSteps.WhenIDecryptFileAs("file-legacy-riv.jpg", "binary") (0.0s)&#xD;
Then Decrypted file content equal to the 'file.jpg' file content&#xD;
-&gt; done: CryptoModuleSteps.ThenDecryptedFileContentEqualToTheFileContent("file.jpg") (0.0s)</StdOut>
      </Output>
    </UnitTestResult>
    <UnitTestResult executionId="4b411ba9-f336-4415-97a6-543471df875d" testId="aea0c1c8-e4f2-b00c-e2e5-3958a9100776" testName="ManageMembershipsForAUUID" computerName="fv-az1565-343" duration="00:00:00.0260920" startTime="2024-01-17T07:59:02.4252305+00:00" endTime="2024-01-17T07:59:02.4513229+00:00" testType="13cdc9d9-ddb5-4fa4-a97d-d965ccfc6d4b" outcome="Passed" testListId="8c84fa94-04c1-424b-9868-57a2d4851a1d" relativeResultsDirectory="4b411ba9-f336-4415-97a6-543471df875d">
      <Output>
        <StdOut>Given I have a keyset with Objects V2 enabled&#xD;
-&gt; done: FeatureObjectsV2MetadataSteps.GivenIHaveAKeysetWithObjectsVEnabled(2) (0.0s)&#xD;
Given the id for 'Alice' persona&#xD;
-&gt; done: FeatureObjectsV2MetadataSteps.GivenTheIdForPersona("Alice") (0.0s)&#xD;
And the data for 'ChatMembership' membership&#xD;
-&gt; done: FeatureObjectsV2MetadataSteps.GivenTheDataForMembership("ChatMembership") (0.0s)&#xD;
And the data for 'PatientMembership' membership that we want to remove&#xD;
-&gt; done: FeatureObjectsV2MetadataSteps.GivenTheDataForMembershipThatWeWantToRemove("PatientMembership") (0.0s)&#xD;
When I manage memberships&#xD;
-&gt; done: FeatureObjectsV2MetadataSteps.WhenIManageMemberships() (0.0s)&#xD;
Then I receive a successful response&#xD;
-&gt; done: FeatureObjectsV2MetadataSteps.ThenIReceiveASuccessfulResponse() (0.0s)&#xD;
And the response contains list with 'ChatMembership' membership&#xD;
-&gt; done: FeatureObjectsV2MetadataSteps.ThenTheResponseContainsListWithMembership("ChatMembership") (0.0s)&#xD;
And the response does not contain list with 'PatientMembership' membership&#xD;
-&gt; done: FeatureObjectsV2MetadataSteps.ThenTheResponseDoesNotContainListWithMembership("PatientMembership") (0.0s)</StdOut>
      </Output>
    </UnitTestResult>
    <UnitTestResult executionId="8cb487f8-754d-43c3-bec7-fbdf3253d093" testId="ed5af684-441e-e3d8-3bf2-a26f2fd3f117" testName="SetMemberForAChannel" computerName="fv-az1565-343" duration="00:00:00.0202630" startTime="2024-01-17T07:59:02.2452387+00:00" endTime="2024-01-17T07:59:02.2655015+00:00" testType="13cdc9d9-ddb5-4fa4-a97d-d965ccfc6d4b" outcome="Passed" testListId="8c84fa94-04c1-424b-9868-57a2d4851a1d" relativeResultsDirectory="8cb487f8-754d-43c3-bec7-fbdf3253d093">
      <Output>
        <StdOut>Given I have a keyset with Objects V2 enabled&#xD;
-&gt; done: FeatureObjectsV2MetadataSteps.GivenIHaveAKeysetWithObjectsVEnabled(2) (0.0s)&#xD;
Given the data for 'AmeliaMember' member&#xD;
-&gt; done: FeatureObjectsV2MetadataSteps.GivenTheDataForMember("AmeliaMember") (0.0s)&#xD;
And the id for 'Chat' channel&#xD;
-&gt; done: FeatureObjectsV2MetadataSteps.GivenTheIdForChannel("Chat") (0.0s)&#xD;
When I set a channel member&#xD;
-&gt; done: FeatureObjectsV2MetadataSteps.WhenISetAChannelMember() (0.0s)&#xD;
Then I receive a successful response&#xD;
-&gt; done: FeatureObjectsV2MetadataSteps.ThenIReceiveASuccessfulResponse() (0.0s)&#xD;
And the response contains list with 'AmeliaMember' member&#xD;
-&gt; done: FeatureObjectsV2MetadataSteps.ThenTheResponseContainsListWithMember("AmeliaMember") (0.0s)</StdOut>
      </Output>
    </UnitTestResult>
    <UnitTestResult executionId="e23c8149-437f-4a1c-a29c-0527c8a79992" testId="0153fbb0-e5a5-84d4-df77-b92e47c48a9b" testName="CryptorIsAbleToProcessSampleFilesAsStream(&quot;acrh&quot;,&quot;pubnubenigma&quot;,&quot;-&quot;,&quot;file-cryptor-v1-acrh.txt&quot;,&quot;file.txt&quot;,null)" computerName="fv-az1565-343" duration="00:00:00.0026820" startTime="2024-01-17T07:59:01.6107502+00:00" endTime="2024-01-17T07:59:01.6134321+00:00" testType="13cdc9d9-ddb5-4fa4-a97d-d965ccfc6d4b" outcome="Passed" testListId="8c84fa94-04c1-424b-9868-57a2d4851a1d" relativeResultsDirectory="e23c8149-437f-4a1c-a29c-0527c8a79992">
      <Output>
        <StdOut>Given Crypto module with 'acrh' cryptor&#xD;
-&gt; done: CryptoModuleSteps.GivenCryptoModuleWithCryptor("acrh") (0.0s)&#xD;
* with 'pubnubenigma' cipher key&#xD;
-&gt; done: CryptoModuleSteps.GivenWithCipherKey("pubnubenigma") (0.0s)&#xD;
* with '-' vector&#xD;
-&gt; done: CryptoModuleSteps.GivenWithVector("-") (0.0s)&#xD;
When I decrypt 'file-cryptor-v1-acrh.txt' file as 'stream'&#xD;
-&gt; done: CryptoModuleSteps.WhenIDecryptFileAs("file-cryptor-v1-a...", "stream") (0.0s)&#xD;
Then Decrypted file content equal to the 'file.txt' file content&#xD;
-&gt; done: CryptoModuleSteps.ThenDecryptedFileContentEqualToTheFileContent("file.txt") (0.0s)</StdOut>
      </Output>
    </UnitTestResult>
    <UnitTestResult executionId="cfefef92-2d6b-4476-9e20-2be54ebc6740" testId="1f73b5a1-d21f-1feb-a5dc-31aa30bfbe2c" testName="SetMembershipForCurrentUser" computerName="fv-az1565-343" duration="00:00:00.0177190" startTime="2024-01-17T07:59:02.5005754+00:00" endTime="2024-01-17T07:59:02.5182943+00:00" testType="13cdc9d9-ddb5-4fa4-a97d-d965ccfc6d4b" outcome="Passed" testListId="8c84fa94-04c1-424b-9868-57a2d4851a1d" relativeResultsDirectory="cfefef92-2d6b-4476-9e20-2be54ebc6740">
      <Output>
        <StdOut>Given I have a keyset with Objects V2 enabled&#xD;
-&gt; done: FeatureObjectsV2MetadataSteps.GivenIHaveAKeysetWithObjectsVEnabled(2) (0.0s)&#xD;
Given current user is 'Alice' persona&#xD;
-&gt; done: FeatureObjectsV2MetadataSteps.GivenCurrentUserIsPersona("Alice") (0.0s)&#xD;
And the data for 'ChatMembership' membership&#xD;
-&gt; done: FeatureObjectsV2MetadataSteps.GivenTheDataForMembership("ChatMembership") (0.0s)&#xD;
When I set the membership for current user&#xD;
-&gt; done: FeatureObjectsV2MetadataSteps.WhenISetTheMembershipForCurrentUser() (0.0s)&#xD;
Then I receive a successful response&#xD;
-&gt; done: FeatureObjectsV2MetadataSteps.ThenIReceiveASuccessfulResponse() (0.0s)&#xD;
And the response contains list with 'ChatMembership' membership&#xD;
-&gt; done: FeatureObjectsV2MetadataSteps.ThenTheResponseContainsListWithMembership("ChatMembership") (0.0s)</StdOut>
      </Output>
    </UnitTestResult>
    <UnitTestResult executionId="3cf44e64-f4b4-4e83-abb3-cc9093ce1d91" testId="040fb33d-7655-40ce-1cff-6bcf94c5cc47" testName="CryptorIsAbleToProcessSampleFilesAsBinary(&quot;legacy&quot;,&quot;pubnubenigma&quot;,&quot;constant&quot;,&quot;file-cryptor-legacy-civ.jpg&quot;,&quot;file.jpg&quot;,null)" computerName="fv-az1565-343" duration="00:00:00.0186270" startTime="2024-01-17T07:59:01.5100512+00:00" endTime="2024-01-17T07:59:01.5286778+00:00" testType="13cdc9d9-ddb5-4fa4-a97d-d965ccfc6d4b" outcome="Passed" testListId="8c84fa94-04c1-424b-9868-57a2d4851a1d" relativeResultsDirectory="3cf44e64-f4b4-4e83-abb3-cc9093ce1d91">
      <Output>
        <StdOut>Given Crypto module with 'legacy' cryptor&#xD;
-&gt; done: CryptoModuleSteps.GivenCryptoModuleWithCryptor("legacy") (0.0s)&#xD;
* with 'pubnubenigma' cipher key&#xD;
-&gt; done: CryptoModuleSteps.GivenWithCipherKey("pubnubenigma") (0.0s)&#xD;
* with 'constant' vector&#xD;
-&gt; done: CryptoModuleSteps.GivenWithVector("constant") (0.0s)&#xD;
When I decrypt 'file-cryptor-legacy-civ.jpg' file as 'binary'&#xD;
-&gt; done: CryptoModuleSteps.WhenIDecryptFileAs("file-cryptor-lega...", "binary") (0.0s)&#xD;
Then Decrypted file content equal to the 'file.jpg' file content&#xD;
-&gt; done: CryptoModuleSteps.ThenDecryptedFileContentEqualToTheFileContent("file.jpg") (0.0s)</StdOut>
      </Output>
    </UnitTestResult>
    <UnitTestResult executionId="4518a31a-145e-4836-a503-38d7b651fad2" testId="13df4a31-1d93-7796-89f0-9bafbf62cf1d" testName="CryptorIsAbleToProcessSampleFilesAsBinary(&quot;legacy&quot;,&quot;pubnubenigma&quot;,&quot;constant&quot;,&quot;file-legacy-civ.txt&quot;,&quot;file.txt&quot;,null)" computerName="fv-az1565-343" duration="00:00:00.0027650" startTime="2024-01-17T07:59:01.5519559+00:00" endTime="2024-01-17T07:59:01.5547208+00:00" testType="13cdc9d9-ddb5-4fa4-a97d-d965ccfc6d4b" outcome="Passed" testListId="8c84fa94-04c1-424b-9868-57a2d4851a1d" relativeResultsDirectory="4518a31a-145e-4836-a503-38d7b651fad2">
      <Output>
        <StdOut>Given Crypto module with 'legacy' cryptor&#xD;
-&gt; done: CryptoModuleSteps.GivenCryptoModuleWithCryptor("legacy") (0.0s)&#xD;
* with 'pubnubenigma' cipher key&#xD;
-&gt; done: CryptoModuleSteps.GivenWithCipherKey("pubnubenigma") (0.0s)&#xD;
* with 'constant' vector&#xD;
-&gt; done: CryptoModuleSteps.GivenWithVector("constant") (0.0s)&#xD;
When I decrypt 'file-legacy-civ.txt' file as 'binary'&#xD;
-&gt; done: CryptoModuleSteps.WhenIDecryptFileAs("file-legacy-civ.txt", "binary") (0.0s)&#xD;
Then Decrypted file content equal to the 'file.txt' file content&#xD;
-&gt; done: CryptoModuleSteps.ThenDecryptedFileContentEqualToTheFileContent("file.txt") (0.0s)</StdOut>
      </Output>
    </UnitTestResult>
    <UnitTestResult executionId="13a6a110-ff85-4db1-ab63-76aa696b7dab" testId="2c1e01dd-81d9-12dc-ec1f-005830932e89" testName="EmptyDataEncryptionShouldFail(&quot;acrh&quot;,&quot;pubnubenigma&quot;,&quot;-&quot;,null)" computerName="fv-az1565-343" duration="00:00:00.0021310" startTime="2024-01-17T07:59:01.6488378+00:00" endTime="2024-01-17T07:59:01.6509686+00:00" testType="13cdc9d9-ddb5-4fa4-a97d-d965ccfc6d4b" outcome="Passed" testListId="8c84fa94-04c1-424b-9868-57a2d4851a1d" relativeResultsDirectory="13a6a110-ff85-4db1-ab63-76aa696b7dab">
      <Output>
        <StdOut>Given Crypto module with 'acrh' cryptor&#xD;
-&gt; done: CryptoModuleSteps.GivenCryptoModuleWithCryptor("acrh") (0.0s)&#xD;
* with 'pubnubenigma' cipher key&#xD;
-&gt; done: CryptoModuleSteps.GivenWithCipherKey("pubnubenigma") (0.0s)&#xD;
* with '-' vector&#xD;
-&gt; done: CryptoModuleSteps.GivenWithVector("-") (0.0s)&#xD;
When I encrypt 'empty-file.txt' file as 'binary'&#xD;
-&gt; done: CryptoModuleSteps.WhenIEncryptFileAs("empty-file.txt", "binary") (0.0s)&#xD;
Then I receive 'encryption error'&#xD;
-&gt; done: CryptoModuleSteps.ThenIReceive("encryption error") (0.0s)</StdOut>
      </Output>
    </UnitTestResult>
    <UnitTestResult executionId="4771b383-4ecd-4701-bb5f-16b4d6cc056a" testId="9ac60b24-db33-73cf-3bc9-bbcf0b66ab81" testName="DataEncryptedWithLegacyAES_CBCCryptorIsDecryptableWithLegacyImplementation(&quot;pubnubenigma&quot;,&quot;constant&quot;,&quot;file.txt&quot;,null)" computerName="fv-az1565-343" duration="00:00:00.0028320" startTime="2024-01-17T07:59:01.6288939+00:00" endTime="2024-01-17T07:59:01.6317263+00:00" testType="13cdc9d9-ddb5-4fa4-a97d-d965ccfc6d4b" outcome="Passed" testListId="8c84fa94-04c1-424b-9868-57a2d4851a1d" relativeResultsDirectory="4771b383-4ecd-4701-bb5f-16b4d6cc056a">
      <Output>
        <StdOut>Given Crypto module with 'legacy' cryptor&#xD;
-&gt; done: CryptoModuleSteps.GivenCryptoModuleWithCryptor("legacy") (0.0s)&#xD;
* with 'pubnubenigma' cipher key&#xD;
-&gt; done: CryptoModuleSteps.GivenWithCipherKey("pubnubenigma") (0.0s)&#xD;
* with 'constant' vector&#xD;
-&gt; done: CryptoModuleSteps.GivenWithVector("constant") (0.0s)&#xD;
Given Legacy code with 'pubnubenigma' cipher key and 'constant' vector&#xD;
-&gt; done: CryptoModuleSteps.GivenLegacyCodeWithCipherKeyAndVector("pubnubenigma", "constant") (0.0s)&#xD;
When I encrypt 'file.txt' file as 'binary'&#xD;
-&gt; done: CryptoModuleSteps.WhenIEncryptFileAs("file.txt", "binary") (0.0s)&#xD;
Then Successfully decrypt an encrypted file with legacy code&#xD;
-&gt; done: CryptoModuleSteps.ThenSuccessfullyDecryptAnEncryptedFileWithLegacyCode() (0.0s)</StdOut>
      </Output>
    </UnitTestResult>
    <UnitTestResult executionId="b5c87bb9-2d20-42d1-8419-bedcef22162e" testId="9e948d14-1697-7020-7d46-e7d0ab1a839a" testName="RevokeExistingValidToken" computerName="fv-az1565-343" duration="00:00:00.0091960" startTime="2024-01-17T07:59:02.6785702+00:00" endTime="2024-01-17T07:59:02.6877666+00:00" testType="13cdc9d9-ddb5-4fa4-a97d-d965ccfc6d4b" outcome="Passed" testListId="8c84fa94-04c1-424b-9868-57a2d4851a1d" relativeResultsDirectory="b5c87bb9-2d20-42d1-8419-bedcef22162e">
      <Output>
        <StdOut>Given I have a keyset with access manager enabled&#xD;
-&gt; done: FeatureAccessSteps.GivenIHaveAKeysetWithAccessManagerEnabled() (0.0s)&#xD;
Given a token&#xD;
-&gt; done: FeatureAccessSteps.GivenAToken() (0.0s)&#xD;
When I revoke a token&#xD;
-&gt; done: FeatureAccessSteps.WhenIRevokeAToken() (0.0s)&#xD;
Then I get confirmation that token has been revoked&#xD;
-&gt; done: FeatureAccessSteps.ThenIGetConfirmationThatTokenHasBeenRevoked() (0.0s)</StdOut>
      </Output>
    </UnitTestResult>
    <UnitTestResult executionId="eac99d38-5772-45d6-a375-98af1bc312bc" testId="4401ff2d-c38b-51a8-f6b5-791f859c7098" testName="GetAChannelMetadataForId" computerName="fv-az1565-343" duration="00:00:00.0481410" startTime="2024-01-17T07:59:01.9973391+00:00" endTime="2024-01-17T07:59:02.0454808+00:00" testType="13cdc9d9-ddb5-4fa4-a97d-d965ccfc6d4b" outcome="Passed" testListId="8c84fa94-04c1-424b-9868-57a2d4851a1d" relativeResultsDirectory="eac99d38-5772-45d6-a375-98af1bc312bc">
      <Output>
        <StdOut>Given I have a keyset with Objects V2 enabled&#xD;
-&gt; done: FeatureObjectsV2MetadataSteps.GivenIHaveAKeysetWithObjectsVEnabled(2) (0.0s)&#xD;
Given the id for 'Chat' channel&#xD;
-&gt; done: FeatureObjectsV2MetadataSteps.GivenTheIdForChannel("Chat") (0.0s)&#xD;
When I get the channel metadata&#xD;
-&gt; done: FeatureObjectsV2MetadataSteps.WhenIGetTheChannelMetadata() (0.0s)&#xD;
Then I receive a successful response&#xD;
-&gt; done: FeatureObjectsV2MetadataSteps.ThenIReceiveASuccessfulResponse() (0.0s)&#xD;
And the channel metadata for 'Chat' channel&#xD;
-&gt; done: FeatureObjectsV2MetadataSteps.ThenTheChannelMetadataForChannel("Chat") (0.0s)</StdOut>
      </Output>
    </UnitTestResult>
    <UnitTestResult executionId="6e4649d5-334d-47de-894c-a183c2550de4" testId="23b61850-f73c-f5eb-17ca-9aaba5f44c54" testName="GetAllUUIDMetadataWithCustom" computerName="fv-az1565-343" duration="00:00:00.0159070" startTime="2024-01-17T07:59:02.5402006+00:00" endTime="2024-01-17T07:59:02.5561079+00:00" testType="13cdc9d9-ddb5-4fa4-a97d-d965ccfc6d4b" outcome="Passed" testListId="8c84fa94-04c1-424b-9868-57a2d4851a1d" relativeResultsDirectory="6e4649d5-334d-47de-894c-a183c2550de4">
      <Output>
        <StdOut>Given I have a keyset with Objects V2 enabled&#xD;
-&gt; done: FeatureObjectsV2MetadataSteps.GivenIHaveAKeysetWithObjectsVEnabled(2) (0.0s)&#xD;
When I get all UUID metadata with custom&#xD;
-&gt; done: FeatureObjectsV2MetadataSteps.WhenIGetAllUUIDMetadataWithCustom() (0.0s)&#xD;
Then I receive a successful response&#xD;
-&gt; done: FeatureObjectsV2MetadataSteps.ThenIReceiveASuccessfulResponse() (0.0s)&#xD;
And the response contains list with 'Bob' and 'Lisa' UUID metadata&#xD;
-&gt; done: FeatureObjectsV2MetadataSteps.ThenTheResponseContainsListWithAndUUIDMetadata("Bob", "Lisa") (0.0s)</StdOut>
      </Output>
    </UnitTestResult>
    <UnitTestResult executionId="43bcfab7-ccc4-40ee-a639-e2b279bc2e99" testId="10a87c1f-7e7a-0e53-402e-aefcc00a21da" testName="GetMembershipsForUUID" computerName="fv-az1565-343" duration="00:00:00.0899210" startTime="2024-01-17T07:59:02.3145367+00:00" endTime="2024-01-17T07:59:02.4044591+00:00" testType="13cdc9d9-ddb5-4fa4-a97d-d965ccfc6d4b" outcome="Passed" testListId="8c84fa94-04c1-424b-9868-57a2d4851a1d" relativeResultsDirectory="43bcfab7-ccc4-40ee-a639-e2b279bc2e99">
      <Output>
        <StdOut>Given I have a keyset with Objects V2 enabled&#xD;
-&gt; done: FeatureObjectsV2MetadataSteps.GivenIHaveAKeysetWithObjectsVEnabled(2) (0.0s)&#xD;
Given the id for 'Alice' persona&#xD;
-&gt; done: FeatureObjectsV2MetadataSteps.GivenTheIdForPersona("Alice") (0.0s)&#xD;
When I get the memberships&#xD;
-&gt; done: FeatureObjectsV2MetadataSteps.WhenIGetTheMemberships() (0.1s)&#xD;
Then I receive a successful response&#xD;
-&gt; done: FeatureObjectsV2MetadataSteps.ThenIReceiveASuccessfulResponse() (0.0s)&#xD;
And the response contains list with 'ChatMembership' and 'PatientMembership' memberships&#xD;
-&gt; done: FeatureObjectsV2MetadataSteps.ThenTheResponseContainsListWithAndMemberships("ChatMembership", "PatientMembership") (0.0s)</StdOut>
      </Output>
    </UnitTestResult>
    <UnitTestResult executionId="738c6f32-7e95-4826-97ba-6b736b92887d" testId="f114629c-3c3b-e71d-e1df-1b4312712d85" testName="CryptoModuleCanHandleEncryptedDataFromDifferentCryptors(&quot;legacy&quot;,&quot;acrh&quot;,&quot;pubnubenigma&quot;,&quot;constant&quot;,&quot;file-cryptor-legacy-civ.jpg&quot;,&quot;file.jpg&quot;,null)" computerName="fv-az1565-343" duration="00:00:00.0135030" startTime="2024-01-17T07:59:01.4866951+00:00" endTime="2024-01-17T07:59:01.5001979+00:00" testType="13cdc9d9-ddb5-4fa4-a97d-d965ccfc6d4b" outcome="Passed" testListId="8c84fa94-04c1-424b-9868-57a2d4851a1d" relativeResultsDirectory="738c6f32-7e95-4826-97ba-6b736b92887d">
      <Output>
        <StdOut>Given Crypto module with default 'legacy' and additional 'acrh' cryptors&#xD;
-&gt; done: CryptoModuleSteps.GivenCryptoModuleWithDefaultAndAdditionalCryptors("legacy", "acrh") (0.0s)&#xD;
* with 'pubnubenigma' cipher key&#xD;
-&gt; done: CryptoModuleSteps.GivenWithCipherKey("pubnubenigma") (0.0s)&#xD;
* with 'constant' vector&#xD;
-&gt; done: CryptoModuleSteps.GivenWithVector("constant") (0.0s)&#xD;
When I decrypt 'file-cryptor-legacy-civ.jpg' file as 'binary'&#xD;
-&gt; done: CryptoModuleSteps.WhenIDecryptFileAs("file-cryptor-lega...", "binary") (0.0s)&#xD;
Then Decrypted file content equal to the 'file.jpg' file content&#xD;
-&gt; done: CryptoModuleSteps.ThenDecryptedFileContentEqualToTheFileContent("file.jpg") (0.0s)</StdOut>
      </Output>
    </UnitTestResult>
    <UnitTestResult executionId="1028a41a-4595-4931-90f0-5401055e2ee4" testId="798a8e71-c3a5-952d-b167-1f516fd90da6" testName="AES_CBCCryptorDataHeaderCanBeProcessed(&quot;pubnubenigma&quot;,&quot;file-cryptor-v1-acrh.jpg&quot;,&quot;success&quot;,null)" computerName="fv-az1565-343" duration="00:00:00.0088630" startTime="2024-01-17T07:59:01.4759964+00:00" endTime="2024-01-17T07:59:01.4848595+00:00" testType="13cdc9d9-ddb5-4fa4-a97d-d965ccfc6d4b" outcome="Passed" testListId="8c84fa94-04c1-424b-9868-57a2d4851a1d" relativeResultsDirectory="1028a41a-4595-4931-90f0-5401055e2ee4">
      <Output>
        <StdOut>Given Crypto module with 'acrh' cryptor&#xD;
-&gt; done: CryptoModuleSteps.GivenCryptoModuleWithCryptor("acrh") (0.0s)&#xD;
* with 'pubnubenigma' cipher key&#xD;
-&gt; done: CryptoModuleSteps.GivenWithCipherKey("pubnubenigma") (0.0s)&#xD;
When I decrypt 'file-cryptor-v1-acrh.jpg' file&#xD;
-&gt; done: CryptoModuleSteps.WhenIDecryptFile("file-cryptor-v1-a...") (0.0s)&#xD;
Then I receive 'success'&#xD;
-&gt; done: CryptoModuleSteps.ThenIReceive("success") (0.0s)</StdOut>
      </Output>
    </UnitTestResult>
    <UnitTestResult executionId="a5d5cff7-0aa9-4cff-b9a6-35ba42e61ec2" testId="bee75210-e3b0-c570-b8a4-c27baac780a1" testName="CryptorIsAbleToProcessSampleFilesAsStream(&quot;legacy&quot;,&quot;pubnubenigma&quot;,&quot;random&quot;,&quot;file-cryptor-legacy-riv.jpg&quot;,&quot;file.jpg&quot;,null)" computerName="fv-az1565-343" duration="00:00:00.0095120" startTime="2024-01-17T07:59:01.5725255+00:00" endTime="2024-01-17T07:59:01.5820379+00:00" testType="13cdc9d9-ddb5-4fa4-a97d-d965ccfc6d4b" outcome="Passed" testListId="8c84fa94-04c1-424b-9868-57a2d4851a1d" relativeResultsDirectory="a5d5cff7-0aa9-4cff-b9a6-35ba42e61ec2">
      <Output>
        <StdOut>Given Crypto module with 'legacy' cryptor&#xD;
-&gt; done: CryptoModuleSteps.GivenCryptoModuleWithCryptor("legacy") (0.0s)&#xD;
* with 'pubnubenigma' cipher key&#xD;
-&gt; done: CryptoModuleSteps.GivenWithCipherKey("pubnubenigma") (0.0s)&#xD;
* with 'random' vector&#xD;
-&gt; done: CryptoModuleSteps.GivenWithVector("random") (0.0s)&#xD;
When I decrypt 'file-cryptor-legacy-riv.jpg' file as 'stream'&#xD;
-&gt; done: CryptoModuleSteps.WhenIDecryptFileAs("file-cryptor-lega...", "stream") (0.0s)&#xD;
Then Decrypted file content equal to the 'file.jpg' file content&#xD;
-&gt; done: CryptoModuleSteps.ThenDecryptedFileContentEqualToTheFileContent("file.jpg") (0.0s)</StdOut>
      </Output>
    </UnitTestResult>
    <UnitTestResult executionId="dedaa954-c9d5-4b87-9ffb-e8d7144758a8" testId="be8b1c28-897b-72b1-79de-44eed3d3394f" testName="RemoveAChannelMetadataForId" computerName="fv-az1565-343" duration="00:00:00.0181470" startTime="2024-01-17T07:59:02.1032653+00:00" endTime="2024-01-17T07:59:02.1214124+00:00" testType="13cdc9d9-ddb5-4fa4-a97d-d965ccfc6d4b" outcome="Passed" testListId="8c84fa94-04c1-424b-9868-57a2d4851a1d" relativeResultsDirectory="dedaa954-c9d5-4b87-9ffb-e8d7144758a8">
      <Output>
        <StdOut>Given I have a keyset with Objects V2 enabled&#xD;
-&gt; done: FeatureObjectsV2MetadataSteps.GivenIHaveAKeysetWithObjectsVEnabled(2) (0.0s)&#xD;
Given the id for 'Chat' channel&#xD;
-&gt; done: FeatureObjectsV2MetadataSteps.GivenTheIdForChannel("Chat") (0.0s)&#xD;
When I remove the channel metadata&#xD;
-&gt; done: FeatureObjectsV2MetadataSteps.WhenIRemoveTheChannelMetadata() (0.0s)&#xD;
Then I receive a successful response&#xD;
-&gt; done: FeatureObjectsV2MetadataSteps.ThenIReceiveASuccessfulResponse() (0.0s)</StdOut>
      </Output>
    </UnitTestResult>
    <UnitTestResult executionId="4b5c641e-6c24-4a96-b470-4fd1a8db87be" testId="984e3d49-4d22-c80b-52c3-19191f62fda7" testName="EmptyStreamDataEncryptionShouldFail(&quot;acrh&quot;,&quot;pubnubenigma&quot;,&quot;-&quot;,null)" computerName="fv-az1565-343" duration="00:00:00.0020850" startTime="2024-01-17T07:59:01.6663567+00:00" endTime="2024-01-17T07:59:01.6684421+00:00" testType="13cdc9d9-ddb5-4fa4-a97d-d965ccfc6d4b" outcome="Passed" testListId="8c84fa94-04c1-424b-9868-57a2d4851a1d" relativeResultsDirectory="4b5c641e-6c24-4a96-b470-4fd1a8db87be">
      <Output>
        <StdOut>Given Crypto module with 'acrh' cryptor&#xD;
-&gt; done: CryptoModuleSteps.GivenCryptoModuleWithCryptor("acrh") (0.0s)&#xD;
* with 'pubnubenigma' cipher key&#xD;
-&gt; done: CryptoModuleSteps.GivenWithCipherKey("pubnubenigma") (0.0s)&#xD;
* with '-' vector&#xD;
-&gt; done: CryptoModuleSteps.GivenWithVector("-") (0.0s)&#xD;
When I encrypt 'empty-file.txt' file as 'stream'&#xD;
-&gt; done: CryptoModuleSteps.WhenIEncryptFileAs("empty-file.txt", "stream") (0.0s)&#xD;
Then I receive 'encryption error'&#xD;
-&gt; done: CryptoModuleSteps.ThenIReceive("encryption error") (0.0s)</StdOut>
      </Output>
    </UnitTestResult>
    <UnitTestResult executionId="86acd0ec-bf4f-4485-88f1-be1c45b64654" testId="21d875cb-d7ef-e04a-3cc4-907443abf187" testName="EmptyStreamDataDecryptionShouldFail(&quot;acrh&quot;,&quot;pubnubenigma&quot;,&quot;-&quot;,&quot;empty-file-cryptor-v1-acrh.txt&quot;,null)" computerName="fv-az1565-343" duration="00:00:00.0021390" startTime="2024-01-17T07:59:01.6593833+00:00" endTime="2024-01-17T07:59:01.6615220+00:00" testType="13cdc9d9-ddb5-4fa4-a97d-d965ccfc6d4b" outcome="Passed" testListId="8c84fa94-04c1-424b-9868-57a2d4851a1d" relativeResultsDirectory="86acd0ec-bf4f-4485-88f1-be1c45b64654">
      <Output>
        <StdOut>Given Crypto module with 'acrh' cryptor&#xD;
-&gt; done: CryptoModuleSteps.GivenCryptoModuleWithCryptor("acrh") (0.0s)&#xD;
* with 'pubnubenigma' cipher key&#xD;
-&gt; done: CryptoModuleSteps.GivenWithCipherKey("pubnubenigma") (0.0s)&#xD;
* with '-' vector&#xD;
-&gt; done: CryptoModuleSteps.GivenWithVector("-") (0.0s)&#xD;
When I decrypt 'empty-file-cryptor-v1-acrh.txt' file as 'stream'&#xD;
-&gt; done: CryptoModuleSteps.WhenIDecryptFileAs("empty-file-crypto...", "stream") (0.0s)&#xD;
Then I receive 'decryption error'&#xD;
-&gt; done: CryptoModuleSteps.ThenIReceive("decryption error") (0.0s)</StdOut>
      </Output>
    </UnitTestResult>
    <UnitTestResult executionId="2efce871-f8a8-4dd5-85ac-c6799ac3dc49" testId="78605226-9a65-4701-5dbe-74fd1152b767" testName="GetAUUIDWithCustomMetadataIdStoredInConfig" computerName="fv-az1565-343" duration="00:00:00.0229920" startTime="2024-01-17T07:59:02.5792426+00:00" endTime="2024-01-17T07:59:02.6022344+00:00" testType="13cdc9d9-ddb5-4fa4-a97d-d965ccfc6d4b" outcome="Passed" testListId="8c84fa94-04c1-424b-9868-57a2d4851a1d" relativeResultsDirectory="2efce871-f8a8-4dd5-85ac-c6799ac3dc49">
      <Output>
        <StdOut>Given I have a keyset with Objects V2 enabled&#xD;
-&gt; done: FeatureObjectsV2MetadataSteps.GivenIHaveAKeysetWithObjectsVEnabled(2) (0.0s)&#xD;
Given current user is 'Bob' persona&#xD;
-&gt; done: FeatureObjectsV2MetadataSteps.GivenCurrentUserIsPersona("Bob") (0.0s)&#xD;
When I get the UUID metadata with custom for current user&#xD;
-&gt; done: FeatureObjectsV2MetadataSteps.WhenIGetTheUUIDMetadataWithCustomForCurrentUser() (0.0s)&#xD;
Then I receive a successful response&#xD;
-&gt; done: FeatureObjectsV2MetadataSteps.ThenIReceiveASuccessfulResponse() (0.0s)&#xD;
And the UUID metadata for 'Bob' persona&#xD;
-&gt; done: FeatureObjectsV2MetadataSteps.ThenTheUUIDMetadataForPersona("Bob") (0.0s)</StdOut>
      </Output>
    </UnitTestResult>
    <UnitTestResult executionId="0389f01c-5fa7-44e1-8c32-a68066eaffb6" testId="c824fd41-84e4-6d43-8411-04262c295a77" testName="SetMembership" computerName="fv-az1565-343" duration="00:00:00.0179210" startTime="2024-01-17T07:59:02.4826160+00:00" endTime="2024-01-17T07:59:02.5005368+00:00" testType="13cdc9d9-ddb5-4fa4-a97d-d965ccfc6d4b" outcome="Passed" testListId="8c84fa94-04c1-424b-9868-57a2d4851a1d" relativeResultsDirectory="0389f01c-5fa7-44e1-8c32-a68066eaffb6">
      <Output>
        <StdOut>Given I have a keyset with Objects V2 enabled&#xD;
-&gt; done: FeatureObjectsV2MetadataSteps.GivenIHaveAKeysetWithObjectsVEnabled(2) (0.0s)&#xD;
Given the id for 'Alice' persona&#xD;
-&gt; done: FeatureObjectsV2MetadataSteps.GivenTheIdForPersona("Alice") (0.0s)&#xD;
And the data for 'ChatMembership' membership&#xD;
-&gt; done: FeatureObjectsV2MetadataSteps.GivenTheDataForMembership("ChatMembership") (0.0s)&#xD;
When I set the membership&#xD;
-&gt; done: FeatureObjectsV2MetadataSteps.WhenISetTheMembership() (0.0s)&#xD;
Then I receive a successful response&#xD;
-&gt; done: FeatureObjectsV2MetadataSteps.ThenIReceiveASuccessfulResponse() (0.0s)&#xD;
And the response contains list with 'ChatMembership' membership&#xD;
-&gt; done: FeatureObjectsV2MetadataSteps.ThenTheResponseContainsListWithMembership("ChatMembership") (0.0s)</StdOut>
      </Output>
    </UnitTestResult>
    <UnitTestResult executionId="4f23e75e-c599-48b7-8fa3-291ac49008df" testId="7f798889-8174-9314-5795-cf39887a4d5e" testName="AES_CBCCryptorDataHeaderCanBeProcessed(&quot;pubnubenigma&quot;,&quot;file-legacy-civ.jpg&quot;,&quot;unknown cryptor error&quot;,null)" computerName="fv-az1565-343" duration="00:00:00.2384620" startTime="2024-01-17T07:59:01.2173253+00:00" endTime="2024-01-17T07:59:01.4557147+00:00" testType="13cdc9d9-ddb5-4fa4-a97d-d965ccfc6d4b" outcome="Passed" testListId="8c84fa94-04c1-424b-9868-57a2d4851a1d" relativeResultsDirectory="4f23e75e-c599-48b7-8fa3-291ac49008df">
      <Output>
        <StdOut>Given Crypto module with 'acrh' cryptor&#xD;
-&gt; done: CryptoModuleSteps.GivenCryptoModuleWithCryptor("acrh") (0.0s)&#xD;
* with 'pubnubenigma' cipher key&#xD;
-&gt; done: CryptoModuleSteps.GivenWithCipherKey("pubnubenigma") (0.0s)&#xD;
When I decrypt 'file-legacy-civ.jpg' file&#xD;
-&gt; done: CryptoModuleSteps.WhenIDecryptFile("file-legacy-civ.jpg") (0.0s)&#xD;
Then I receive 'unknown cryptor error'&#xD;
-&gt; done: CryptoModuleSteps.ThenIReceive("unknown cryptor e...") (0.0s)</StdOut>
      </Output>
    </UnitTestResult>
    <UnitTestResult executionId="c500ce6c-c6fc-476d-bec6-911ad73edc9b" testId="219f8da3-cc63-e002-72df-e2f549e52967" testName="GetAllUUIDMetadata" computerName="fv-az1565-343" duration="00:00:00.0207229" startTime="2024-01-17T07:59:02.5194375+00:00" endTime="2024-01-17T07:59:02.5401605+00:00" testType="13cdc9d9-ddb5-4fa4-a97d-d965ccfc6d4b" outcome="Passed" testListId="8c84fa94-04c1-424b-9868-57a2d4851a1d" relativeResultsDirectory="c500ce6c-c6fc-476d-bec6-911ad73edc9b">
      <Output>
        <StdOut>Given I have a keyset with Objects V2 enabled&#xD;
-&gt; done: FeatureObjectsV2MetadataSteps.GivenIHaveAKeysetWithObjectsVEnabled(2) (0.0s)&#xD;
When I get all UUID metadata&#xD;
-&gt; done: FeatureObjectsV2MetadataSteps.WhenIGetAllUUIDMetadata() (0.0s)&#xD;
Then I receive a successful response&#xD;
-&gt; done: FeatureObjectsV2MetadataSteps.ThenIReceiveASuccessfulResponse() (0.0s)&#xD;
And the response contains list with 'Alice' and 'James' UUID metadata&#xD;
-&gt; done: FeatureObjectsV2MetadataSteps.ThenTheResponseContainsListWithAndUUIDMetadata("Alice", "James") (0.0s)</StdOut>
      </Output>
    </UnitTestResult>
    <UnitTestResult executionId="ef0fbd7e-6675-477c-a965-084ef54aed33" testId="9d9c0b4d-df8d-d917-f4fe-624101bd0d52" testName="EmptyDataDecryptionShouldFail(&quot;acrh&quot;,&quot;pubnubenigma&quot;,&quot;-&quot;,&quot;empty-file.txt&quot;,null)" computerName="fv-az1565-343" duration="00:00:00.0017480" startTime="2024-01-17T07:59:01.6359836+00:00" endTime="2024-01-17T07:59:01.6377311+00:00" testType="13cdc9d9-ddb5-4fa4-a97d-d965ccfc6d4b" outcome="Passed" testListId="8c84fa94-04c1-424b-9868-57a2d4851a1d" relativeResultsDirectory="ef0fbd7e-6675-477c-a965-084ef54aed33">
      <Output>
        <StdOut>Given Crypto module with 'acrh' cryptor&#xD;
-&gt; done: CryptoModuleSteps.GivenCryptoModuleWithCryptor("acrh") (0.0s)&#xD;
* with 'pubnubenigma' cipher key&#xD;
-&gt; done: CryptoModuleSteps.GivenWithCipherKey("pubnubenigma") (0.0s)&#xD;
* with '-' vector&#xD;
-&gt; done: CryptoModuleSteps.GivenWithVector("-") (0.0s)&#xD;
When I decrypt 'empty-file.txt' file as 'binary'&#xD;
-&gt; done: CryptoModuleSteps.WhenIDecryptFileAs("empty-file.txt", "binary") (0.0s)&#xD;
Then I receive 'decryption error'&#xD;
-&gt; done: CryptoModuleSteps.ThenIReceive("decryption error") (0.0s)</StdOut>
      </Output>
    </UnitTestResult>
    <UnitTestResult executionId="04f1fdde-287d-4fc6-9fdc-087f61337502" testId="bc7a74bf-9a5b-2257-fa8b-50752bdbf702" testName="CryptorIsAbleToProcessSampleFilesAsBinary(&quot;legacy&quot;,&quot;pubnubenigma&quot;,&quot;constant&quot;,&quot;file-legacy-civ.jpg&quot;,&quot;file.jpg&quot;,null)" computerName="fv-az1565-343" duration="00:00:00.0052050" startTime="2024-01-17T07:59:01.5410072+00:00" endTime="2024-01-17T07:59:01.5462119+00:00" testType="13cdc9d9-ddb5-4fa4-a97d-d965ccfc6d4b" outcome="Passed" testListId="8c84fa94-04c1-424b-9868-57a2d4851a1d" relativeResultsDirectory="04f1fdde-287d-4fc6-9fdc-087f61337502">
      <Output>
        <StdOut>Given Crypto module with 'legacy' cryptor&#xD;
-&gt; done: CryptoModuleSteps.GivenCryptoModuleWithCryptor("legacy") (0.0s)&#xD;
* with 'pubnubenigma' cipher key&#xD;
-&gt; done: CryptoModuleSteps.GivenWithCipherKey("pubnubenigma") (0.0s)&#xD;
* with 'constant' vector&#xD;
-&gt; done: CryptoModuleSteps.GivenWithVector("constant") (0.0s)&#xD;
When I decrypt 'file-legacy-civ.jpg' file as 'binary'&#xD;
-&gt; done: CryptoModuleSteps.WhenIDecryptFileAs("file-legacy-civ.jpg", "binary") (0.0s)&#xD;
Then Decrypted file content equal to the 'file.jpg' file content&#xD;
-&gt; done: CryptoModuleSteps.ThenDecryptedFileContentEqualToTheFileContent("file.jpg") (0.0s)</StdOut>
      </Output>
    </UnitTestResult>
    <UnitTestResult executionId="1a03ac3c-b9f2-418d-9e10-cf2f5fb201a2" testId="bc8c5e9c-4b5f-8534-047c-bc0ab7c6f555" testName="EmptyStreamDataDecryptionShouldFail(&quot;legacy&quot;,&quot;pubnubenigma&quot;,&quot;constant&quot;,&quot;empty-file.txt&quot;,null)" computerName="fv-az1565-343" duration="00:00:00.0027720" startTime="2024-01-17T07:59:01.6510376+00:00" endTime="2024-01-17T07:59:01.6538092+00:00" testType="13cdc9d9-ddb5-4fa4-a97d-d965ccfc6d4b" outcome="Passed" testListId="8c84fa94-04c1-424b-9868-57a2d4851a1d" relativeResultsDirectory="1a03ac3c-b9f2-418d-9e10-cf2f5fb201a2">
      <Output>
        <StdOut>Given Crypto module with 'legacy' cryptor&#xD;
-&gt; done: CryptoModuleSteps.GivenCryptoModuleWithCryptor("legacy") (0.0s)&#xD;
* with 'pubnubenigma' cipher key&#xD;
-&gt; done: CryptoModuleSteps.GivenWithCipherKey("pubnubenigma") (0.0s)&#xD;
* with 'constant' vector&#xD;
-&gt; done: CryptoModuleSteps.GivenWithVector("constant") (0.0s)&#xD;
When I decrypt 'empty-file.txt' file as 'stream'&#xD;
-&gt; done: CryptoModuleSteps.WhenIDecryptFileAs("empty-file.txt", "stream") (0.0s)&#xD;
Then I receive 'decryption error'&#xD;
-&gt; done: CryptoModuleSteps.ThenIReceive("decryption error") (0.0s)</StdOut>
      </Output>
    </UnitTestResult>
    <UnitTestResult executionId="3348196b-878d-48b0-ae7a-40d12518762b" testId="85374129-b31e-6699-e3e3-35edfbf2f310" testName="GrantAnAccessTokenWithAllPermissionsOnAllResourceTypesWithAuthorizedUuid" computerName="fv-az1565-343" duration="00:00:00.0746230" startTime="2024-01-17T07:59:01.9059742+00:00" endTime="2024-01-17T07:59:01.9805978+00:00" testType="13cdc9d9-ddb5-4fa4-a97d-d965ccfc6d4b" outcome="Passed" testListId="8c84fa94-04c1-424b-9868-57a2d4851a1d" relativeResultsDirectory="3348196b-878d-48b0-ae7a-40d12518762b">
      <Output>
        <StdOut>Given I have a keyset with access manager enabled&#xD;
-&gt; done: FeatureAccessSteps.GivenIHaveAKeysetWithAccessManagerEnabled() (0.0s)&#xD;
Given the authorized UUID "test-authorized-uuid"&#xD;
-&gt; done: FeatureAccessSteps.GivenTheAuthorizedUUID("test-authorized-uuid") (0.0s)&#xD;
Given the TTL 60&#xD;
-&gt; done: FeatureAccessSteps.GivenTheTTL(60) (0.0s)&#xD;
Given the 'channel-1' CHANNEL resource access permissions&#xD;
-&gt; done: FeatureAccessSteps.GivenTheCHANNELResourceAccessPermissions("channel-1") (0.0s)&#xD;
* grant resource permission READ&#xD;
-&gt; done: FeatureAccessSteps.GivenGrantResourcePermissionREAD() (0.0s)&#xD;
* grant resource permission WRITE&#xD;
-&gt; done: FeatureAccessSteps.GivenGrantResourcePermissionWRITE() (0.0s)&#xD;
* grant resource permission GET&#xD;
-&gt; done: FeatureAccessSteps.GivenGrantResourcePermissionGET() (0.0s)&#xD;
* grant resource permission MANAGE&#xD;
-&gt; done: FeatureAccessSteps.GivenGrantResourcePermissionMANAGE() (0.0s)&#xD;
* grant resource permission UPDATE&#xD;
-&gt; done: FeatureAccessSteps.GivenGrantResourcePermissionUPDATE() (0.0s)&#xD;
* grant resource permission JOIN&#xD;
-&gt; done: FeatureAccessSteps.GivenGrantResourcePermissionJOIN() (0.0s)&#xD;
* grant resource permission DELETE&#xD;
-&gt; done: FeatureAccessSteps.GivenGrantResourcePermissionDELETE() (0.0s)&#xD;
Given the 'channel_group-1' CHANNEL_GROUP resource access permissions&#xD;
-&gt; done: FeatureAccessSteps.GivenTheCHANNEL_GROUPResourceAccessPermissions("channel_group-1") (0.0s)&#xD;
* grant resource permission READ&#xD;
-&gt; done: FeatureAccessSteps.GivenGrantResourcePermissionREAD() (0.0s)&#xD;
* grant resource permission MANAGE&#xD;
-&gt; done: FeatureAccessSteps.GivenGrantResourcePermissionMANAGE() (0.0s)&#xD;
Given the 'uuid-1' UUID resource access permissions&#xD;
-&gt; done: FeatureAccessSteps.GivenTheUUIDResourceAccessPermissions("uuid-1") (0.0s)&#xD;
* grant resource permission GET&#xD;
-&gt; done: FeatureAccessSteps.GivenGrantResourcePermissionGET() (0.0s)&#xD;
* grant resource permission UPDATE&#xD;
-&gt; done: FeatureAccessSteps.GivenGrantResourcePermissionUPDATE() (0.0s)&#xD;
* grant resource permission DELETE&#xD;
-&gt; done: FeatureAccessSteps.GivenGrantResourcePermissionDELETE() (0.0s)&#xD;
Given the '^channel-\S*$' CHANNEL pattern access permissions&#xD;
-&gt; done: FeatureAccessSteps.GivenTheCHANNELPatternAccessPermissions("^channel-\S*$") (0.0s)&#xD;
* grant pattern permission READ&#xD;
-&gt; done: FeatureAccessSteps.GivenGrantPatternPermissionREAD() (0.0s)&#xD;
* grant pattern permission WRITE&#xD;
-&gt; done: FeatureAccessSteps.GivenGrantPatternPermissionWRITE() (0.0s)&#xD;
* grant pattern permission GET&#xD;
-&gt; done: FeatureAccessSteps.GivenGrantPatternPermissionGET() (0.0s)&#xD;
* grant pattern permission MANAGE&#xD;
-&gt; done: FeatureAccessSteps.GivenGrantPatternPermissionMANAGE() (0.0s)&#xD;
* grant pattern permission UPDATE&#xD;
-&gt; done: FeatureAccessSteps.GivenGrantPatternPermissionUPDATE() (0.0s)&#xD;
* grant pattern permission JOIN&#xD;
-&gt; done: FeatureAccessSteps.GivenGrantPatternPermissionJOIN() (0.0s)&#xD;
* grant pattern permission DELETE&#xD;
-&gt; done: FeatureAccessSteps.GivenGrantPatternPermissionDELETE() (0.0s)&#xD;
Given the '^:channel_group-\S*$' CHANNEL_GROUP pattern access permissions&#xD;
-&gt; done: FeatureAccessSteps.GivenTheCHANNEL_GROUPPatternAccessPermissions("^:channel_group-\S*$") (0.0s)&#xD;
* grant pattern permission READ&#xD;
-&gt; done: FeatureAccessSteps.GivenGrantPatternPermissionREAD() (0.0s)&#xD;
* grant pattern permission MANAGE&#xD;
-&gt; done: FeatureAccessSteps.GivenGrantPatternPermissionMANAGE() (0.0s)&#xD;
Given the '^uuid-\S*$' UUID pattern access permissions&#xD;
-&gt; done: FeatureAccessSteps.GivenTheUUIDPatternAccessPermissions("^uuid-\S*$") (0.0s)&#xD;
* grant pattern permission GET&#xD;
-&gt; done: FeatureAccessSteps.GivenGrantPatternPermissionGET() (0.0s)&#xD;
* grant pattern permission UPDATE&#xD;
-&gt; done: FeatureAccessSteps.GivenGrantPatternPermissionUPDATE() (0.0s)&#xD;
* grant pattern permission DELETE&#xD;
-&gt; done: FeatureAccessSteps.GivenGrantPatternPermissionDELETE() (0.0s)&#xD;
When I grant a token specifying those permissions&#xD;
-&gt; done: FeatureAccessSteps.WhenIGrantATokenSpecifyingThosePermissions() (0.0s)&#xD;
Then the token contains the authorized UUID "test-authorized-uuid"&#xD;
-&gt; done: FeatureAccessSteps.ThenTheTokenContainsTheAuthorizedUUID("test-authorized-uuid") (0.0s)&#xD;
Then the token contains the TTL 60&#xD;
-&gt; done: FeatureAccessSteps.ThenTheTokenContainsTheTTL(60) (0.0s)&#xD;
Then the token has 'channel-1' CHANNEL resource access permissions&#xD;
-&gt; done: FeatureAccessSteps.ThenTheTokenHasCHANNELResourceAccessPermissions("channel-1") (0.0s)&#xD;
* token resource permission READ&#xD;
-&gt; done: FeatureAccessSteps.ThenTokenResourcePermissionREAD() (0.0s)&#xD;
* token resource permission WRITE&#xD;
-&gt; done: FeatureAccessSteps.ThenTokenResourcePermissionWRITE() (0.0s)&#xD;
* token resource permission GET&#xD;
-&gt; done: FeatureAccessSteps.ThenTokenResourcePermissionGET() (0.0s)&#xD;
* token resource permission MANAGE&#xD;
-&gt; done: FeatureAccessSteps.ThenTokenResourcePermissionMANAGE() (0.0s)&#xD;
* token resource permission UPDATE&#xD;
-&gt; done: FeatureAccessSteps.ThenTokenResourcePermissionUPDATE() (0.0s)&#xD;
* token resource permission JOIN&#xD;
-&gt; done: FeatureAccessSteps.ThenTokenResourcePermissionJOIN() (0.0s)&#xD;
* token resource permission DELETE&#xD;
-&gt; done: FeatureAccessSteps.ThenTokenResourcePermissionDELETE() (0.0s)&#xD;
Then the token has 'channel_group-1' CHANNEL_GROUP resource access permissions&#xD;
-&gt; done: FeatureAccessSteps.ThenTheTokenHasCHANNEL_GROUPResourceAccessPermissions("channel_group-1") (0.0s)&#xD;
* token resource permission READ&#xD;
-&gt; done: FeatureAccessSteps.ThenTokenResourcePermissionREAD() (0.0s)&#xD;
* token resource permission MANAGE&#xD;
-&gt; done: FeatureAccessSteps.ThenTokenResourcePermissionMANAGE() (0.0s)&#xD;
Then the token has 'uuid-1' UUID resource access permissions&#xD;
-&gt; done: FeatureAccessSteps.ThenTheTokenHasUUIDResourceAccessPermissions("uuid-1") (0.0s)&#xD;
* token resource permission GET&#xD;
-&gt; done: FeatureAccessSteps.ThenTokenResourcePermissionGET() (0.0s)&#xD;
* token resource permission UPDATE&#xD;
-&gt; done: FeatureAccessSteps.ThenTokenResourcePermissionUPDATE() (0.0s)&#xD;
* token resource permission DELETE&#xD;
-&gt; done: FeatureAccessSteps.ThenTokenResourcePermissionDELETE() (0.0s)&#xD;
Then the token has '^channel-\S*$' CHANNEL pattern access permissions&#xD;
-&gt; done: FeatureAccessSteps.ThenTheTokenHasCHANNELPatternAccessPermissions("^channel-\S*$") (0.0s)&#xD;
* token pattern permission READ&#xD;
-&gt; done: FeatureAccessSteps.ThenTokenPatternPermissionREAD() (0.0s)&#xD;
* token pattern permission WRITE&#xD;
-&gt; done: FeatureAccessSteps.ThenTokenPatternPermissionWRITE() (0.0s)&#xD;
* token pattern permission GET&#xD;
-&gt; done: FeatureAccessSteps.ThenTokenPatternPermissionGET() (0.0s)&#xD;
* token pattern permission MANAGE&#xD;
-&gt; done: FeatureAccessSteps.ThenTokenPatternPermissionMANAGE() (0.0s)&#xD;
* token pattern permission UPDATE&#xD;
-&gt; done: FeatureAccessSteps.ThenTokenPatternPermissionUPDATE() (0.0s)&#xD;
* token pattern permission JOIN&#xD;
-&gt; done: FeatureAccessSteps.ThenTokenPatternPermissionJOIN() (0.0s)&#xD;
* token pattern permission DELETE&#xD;
-&gt; done: FeatureAccessSteps.ThenTokenPatternPermissionDELETE() (0.0s)&#xD;
Then the token has '^:channel_group-\S*$' CHANNEL_GROUP pattern access permissions&#xD;
-&gt; done: FeatureAccessSteps.ThenTheTokenHasCHANNEL_GROUPPatternAccessPermissions("^:channel_group-\S*$") (0.0s)&#xD;
* token pattern permission READ&#xD;
-&gt; done: FeatureAccessSteps.ThenTokenPatternPermissionREAD() (0.0s)&#xD;
* token pattern permission MANAGE&#xD;
-&gt; done: FeatureAccessSteps.ThenTokenPatternPermissionMANAGE() (0.0s)&#xD;
Then the token has '^uuid-\S*$' UUID pattern access permissions&#xD;
-&gt; done: FeatureAccessSteps.ThenTheTokenHasUUIDPatternAccessPermissions("^uuid-\S*$") (0.0s)&#xD;
* token pattern permission GET&#xD;
-&gt; done: FeatureAccessSteps.ThenTokenPatternPermissionGET() (0.0s)&#xD;
* token pattern permission UPDATE&#xD;
-&gt; done: FeatureAccessSteps.ThenTokenPatternPermissionUPDATE() (0.0s)&#xD;
* token pattern permission DELETE&#xD;
-&gt; done: FeatureAccessSteps.ThenTokenPatternPermissionDELETE() (0.0s)</StdOut>
      </Output>
    </UnitTestResult>
    <UnitTestResult executionId="552d6a97-0c60-4470-9a28-35f604a2d8ba" testId="2c1e01dd-81d9-12dc-ec1f-005830932e89" testName="EmptyDataEncryptionShouldFail(&quot;acrh&quot;,&quot;pubnubenigma&quot;,&quot;-&quot;,null)" computerName="fv-az1565-343" duration="00:00:00.0025650" startTime="2024-01-17T07:59:01.6459967+00:00" endTime="2024-01-17T07:59:01.6485611+00:00" testType="13cdc9d9-ddb5-4fa4-a97d-d965ccfc6d4b" outcome="Passed" testListId="8c84fa94-04c1-424b-9868-57a2d4851a1d" relativeResultsDirectory="552d6a97-0c60-4470-9a28-35f604a2d8ba">
      <Output>
        <StdOut>Given Crypto module with 'acrh' cryptor&#xD;
-&gt; done: CryptoModuleSteps.GivenCryptoModuleWithCryptor("acrh") (0.0s)&#xD;
* with 'pubnubenigma' cipher key&#xD;
-&gt; done: CryptoModuleSteps.GivenWithCipherKey("pubnubenigma") (0.0s)&#xD;
* with '-' vector&#xD;
-&gt; done: CryptoModuleSteps.GivenWithVector("-") (0.0s)&#xD;
When I encrypt 'empty-file.txt' file as 'binary'&#xD;
-&gt; done: CryptoModuleSteps.WhenIEncryptFileAs("empty-file.txt", "binary") (0.0s)&#xD;
Then I receive 'encryption error'&#xD;
-&gt; done: CryptoModuleSteps.ThenIReceive("encryption error") (0.0s)</StdOut>
      </Output>
    </UnitTestResult>
    <UnitTestResult executionId="bab98944-481c-49b1-a63f-59eb067a1f0c" testId="b2c9c319-05d3-858f-ecdb-c785279a33e5" testName="RemoveMemberForAChannel" computerName="fv-az1565-343" duration="00:00:00.0185690" startTime="2024-01-17T07:59:02.2265662+00:00" endTime="2024-01-17T07:59:02.2451352+00:00" testType="13cdc9d9-ddb5-4fa4-a97d-d965ccfc6d4b" outcome="Passed" testListId="8c84fa94-04c1-424b-9868-57a2d4851a1d" relativeResultsDirectory="bab98944-481c-49b1-a63f-59eb067a1f0c">
      <Output>
        <StdOut>Given I have a keyset with Objects V2 enabled&#xD;
-&gt; done: FeatureObjectsV2MetadataSteps.GivenIHaveAKeysetWithObjectsVEnabled(2) (0.0s)&#xD;
Given the id for 'Chat' channel&#xD;
-&gt; done: FeatureObjectsV2MetadataSteps.GivenTheIdForChannel("Chat") (0.0s)&#xD;
And the data for 'AmeliaMember' member that we want to remove&#xD;
-&gt; done: FeatureObjectsV2MetadataSteps.GivenTheDataForMemberThatWeWantToRemove("AmeliaMember") (0.0s)&#xD;
When I remove a channel member&#xD;
-&gt; done: FeatureObjectsV2MetadataSteps.WhenIRemoveAChannelMember() (0.0s)&#xD;
Then I receive a successful response&#xD;
-&gt; done: FeatureObjectsV2MetadataSteps.ThenIReceiveASuccessfulResponse() (0.0s)</StdOut>
      </Output>
    </UnitTestResult>
    <UnitTestResult executionId="549107f9-f84d-4ead-af1d-c4feacc0c588" testId="5271a851-e8d2-c42c-aad6-49024c68a9d5" testName="GetAllChannelMetadataWithCustom" computerName="fv-az1565-343" duration="00:00:00.0174060" startTime="2024-01-17T07:59:02.0857469+00:00" endTime="2024-01-17T07:59:02.1031535+00:00" testType="13cdc9d9-ddb5-4fa4-a97d-d965ccfc6d4b" outcome="Passed" testListId="8c84fa94-04c1-424b-9868-57a2d4851a1d" relativeResultsDirectory="549107f9-f84d-4ead-af1d-c4feacc0c588">
      <Output>
        <StdOut>Given I have a keyset with Objects V2 enabled&#xD;
-&gt; done: FeatureObjectsV2MetadataSteps.GivenIHaveAKeysetWithObjectsVEnabled(2) (0.0s)&#xD;
When I get all channel metadata with custom&#xD;
-&gt; done: FeatureObjectsV2MetadataSteps.WhenIGetAllChannelMetadataWithCustom() (0.0s)&#xD;
Then I receive a successful response&#xD;
-&gt; done: FeatureObjectsV2MetadataSteps.ThenIReceiveASuccessfulResponse() (0.0s)&#xD;
And the response contains list with 'DM' and 'VipChat' channel metadata&#xD;
-&gt; done: FeatureObjectsV2MetadataSteps.ThenTheResponseContainsListWithAndChannelMetadata("DM", "VipChat") (0.0s)</StdOut>
      </Output>
    </UnitTestResult>
    <UnitTestResult executionId="d9eaf95c-52a3-47f4-b2c9-49660f7372f9" testId="0992672a-4884-80d0-5142-7d4a75036ed9" testName="AttemptToGrantAnAccessTokenWithARegularExpressionContainingCapturingGroupsAndExpectAServerError" computerName="fv-az1565-343" duration="00:00:00.0116080" startTime="2024-01-17T07:59:01.8115825+00:00" endTime="2024-01-17T07:59:01.8231906+00:00" testType="13cdc9d9-ddb5-4fa4-a97d-d965ccfc6d4b" outcome="Passed" testListId="8c84fa94-04c1-424b-9868-57a2d4851a1d" relativeResultsDirectory="d9eaf95c-52a3-47f4-b2c9-49660f7372f9">
      <Output>
        <StdOut>Given I have a keyset with access manager enabled&#xD;
-&gt; done: FeatureAccessSteps.GivenIHaveAKeysetWithAccessManagerEnabled() (0.0s)&#xD;
Given the TTL 60&#xD;
-&gt; done: FeatureAccessSteps.GivenTheTTL(60) (0.0s)&#xD;
Given the '(!&lt;[^&gt;]+&gt;)+' UUID pattern access permissions&#xD;
-&gt; done: FeatureAccessSteps.GivenTheUUIDPatternAccessPermissions("(!&lt;[^&gt;]+&gt;)+") (0.0s)&#xD;
* grant pattern permission GET&#xD;
-&gt; done: FeatureAccessSteps.GivenGrantPatternPermissionGET() (0.0s)&#xD;
When I attempt to grant a token specifying those permissions&#xD;
-&gt; done: FeatureAccessSteps.WhenIAttemptToGrantATokenSpecifyingThosePermissions() (0.0s)&#xD;
Then an error is returned&#xD;
-&gt; done: FeatureAccessSteps.ThenAnErrorIsReturned() (0.0s)&#xD;
* the error status code is 400&#xD;
-&gt; done: FeatureAccessSteps.ThenTheErrorStatusCodeIs(400) (0.0s)&#xD;
* the error message is 'Invalid RegExp'&#xD;
-&gt; done: FeatureAccessSteps.ThenTheErrorMessageIs("Invalid RegExp") (0.0s)&#xD;
* the error source is 'grant'&#xD;
-&gt; done: FeatureAccessSteps.ThenTheErrorSourceIs("grant") (0.0s)&#xD;
* the error detail message is 'Only non-capturing groups are allowed. Try replacing `(` with `(?:`.'&#xD;
-&gt; done: FeatureAccessSteps.ThenTheErrorDetailMessageIs("Only non-capturin...") (0.0s)&#xD;
* the error detail location is 'permissions.patterns.uuids.(!&lt;[^&gt;]+&gt;)+'&#xD;
-&gt; done: FeatureAccessSteps.ThenTheErrorDetailLocationIs("permissions.patte...") (0.0s)&#xD;
* the error detail location type is 'body'&#xD;
-&gt; done: FeatureAccessSteps.ThenTheErrorDetailLocationTypeIs("body") (0.0s)</StdOut>
      </Output>
    </UnitTestResult>
    <UnitTestResult executionId="f46ee359-0c8f-464a-a17b-522488a08a92" testId="63f82b54-f147-1707-8ae8-1f771750a4c8" testName="GrantAnAccessTokenSuccessfullyWithAnAuthorizedUuid" computerName="fv-az1565-343" duration="00:00:00.0825830" startTime="2024-01-17T07:59:01.8232864+00:00" endTime="2024-01-17T07:59:01.9058701+00:00" testType="13cdc9d9-ddb5-4fa4-a97d-d965ccfc6d4b" outcome="Passed" testListId="8c84fa94-04c1-424b-9868-57a2d4851a1d" relativeResultsDirectory="f46ee359-0c8f-464a-a17b-522488a08a92">
      <Output>
        <StdOut>Given I have a keyset with access manager enabled&#xD;
-&gt; done: FeatureAccessSteps.GivenIHaveAKeysetWithAccessManagerEnabled() (0.0s)&#xD;
Given the authorized UUID "test-authorized-uuid"&#xD;
-&gt; done: FeatureAccessSteps.GivenTheAuthorizedUUID("test-authorized-uuid") (0.0s)&#xD;
Given the TTL 60&#xD;
-&gt; done: FeatureAccessSteps.GivenTheTTL(60) (0.0s)&#xD;
Given the 'channel-1' CHANNEL resource access permissions&#xD;
-&gt; done: FeatureAccessSteps.GivenTheCHANNELResourceAccessPermissions("channel-1") (0.0s)&#xD;
* grant resource permission READ&#xD;
-&gt; done: FeatureAccessSteps.GivenGrantResourcePermissionREAD() (0.0s)&#xD;
When I grant a token specifying those permissions&#xD;
-&gt; done: FeatureAccessSteps.WhenIGrantATokenSpecifyingThosePermissions() (0.0s)&#xD;
Then the token contains the TTL 60&#xD;
-&gt; done: FeatureAccessSteps.ThenTheTokenContainsTheTTL(60) (0.0s)&#xD;
Then the token contains the authorized UUID "test-authorized-uuid"&#xD;
-&gt; done: FeatureAccessSteps.ThenTheTokenContainsTheAuthorizedUUID("test-authorized-uuid") (0.0s)&#xD;
Then the token has 'channel-1' CHANNEL resource access permissions&#xD;
-&gt; done: FeatureAccessSteps.ThenTheTokenHasCHANNELResourceAccessPermissions("channel-1") (0.0s)&#xD;
* token resource permission READ&#xD;
-&gt; done: FeatureAccessSteps.ThenTokenResourcePermissionREAD() (0.0s)</StdOut>
      </Output>
    </UnitTestResult>
    <UnitTestResult executionId="d9da0717-fea0-4ba5-a225-56e20eef9908" testId="947b833a-a96c-d64f-e9e3-0beaa935d4d5" testName="SetAChannelMetadata" computerName="fv-az1565-343" duration="00:00:00.0268280" startTime="2024-01-17T07:59:02.1218336+00:00" endTime="2024-01-17T07:59:02.1486613+00:00" testType="13cdc9d9-ddb5-4fa4-a97d-d965ccfc6d4b" outcome="Passed" testListId="8c84fa94-04c1-424b-9868-57a2d4851a1d" relativeResultsDirectory="d9da0717-fea0-4ba5-a225-56e20eef9908">
      <Output>
        <StdOut>Given I have a keyset with Objects V2 enabled&#xD;
-&gt; done: FeatureObjectsV2MetadataSteps.GivenIHaveAKeysetWithObjectsVEnabled(2) (0.0s)&#xD;
Given the data for 'Chat' channel&#xD;
-&gt; done: FeatureObjectsV2MetadataSteps.GivenTheDataForChannel("Chat") (0.0s)&#xD;
When I set the channel metadata&#xD;
-&gt; done: FeatureObjectsV2MetadataSteps.WhenISetTheChannelMetadata() (0.0s)&#xD;
Then I receive a successful response&#xD;
-&gt; done: FeatureObjectsV2MetadataSteps.ThenIReceiveASuccessfulResponse() (0.0s)&#xD;
And the channel metadata for 'Chat' channel contains updated&#xD;
-&gt; done: FeatureObjectsV2MetadataSteps.ThenTheChannelMetadataForChannelContainsUpdated("Chat") (0.0s)</StdOut>
      </Output>
    </UnitTestResult>
    <UnitTestResult executionId="e47529b6-2c62-465f-a3f5-1ffbcbd99f3c" testId="96ff7052-903d-d61a-0cb2-cdee63831172" testName="RemoveMembership" computerName="fv-az1565-343" duration="00:00:00.0177870" startTime="2024-01-17T07:59:02.4514031+00:00" endTime="2024-01-17T07:59:02.4691903+00:00" testType="13cdc9d9-ddb5-4fa4-a97d-d965ccfc6d4b" outcome="Passed" testListId="8c84fa94-04c1-424b-9868-57a2d4851a1d" relativeResultsDirectory="e47529b6-2c62-465f-a3f5-1ffbcbd99f3c">
      <Output>
        <StdOut>Given I have a keyset with Objects V2 enabled&#xD;
-&gt; done: FeatureObjectsV2MetadataSteps.GivenIHaveAKeysetWithObjectsVEnabled(2) (0.0s)&#xD;
Given the id for 'Alice' persona&#xD;
-&gt; done: FeatureObjectsV2MetadataSteps.GivenTheIdForPersona("Alice") (0.0s)&#xD;
And the data for 'ChatMembership' membership&#xD;
-&gt; done: FeatureObjectsV2MetadataSteps.GivenTheDataForMembership("ChatMembership") (0.0s)&#xD;
When I remove the membership&#xD;
-&gt; done: FeatureObjectsV2MetadataSteps.WhenIRemoveTheMembership() (0.0s)&#xD;
Then I receive a successful response&#xD;
-&gt; done: FeatureObjectsV2MetadataSteps.ThenIReceiveASuccessfulResponse() (0.0s)</StdOut>
      </Output>
    </UnitTestResult>
    <UnitTestResult executionId="c94c4c24-b3cb-4af2-a3ad-2d1d763ef7d9" testId="02e294ba-02db-f21e-dc59-8e7c9444841f" testName="EmptyDataEncryptionShouldFail(&quot;legacy&quot;,&quot;pubnubenigma&quot;,&quot;constant&quot;,null)" computerName="fv-az1565-343" duration="00:00:00.0023040" startTime="2024-01-17T07:59:01.6415044+00:00" endTime="2024-01-17T07:59:01.6438085+00:00" testType="13cdc9d9-ddb5-4fa4-a97d-d965ccfc6d4b" outcome="Passed" testListId="8c84fa94-04c1-424b-9868-57a2d4851a1d" relativeResultsDirectory="c94c4c24-b3cb-4af2-a3ad-2d1d763ef7d9">
      <Output>
        <StdOut>Given Crypto module with 'legacy' cryptor&#xD;
-&gt; done: CryptoModuleSteps.GivenCryptoModuleWithCryptor("legacy") (0.0s)&#xD;
* with 'pubnubenigma' cipher key&#xD;
-&gt; done: CryptoModuleSteps.GivenWithCipherKey("pubnubenigma") (0.0s)&#xD;
* with 'constant' vector&#xD;
-&gt; done: CryptoModuleSteps.GivenWithVector("constant") (0.0s)&#xD;
When I encrypt 'empty-file.txt' file as 'binary'&#xD;
-&gt; done: CryptoModuleSteps.WhenIEncryptFileAs("empty-file.txt", "binary") (0.0s)&#xD;
Then I receive 'encryption error'&#xD;
-&gt; done: CryptoModuleSteps.ThenIReceive("encryption error") (0.0s)</StdOut>
      </Output>
    </UnitTestResult>
    <UnitTestResult executionId="d73f1196-d81d-4e56-ac22-f953c52c9a36" testId="19276ea0-e69e-d8c1-5f86-fbe82fc4defb" testName="AES_CBCCryptorDataHeaderCanBeProcessed(&quot;pubnubenigma&quot;,&quot;file-cryptor-unknown-acrh.jpg&quot;,&quot;unknown cryptor error&quot;,null)" computerName="fv-az1565-343" duration="00:00:00.0029180" startTime="2024-01-17T07:59:01.4620480+00:00" endTime="2024-01-17T07:59:01.4649662+00:00" testType="13cdc9d9-ddb5-4fa4-a97d-d965ccfc6d4b" outcome="Passed" testListId="8c84fa94-04c1-424b-9868-57a2d4851a1d" relativeResultsDirectory="d73f1196-d81d-4e56-ac22-f953c52c9a36">
      <Output>
        <StdOut>Given Crypto module with 'acrh' cryptor&#xD;
-&gt; done: CryptoModuleSteps.GivenCryptoModuleWithCryptor("acrh") (0.0s)&#xD;
* with 'pubnubenigma' cipher key&#xD;
-&gt; done: CryptoModuleSteps.GivenWithCipherKey("pubnubenigma") (0.0s)&#xD;
When I decrypt 'file-cryptor-unknown-acrh.jpg' file&#xD;
-&gt; done: CryptoModuleSteps.WhenIDecryptFile("file-cryptor-unkn...") (0.0s)&#xD;
Then I receive 'unknown cryptor error'&#xD;
-&gt; done: CryptoModuleSteps.ThenIReceive("unknown cryptor e...") (0.0s)</StdOut>
      </Output>
    </UnitTestResult>
    <UnitTestResult executionId="38295d1d-a7f7-4220-beba-9adeba927b4f" testId="b811bc2b-ac6c-1eab-5504-b3af1ec9a805" testName="RevokeATokenWithCharactersThatRequireUrlEncoding" computerName="fv-az1565-343" duration="00:00:00.0099760" startTime="2024-01-17T07:59:02.6685347+00:00" endTime="2024-01-17T07:59:02.6785107+00:00" testType="13cdc9d9-ddb5-4fa4-a97d-d965ccfc6d4b" outcome="Passed" testListId="8c84fa94-04c1-424b-9868-57a2d4851a1d" relativeResultsDirectory="38295d1d-a7f7-4220-beba-9adeba927b4f">
      <Output>
        <StdOut>Given I have a keyset with access manager enabled&#xD;
-&gt; done: FeatureAccessSteps.GivenIHaveAKeysetWithAccessManagerEnabled() (0.0s)&#xD;
Given the token string 'unescaped-_.ABCabc123 escaped;,/?:@&amp;=+$#'&#xD;
-&gt; done: FeatureAccessSteps.GivenTheTokenString("unescaped-_.ABCab...") (0.0s)&#xD;
When I revoke a token&#xD;
-&gt; done: FeatureAccessSteps.WhenIRevokeAToken() (0.0s)&#xD;
Then I get confirmation that token has been revoked&#xD;
-&gt; done: FeatureAccessSteps.ThenIGetConfirmationThatTokenHasBeenRevoked() (0.0s)</StdOut>
      </Output>
    </UnitTestResult>
    <UnitTestResult executionId="b85c03b2-cad9-49ea-a452-b460287c66b4" testId="238d7046-3682-e357-765d-2a21c813602e" testName="AttemptToGrantAnAccessTokenWithARegularExpressionContainingASyntaxErrorAndExpectAServerError" computerName="fv-az1565-343" duration="00:00:00.0107720" startTime="2024-01-17T07:59:01.8007705+00:00" endTime="2024-01-17T07:59:01.8115427+00:00" testType="13cdc9d9-ddb5-4fa4-a97d-d965ccfc6d4b" outcome="Passed" testListId="8c84fa94-04c1-424b-9868-57a2d4851a1d" relativeResultsDirectory="b85c03b2-cad9-49ea-a452-b460287c66b4">
      <Output>
        <StdOut>Given I have a keyset with access manager enabled&#xD;
-&gt; done: FeatureAccessSteps.GivenIHaveAKeysetWithAccessManagerEnabled() (0.0s)&#xD;
Given the TTL 60&#xD;
-&gt; done: FeatureAccessSteps.GivenTheTTL(60) (0.0s)&#xD;
Given the '!&lt;[^&gt;]+&gt;++' UUID pattern access permissions&#xD;
-&gt; done: FeatureAccessSteps.GivenTheUUIDPatternAccessPermissions("!&lt;[^&gt;]+&gt;++") (0.0s)&#xD;
* grant pattern permission GET&#xD;
-&gt; done: FeatureAccessSteps.GivenGrantPatternPermissionGET() (0.0s)&#xD;
When I attempt to grant a token specifying those permissions&#xD;
-&gt; done: FeatureAccessSteps.WhenIAttemptToGrantATokenSpecifyingThosePermissions() (0.0s)&#xD;
Then an error is returned&#xD;
-&gt; done: FeatureAccessSteps.ThenAnErrorIsReturned() (0.0s)&#xD;
* the error status code is 400&#xD;
-&gt; done: FeatureAccessSteps.ThenTheErrorStatusCodeIs(400) (0.0s)&#xD;
* the error message is 'Invalid RegExp'&#xD;
-&gt; done: FeatureAccessSteps.ThenTheErrorMessageIs("Invalid RegExp") (0.0s)&#xD;
* the error source is 'grant'&#xD;
-&gt; done: FeatureAccessSteps.ThenTheErrorSourceIs("grant") (0.0s)&#xD;
* the error detail message is 'Syntax error: multiple repeat.'&#xD;
-&gt; done: FeatureAccessSteps.ThenTheErrorDetailMessageIs("Syntax error: mul...") (0.0s)&#xD;
* the error detail location is 'permissions.patterns.uuids.!&lt;[^&gt;]+&gt;++'&#xD;
-&gt; done: FeatureAccessSteps.ThenTheErrorDetailLocationIs("permissions.patte...") (0.0s)&#xD;
* the error detail location type is 'body'&#xD;
-&gt; done: FeatureAccessSteps.ThenTheErrorDetailLocationTypeIs("body") (0.0s)</StdOut>
      </Output>
    </UnitTestResult>
    <UnitTestResult executionId="9b43153e-63cc-4307-b0a8-40331d8e1b05" testId="d717777f-cd83-a14f-a06e-85ad7a167630" testName="GetAUUIDMetadataForId" computerName="fv-az1565-343" duration="00:00:00.0230110" startTime="2024-01-17T07:59:02.5561685+00:00" endTime="2024-01-17T07:59:02.5791793+00:00" testType="13cdc9d9-ddb5-4fa4-a97d-d965ccfc6d4b" outcome="Passed" testListId="8c84fa94-04c1-424b-9868-57a2d4851a1d" relativeResultsDirectory="9b43153e-63cc-4307-b0a8-40331d8e1b05">
      <Output>
        <StdOut>Given I have a keyset with Objects V2 enabled&#xD;
-&gt; done: FeatureObjectsV2MetadataSteps.GivenIHaveAKeysetWithObjectsVEnabled(2) (0.0s)&#xD;
Given the id for 'Alice' persona&#xD;
-&gt; done: FeatureObjectsV2MetadataSteps.GivenTheIdForPersona("Alice") (0.0s)&#xD;
When I get the UUID metadata&#xD;
-&gt; done: FeatureObjectsV2MetadataSteps.WhenIGetTheUUIDMetadata() (0.0s)&#xD;
Then I receive a successful response&#xD;
-&gt; done: FeatureObjectsV2MetadataSteps.ThenIReceiveASuccessfulResponse() (0.0s)&#xD;
And the UUID metadata for 'Alice' persona&#xD;
-&gt; done: FeatureObjectsV2MetadataSteps.ThenTheUUIDMetadataForPersona("Alice") (0.0s)</StdOut>
      </Output>
    </UnitTestResult>
    <UnitTestResult executionId="07153d31-8e69-40eb-a38f-9fc0cc335cce" testId="e310fc10-3907-7ad0-6cbe-cc9e48d5e1fa" testName="DataEncryptedWithLegacyAES_CBCCryptorIsDecryptableWithLegacyImplementation(&quot;pubnubenigma&quot;,&quot;constant&quot;,&quot;file.jpg&quot;,null)" computerName="fv-az1565-343" duration="00:00:00.0032350" startTime="2024-01-17T07:59:01.6227493+00:00" endTime="2024-01-17T07:59:01.6259840+00:00" testType="13cdc9d9-ddb5-4fa4-a97d-d965ccfc6d4b" outcome="Passed" testListId="8c84fa94-04c1-424b-9868-57a2d4851a1d" relativeResultsDirectory="07153d31-8e69-40eb-a38f-9fc0cc335cce">
      <Output>
        <StdOut>Given Crypto module with 'legacy' cryptor&#xD;
-&gt; done: CryptoModuleSteps.GivenCryptoModuleWithCryptor("legacy") (0.0s)&#xD;
* with 'pubnubenigma' cipher key&#xD;
-&gt; done: CryptoModuleSteps.GivenWithCipherKey("pubnubenigma") (0.0s)&#xD;
* with 'constant' vector&#xD;
-&gt; done: CryptoModuleSteps.GivenWithVector("constant") (0.0s)&#xD;
Given Legacy code with 'pubnubenigma' cipher key and 'constant' vector&#xD;
-&gt; done: CryptoModuleSteps.GivenLegacyCodeWithCipherKeyAndVector("pubnubenigma", "constant") (0.0s)&#xD;
When I encrypt 'file.jpg' file as 'binary'&#xD;
-&gt; done: CryptoModuleSteps.WhenIEncryptFileAs("file.jpg", "binary") (0.0s)&#xD;
Then Successfully decrypt an encrypted file with legacy code&#xD;
-&gt; done: CryptoModuleSteps.ThenSuccessfullyDecryptAnEncryptedFileWithLegacyCode() (0.0s)</StdOut>
      </Output>
    </UnitTestResult>
    <UnitTestResult executionId="40bfdacc-1b57-4fab-ba72-46dfe42cb4ca" testId="60e5b02d-603e-8172-2213-6ea7fd0250af" testName="AES_CBCCryptorDataHeaderCanBeProcessed(&quot;pubnubenigma&quot;,&quot;file-cryptor-no-version.txt&quot;,&quot;decryption error&quot;,null)" computerName="fv-az1565-343" duration="00:00:00.0043420" startTime="2024-01-17T07:59:01.4576838+00:00" endTime="2024-01-17T07:59:01.4620256+00:00" testType="13cdc9d9-ddb5-4fa4-a97d-d965ccfc6d4b" outcome="Passed" testListId="8c84fa94-04c1-424b-9868-57a2d4851a1d" relativeResultsDirectory="40bfdacc-1b57-4fab-ba72-46dfe42cb4ca">
      <Output>
        <StdOut>Given Crypto module with 'acrh' cryptor&#xD;
-&gt; done: CryptoModuleSteps.GivenCryptoModuleWithCryptor("acrh") (0.0s)&#xD;
* with 'pubnubenigma' cipher key&#xD;
-&gt; done: CryptoModuleSteps.GivenWithCipherKey("pubnubenigma") (0.0s)&#xD;
When I decrypt 'file-cryptor-no-version.txt' file&#xD;
-&gt; done: CryptoModuleSteps.WhenIDecryptFile("file-cryptor-no-v...") (0.0s)&#xD;
Then I receive 'decryption error'&#xD;
-&gt; done: CryptoModuleSteps.ThenIReceive("decryption error") (0.0s)</StdOut>
      </Output>
    </UnitTestResult>
[...]
&#xD;
Given I have a keyset with Objects V2 enabled&#xD;
-&gt; done: FeatureObjectsV2MetadataSteps.GivenIHaveAKeysetWithObjectsVEnabled(2) (0.0s)&#xD;
Given the id for 'Chat' channel&#xD;
-&gt; done: FeatureObjectsV2MetadataSteps.GivenTheIdForChannel("Chat") (0.0s)&#xD;
When I get the channel members&#xD;
-&gt; done: FeatureObjectsV2MetadataSteps.WhenIGetTheChannelMembers() (0.0s)&#xD;
Then I receive a successful response&#xD;
-&gt; done: FeatureObjectsV2MetadataSteps.ThenIReceiveASuccessfulResponse() (0.0s)&#xD;
And the response contains list with 'AmeliaMember' and 'EvaMember' members&#xD;
-&gt; done: FeatureObjectsV2MetadataSteps.ThenTheResponseContainsListWithAndMembers("AmeliaMember", "EvaMember") (0.0s)&#xD;
&#xD;
Given I have a keyset with Objects V2 enabled&#xD;
-&gt; done: FeatureObjectsV2MetadataSteps.GivenIHaveAKeysetWithObjectsVEnabled(2) (0.0s)&#xD;
Given the id for 'VipChat' channel&#xD;
-&gt; done: FeatureObjectsV2MetadataSteps.GivenTheIdForChannel("VipChat") (0.0s)&#xD;
When I get the channel members including custom and UUID custom information&#xD;
-&gt; done: FeatureObjectsV2MetadataSteps.WhenIGetTheChannelMembersIncludingCustomAndUUIDCustomInformation() (0.0s)&#xD;
Then I receive a successful response&#xD;
-&gt; done: FeatureObjectsV2MetadataSteps.ThenIReceiveASuccessfulResponse() (0.0s)&#xD;
And the response contains list with 'OliverMember' and 'PeterMember' members&#xD;
-&gt; done: FeatureObjectsV2MetadataSteps.ThenTheResponseContainsListWithAndMembers("OliverMember", "PeterMember") (0.0s)&#xD;
&#xD;
Given I have a keyset with Objects V2 enabled&#xD;
-&gt; done: FeatureObjectsV2MetadataSteps.GivenIHaveAKeysetWithObjectsVEnabled(2) (0.0s)&#xD;
Given the data for 'PeterMember' member&#xD;
-&gt; done: FeatureObjectsV2MetadataSteps.GivenTheDataForMember("PeterMember") (0.0s)&#xD;
And the data for 'AmeliaMember' member that we want to remove&#xD;
-&gt; done: FeatureObjectsV2MetadataSteps.GivenTheDataForMemberThatWeWantToRemove("AmeliaMember") (0.0s)&#xD;
And the id for 'Chat' channel&#xD;
-&gt; done: FeatureObjectsV2MetadataSteps.GivenTheIdForChannel("Chat") (0.0s)&#xD;
When I manage channel members&#xD;
-&gt; done: FeatureObjectsV2MetadataSteps.WhenIManageChannelMembers() (0.0s)&#xD;
Then I receive a successful response&#xD;
-&gt; done: FeatureObjectsV2MetadataSteps.ThenIReceiveASuccessfulResponse() (0.0s)&#xD;
And the response contains list with 'PeterMember' member&#xD;
-&gt; done: FeatureObjectsV2MetadataSteps.ThenTheResponseContainsListWithMember("PeterMember") (0.0s)&#xD;
And the response does not contain list with 'AmeliaMember' member&#xD;
-&gt; done: FeatureObjectsV2MetadataSteps.ThenTheResponseDoesNotContainListWithMember("AmeliaMember") (0.0s)&#xD;
&#xD;
Given I have a keyset with Objects V2 enabled&#xD;
-&gt; done: FeatureObjectsV2MetadataSteps.GivenIHaveAKeysetWithObjectsVEnabled(2) (0.0s)&#xD;
Given the id for 'Chat' channel&#xD;
-&gt; done: FeatureObjectsV2MetadataSteps.GivenTheIdForChannel("Chat") (0.0s)&#xD;
And the data for 'AmeliaMember' member that we want to remove&#xD;
-&gt; done: FeatureObjectsV2MetadataSteps.GivenTheDataForMemberThatWeWantToRemove("AmeliaMember") (0.0s)&#xD;
When I remove a channel member&#xD;
-&gt; done: FeatureObjectsV2MetadataSteps.WhenIRemoveAChannelMember() (0.0s)&#xD;
Then I receive a successful response&#xD;
-&gt; done: FeatureObjectsV2MetadataSteps.ThenIReceiveASuccessfulResponse() (0.0s)&#xD;
&#xD;
Given I have a keyset with Objects V2 enabled&#xD;
-&gt; done: FeatureObjectsV2MetadataSteps.GivenIHaveAKeysetWithObjectsVEnabled(2) (0.0s)&#xD;
Given the data for 'AmeliaMember' member&#xD;
-&gt; done: FeatureObjectsV2MetadataSteps.GivenTheDataForMember("AmeliaMember") (0.0s)&#xD;
And the id for 'Chat' channel&#xD;
-&gt; done: FeatureObjectsV2MetadataSteps.GivenTheIdForChannel("Chat") (0.0s)&#xD;
When I set a channel member&#xD;
-&gt; done: FeatureObjectsV2MetadataSteps.WhenISetAChannelMember() (0.0s)&#xD;
Then I receive a successful response&#xD;
-&gt; done: FeatureObjectsV2MetadataSteps.ThenIReceiveASuccessfulResponse() (0.0s)&#xD;
And the response contains list with 'AmeliaMember' member&#xD;
-&gt; done: FeatureObjectsV2MetadataSteps.ThenTheResponseContainsListWithMember("AmeliaMember") (0.0s)&#xD;
&#xD;
Given I have a keyset with Objects V2 enabled&#xD;
-&gt; done: FeatureObjectsV2MetadataSteps.GivenIHaveAKeysetWithObjectsVEnabled(2) (0.0s)&#xD;
Given the data for 'PeterMember' member&#xD;
-&gt; done: FeatureObjectsV2MetadataSteps.GivenTheDataForMember("PeterMember") (0.0s)&#xD;
And the id for 'Chat' channel&#xD;
-&gt; done: FeatureObjectsV2MetadataSteps.GivenTheIdForChannel("Chat") (0.0s)&#xD;
When I set a channel member including custom and UUID with custom&#xD;
-&gt; done: FeatureObjectsV2MetadataSteps.WhenISetAChannelMemberIncludingCustomAndUUIDWithCustom() (0.0s)&#xD;
Then I receive a successful response&#xD;
-&gt; done: FeatureObjectsV2MetadataSteps.ThenIReceiveASuccessfulResponse() (0.0s)&#xD;
And the response contains list with 'PeterMember' member&#xD;
-&gt; done: FeatureObjectsV2MetadataSteps.ThenTheResponseContainsListWithMember("PeterMember") (0.0s)&#xD;
&#xD;
Given I have a keyset with Objects V2 enabled&#xD;
-&gt; done: FeatureObjectsV2MetadataSteps.GivenIHaveAKeysetWithObjectsVEnabled(2) (0.0s)&#xD;
Given current user is 'Alice' persona&#xD;
-&gt; done: FeatureObjectsV2MetadataSteps.GivenCurrentUserIsPersona("Alice") (0.0s)&#xD;
When I get the memberships for current user&#xD;
-&gt; done: FeatureObjectsV2MetadataSteps.WhenIGetTheMembershipsForCurrentUser() (0.0s)&#xD;
Then I receive a successful response&#xD;
-&gt; done: FeatureObjectsV2MetadataSteps.ThenIReceiveASuccessfulResponse() (0.0s)&#xD;
And the response contains list with 'ChatMembership' and 'PatientMembership' memberships&#xD;
-&gt; done: FeatureObjectsV2MetadataSteps.ThenTheResponseContainsListWithAndMemberships("ChatMembership", "PatientMembership") (0.0s)&#xD;
&#xD;
Given I have a keyset with Objects V2 enabled&#xD;
-&gt; done: FeatureObjectsV2MetadataSteps.GivenIHaveAKeysetWithObjectsVEnabled(2) (0.0s)&#xD;
Given the id for 'Alice' persona&#xD;
-&gt; done: FeatureObjectsV2MetadataSteps.GivenTheIdForPersona("Alice") (0.0s)&#xD;
When I get the memberships&#xD;
-&gt; done: FeatureObjectsV2MetadataSteps.WhenIGetTheMemberships() (0.1s)&#xD;
Then I receive a successful response&#xD;
-&gt; done: FeatureObjectsV2MetadataSteps.ThenIReceiveASuccessfulResponse() (0.0s)&#xD;
And the response contains list with 'ChatMembership' and 'PatientMembership' memberships&#xD;
-&gt; done: FeatureObjectsV2MetadataSteps.ThenTheResponseContainsListWithAndMemberships("ChatMembership", "PatientMembership") (0.0s)&#xD;
&#xD;
Given I have a keyset with Objects V2 enabled&#xD;
-&gt; done: FeatureObjectsV2MetadataSteps.GivenIHaveAKeysetWithObjectsVEnabled(2) (0.0s)&#xD;
Given the id for 'Bob' persona&#xD;
-&gt; done: FeatureObjectsV2MetadataSteps.GivenTheIdForPersona("Bob") (0.0s)&#xD;
When I get the memberships including custom and channel custom information&#xD;
-&gt; done: FeatureObjectsV2MetadataSteps.WhenIGetTheMembershipsIncludingCustomAndChannelCustomInformation() (0.0s)&#xD;
Then I receive a successful response&#xD;
-&gt; done: FeatureObjectsV2MetadataSteps.ThenIReceiveASuccessfulResponse() (0.0s)&#xD;
And the response contains list with 'VipChatMembership' and 'DMMembership' memberships&#xD;
-&gt; done: FeatureObjectsV2MetadataSteps.ThenTheResponseContainsListWithAndMemberships("VipChatMembership", "DMMembership") (0.0s)&#xD;
&#xD;
Given I have a keyset with Objects V2 enabled&#xD;
-&gt; done: FeatureObjectsV2MetadataSteps.GivenIHaveAKeysetWithObjectsVEnabled(2) (0.0s)&#xD;
Given the id for 'Alice' persona&#xD;
-&gt; done: FeatureObjectsV2MetadataSteps.GivenTheIdForPersona("Alice") (0.0s)&#xD;
And the data for 'ChatMembership' membership&#xD;
-&gt; done: FeatureObjectsV2MetadataSteps.GivenTheDataForMembership("ChatMembership") (0.0s)&#xD;
And the data for 'PatientMembership' membership that we want to remove&#xD;
-&gt; done: FeatureObjectsV2MetadataSteps.GivenTheDataForMembershipThatWeWantToRemove("PatientMembership") (0.0s)&#xD;
When I manage memberships&#xD;
-&gt; done: FeatureObjectsV2MetadataSteps.WhenIManageMemberships() (0.0s)&#xD;
Then I receive a successful response&#xD;
-&gt; done: FeatureObjectsV2MetadataSteps.ThenIReceiveASuccessfulResponse() (0.0s)&#xD;
And the response contains list with 'ChatMembership' membership&#xD;
-&gt; done: FeatureObjectsV2MetadataSteps.ThenTheResponseContainsListWithMembership("ChatMembership") (0.0s)&#xD;
And the response does not contain list with 'PatientMembership' membership&#xD;
-&gt; done: FeatureObjectsV2MetadataSteps.ThenTheResponseDoesNotContainListWithMembership("PatientMembership") (0.0s)&#xD;
&#xD;
Given I have a keyset with Objects V2 enabled&#xD;
-&gt; done: FeatureObjectsV2MetadataSteps.GivenIHaveAKeysetWithObjectsVEnabled(2) (0.0s)&#xD;
Given the id for 'Alice' persona&#xD;
-&gt; done: FeatureObjectsV2MetadataSteps.GivenTheIdForPersona("Alice") (0.0s)&#xD;
And the data for 'ChatMembership' membership&#xD;
-&gt; done: FeatureObjectsV2MetadataSteps.GivenTheDataForMembership("ChatMembership") (0.0s)&#xD;
When I remove the membership&#xD;
-&gt; done: FeatureObjectsV2MetadataSteps.WhenIRemoveTheMembership() (0.0s)&#xD;
Then I receive a successful response&#xD;
-&gt; done: FeatureObjectsV2MetadataSteps.ThenIReceiveASuccessfulResponse() (0.0s)&#xD;
&#xD;
Given I have a keyset with Objects V2 enabled&#xD;
-&gt; done: FeatureObjectsV2MetadataSteps.GivenIHaveAKeysetWithObjectsVEnabled(2) (0.0s)&#xD;
Given current user is 'Alice' persona&#xD;
-&gt; done: FeatureObjectsV2MetadataSteps.GivenCurrentUserIsPersona("Alice") (0.0s)&#xD;
And the data for 'ChatMembership' membership that we want to remove&#xD;
-&gt; done: FeatureObjectsV2MetadataSteps.GivenTheDataForMembershipThatWeWantToRemove("ChatMembership") (0.0s)&#xD;
When I remove the membership for current user&#xD;
-&gt; done: FeatureObjectsV2MetadataSteps.WhenIRemoveTheMembershipForCurrentUser() (0.0s)&#xD;
Then I receive a successful response&#xD;
-&gt; done: FeatureObjectsV2MetadataSteps.ThenIReceiveASuccessfulResponse() (0.0s)&#xD;
&#xD;
Given I have a keyset with Objects V2 enabled&#xD;
-&gt; done: FeatureObjectsV2MetadataSteps.GivenIHaveAKeysetWithObjectsVEnabled(2) (0.0s)&#xD;
Given the id for 'Alice' persona&#xD;
-&gt; done: FeatureObjectsV2MetadataSteps.GivenTheIdForPersona("Alice") (0.0s)&#xD;
And the data for 'ChatMembership' membership&#xD;
-&gt; done: FeatureObjectsV2MetadataSteps.GivenTheDataForMembership("ChatMembership") (0.0s)&#xD;
When I set the membership&#xD;
-&gt; done: FeatureObjectsV2MetadataSteps.WhenISetTheMembership() (0.0s)&#xD;
Then I receive a successful response&#xD;
-&gt; done: FeatureObjectsV2MetadataSteps.ThenIReceiveASuccessfulResponse() (0.0s)&#xD;
And the response contains list with 'ChatMembership' membership&#xD;
-&gt; done: FeatureObjectsV2MetadataSteps.ThenTheResponseContainsListWithMembership("ChatMembership") (0.0s)&#xD;
&#xD;
Given I have a keyset with Objects V2 enabled&#xD;
-&gt; done: FeatureObjectsV2MetadataSteps.GivenIHaveAKeysetWithObjectsVEnabled(2) (0.0s)&#xD;
Given current user is 'Alice' persona&#xD;
-&gt; done: FeatureObjectsV2MetadataSteps.GivenCurrentUserIsPersona("Alice") (0.0s)&#xD;
And the data for 'ChatMembership' membership&#xD;
-&gt; done: FeatureObjectsV2MetadataSteps.GivenTheDataForMembership("ChatMembership") (0.0s)&#xD;
When I set the membership for current user&#xD;
-&gt; done: FeatureObjectsV2MetadataSteps.WhenISetTheMembershipForCurrentUser() (0.0s)&#xD;
Then I receive a successful response&#xD;
-&gt; done: FeatureObjectsV2MetadataSteps.ThenIReceiveASuccessfulResponse() (0.0s)&#xD;
And the response contains list with 'ChatMembership' membership&#xD;
-&gt; done: FeatureObjectsV2MetadataSteps.ThenTheResponseContainsListWithMembership("ChatMembership") (0.0s)&#xD;
&#xD;
Given I have a keyset with Objects V2 enabled&#xD;
-&gt; done: FeatureObjectsV2MetadataSteps.GivenIHaveAKeysetWithObjectsVEnabled(2) (0.0s)&#xD;
When I get all UUID metadata&#xD;
-&gt; done: FeatureObjectsV2MetadataSteps.WhenIGetAllUUIDMetadata() (0.0s)&#xD;
Then I receive a successful response&#xD;
-&gt; done: FeatureObjectsV2MetadataSteps.ThenIReceiveASuccessfulResponse() (0.0s)&#xD;
And the response contains list with 'Alice' and 'James' UUID metadata&#xD;
-&gt; done: FeatureObjectsV2MetadataSteps.ThenTheResponseContainsListWithAndUUIDMetadata("Alice", "James") (0.0s)&#xD;
&#xD;
Given I have a keyset with Objects V2 enabled&#xD;
-&gt; done: FeatureObjectsV2MetadataSteps.GivenIHaveAKeysetWithObjectsVEnabled(2) (0.0s)&#xD;
When I get all UUID metadata with custom&#xD;
-&gt; done: FeatureObjectsV2MetadataSteps.WhenIGetAllUUIDMetadataWithCustom() (0.0s)&#xD;
Then I receive a successful response&#xD;
-&gt; done: FeatureObjectsV2MetadataSteps.ThenIReceiveASuccessfulResponse() (0.0s)&#xD;
And the response contains list with 'Bob' and 'Lisa' UUID metadata&#xD;
-&gt; done: FeatureObjectsV2MetadataSteps.ThenTheResponseContainsListWithAndUUIDMetadata("Bob", "Lisa") (0.0s)&#xD;
&#xD;
Given I have a keyset with Objects V2 enabled&#xD;
-&gt; done: FeatureObjectsV2MetadataSteps.GivenIHaveAKeysetWithObjectsVEnabled(2) (0.0s)&#xD;
Given the id for 'Alice' persona&#xD;
-&gt; done: FeatureObjectsV2MetadataSteps.GivenTheIdForPersona("Alice") (0.0s)&#xD;
When I get the UUID metadata&#xD;
-&gt; done: FeatureObjectsV2MetadataSteps.WhenIGetTheUUIDMetadata() (0.0s)&#xD;
Then I receive a successful response&#xD;
-&gt; done: FeatureObjectsV2MetadataSteps.ThenIReceiveASuccessfulResponse() (0.0s)&#xD;
And the UUID metadata for 'Alice' persona&#xD;
-&gt; done: FeatureObjectsV2MetadataSteps.ThenTheUUIDMetadataForPersona("Alice") (0.0s)&#xD;
&#xD;
Given I have a keyset with Objects V2 enabled&#xD;
-&gt; done: FeatureObjectsV2MetadataSteps.GivenIHaveAKeysetWithObjectsVEnabled(2) (0.0s)&#xD;
Given current user is 'Bob' persona&#xD;
-&gt; done: FeatureObjectsV2MetadataSteps.GivenCurrentUserIsPersona("Bob") (0.0s)&#xD;
When I get the UUID metadata with custom for current user&#xD;
-&gt; done: FeatureObjectsV2MetadataSteps.WhenIGetTheUUIDMetadataWithCustomForCurrentUser() (0.0s)&#xD;
Then I receive a successful response&#xD;
-&gt; done: FeatureObjectsV2MetadataSteps.ThenIReceiveASuccessfulResponse() (0.0s)&#xD;
And the UUID metadata for 'Bob' persona&#xD;
-&gt; done: FeatureObjectsV2MetadataSteps.ThenTheUUIDMetadataForPersona("Bob") (0.0s)&#xD;
&#xD;
Given I have a keyset with Objects V2 enabled&#xD;
-&gt; done: FeatureObjectsV2MetadataSteps.GivenIHaveAKeysetWithObjectsVEnabled(2) (0.0s)&#xD;
Given the id for 'Alice' persona&#xD;
-&gt; done: FeatureObjectsV2MetadataSteps.GivenTheIdForPersona("Alice") (0.0s)&#xD;
When I remove the UUID metadata&#xD;
-&gt; done: FeatureObjectsV2MetadataSteps.WhenIRemoveTheUUIDMetadata() (0.0s)&#xD;
Then I receive a successful response&#xD;
-&gt; done: FeatureObjectsV2MetadataSteps.ThenIReceiveASuccessfulResponse() (0.0s)&#xD;
&#xD;
Given I have a keyset with Objects V2 enabled&#xD;
-&gt; done: FeatureObjectsV2MetadataSteps.GivenIHaveAKeysetWithObjectsVEnabled(2) (0.0s)&#xD;
Given current user is 'Alice' persona&#xD;
-&gt; done: FeatureObjectsV2MetadataSteps.GivenCurrentUserIsPersona("Alice") (0.0s)&#xD;
When I remove the UUID metadata for current user&#xD;
-&gt; done: FeatureObjectsV2MetadataSteps.WhenIRemoveTheUUIDMetadataForCurrentUser() (0.0s)&#xD;
Then I receive a successful response&#xD;
-&gt; done: FeatureObjectsV2MetadataSteps.ThenIReceiveASuccessfulResponse() (0.0s)&#xD;
&#xD;
Given I have a keyset with Objects V2 enabled&#xD;
-&gt; done: FeatureObjectsV2MetadataSteps.GivenIHaveAKeysetWithObjectsVEnabled(2) (0.0s)&#xD;
Given the data for 'Alice' persona&#xD;
-&gt; done: FeatureObjectsV2MetadataSteps.GivenTheDataForPersona("Alice") (0.0s)&#xD;
When I set the UUID metadata&#xD;
-&gt; done: FeatureObjectsV2MetadataSteps.WhenISetTheUUIDMetadata() (0.0s)&#xD;
Then I receive a successful response&#xD;
-&gt; done: FeatureObjectsV2MetadataSteps.ThenIReceiveASuccessfulResponse() (0.0s)&#xD;
And the UUID metadata for 'Alice' persona contains updated&#xD;
-&gt; done: FeatureObjectsV2MetadataSteps.ThenTheUUIDMetadataForPersonaContainsUpdated("Alice") (0.0s)&#xD;
&#xD;
Given I have a keyset with access manager enabled&#xD;
-&gt; done: FeatureAccessSteps.GivenIHaveAKeysetWithAccessManagerEnabled() (0.0s)&#xD;
Given a token&#xD;
-&gt; done: FeatureAccessSteps.GivenAToken() (0.0s)&#xD;
When I revoke a token&#xD;
-&gt; done: FeatureAccessSteps.WhenIRevokeAToken() (0.0s)&#xD;
Then an error is returned&#xD;
-&gt; done: FeatureAccessSteps.ThenAnErrorIsReturned() (0.0s)&#xD;
* the error status code is 400&#xD;
-&gt; done: FeatureAccessSteps.ThenTheErrorStatusCodeIs(400) (0.0s)&#xD;
* the error message is 'Feature disabled'&#xD;
-&gt; done: FeatureAccessSteps.ThenTheErrorMessageIs("Feature disabled") (0.0s)&#xD;
* the error source is 'revoke'&#xD;
-&gt; done: FeatureAccessSteps.ThenTheErrorSourceIs("revoke") (0.0s)&#xD;
* the error detail message is 'Token revocation is disabled.'&#xD;
-&gt; done: FeatureAccessSteps.ThenTheErrorDetailMessageIs("Token revocation ...") (0.0s)&#xD;
* the error detail location is 'subscribe-key'&#xD;
-&gt; done: FeatureAccessSteps.ThenTheErrorDetailLocationIs("subscribe-key") (0.0s)&#xD;
* the error detail location type is 'path'&#xD;
-&gt; done: FeatureAccessSteps.ThenTheErrorDetailLocationTypeIs("path") (0.0s)&#xD;
* the error service is 'Access Manager'&#xD;
-&gt; done: FeatureAccessSteps.ThenTheErrorServiceIs("Access Manager") (0.0s)&#xD;
&#xD;
Given I have a keyset with access manager enabled&#xD;
-&gt; done: FeatureAccessSteps.GivenIHaveAKeysetWithAccessManagerEnabled() (0.0s)&#xD;
Given the token string 'unescaped-_.ABCabc123 escaped;,/?:@&amp;=+$#'&#xD;
-&gt; done: FeatureAccessSteps.GivenTheTokenString("unescaped-_.ABCab...") (0.0s)&#xD;
When I revoke a token&#xD;
-&gt; done: FeatureAccessSteps.WhenIRevokeAToken() (0.0s)&#xD;
Then I get confirmation that token has been revoked&#xD;
-&gt; done: FeatureAccessSteps.ThenIGetConfirmationThatTokenHasBeenRevoked() (0.0s)&#xD;
&#xD;
Given I have a keyset with access manager enabled&#xD;
-&gt; done: FeatureAccessSteps.GivenIHaveAKeysetWithAccessManagerEnabled() (0.0s)&#xD;
Given a token&#xD;
-&gt; done: FeatureAccessSteps.GivenAToken() (0.0s)&#xD;
When I revoke a token&#xD;
-&gt; done: FeatureAccessSteps.WhenIRevokeAToken() (0.0s)&#xD;
Then I get confirmation that token has been revoked&#xD;
-&gt; done: FeatureAccessSteps.ThenIGetConfirmationThatTokenHasBeenRevoked() (0.0s)&#xD;
&#xD;
Given I have a keyset with access manager enabled&#xD;
-&gt; done: FeatureAccessSteps.GivenIHaveAKeysetWithAccessManagerEnabled() (0.0s)&#xD;
Given a token&#xD;
-&gt; done: FeatureAccessSteps.GivenAToken() (0.0s)&#xD;
When I revoke a token&#xD;
-&gt; done: FeatureAccessSteps.WhenIRevokeAToken() (0.0s)&#xD;
Then an error is returned&#xD;
-&gt; done: FeatureAccessSteps.ThenAnErrorIsReturned() (0.0s)&#xD;
* the error status code is 400&#xD;
-&gt; done: FeatureAccessSteps.ThenTheErrorStatusCodeIs(400) (0.0s)&#xD;
* the error message is 'Invalid token'&#xD;
-&gt; done: FeatureAccessSteps.ThenTheErrorMessageIs("Invalid token") (0.0s)&#xD;
* the error source is 'revoke'&#xD;
-&gt; done: FeatureAccessSteps.ThenTheErrorSourceIs("revoke") (0.0s)&#xD;
* the error detail message is not empty&#xD;
-&gt; done: FeatureAccessSteps.ThenTheErrorDetailMessageIsNotEmpty() (0.0s)&#xD;
* the error detail location is 'token'&#xD;
-&gt; done: FeatureAccessSteps.ThenTheErrorDetailLocationIs("token") (0.0s)&#xD;
* the error detail location type is 'path'&#xD;
-&gt; done: FeatureAccessSteps.ThenTheErrorDetailLocationTypeIs("path") (0.0s)&#xD;
* the error service is 'Access Manager'&#xD;
-&gt; done: FeatureAccessSteps.ThenTheErrorServiceIs("Access Manager") (0.0s)&#xD;
&#xD;
NUnit Adapter 3.17.0.0: Test execution complete&#xD;
</StdOut>
    </Output>
  </ResultSummary>
</TestRun>