<?xml version="1.0" encoding="utf-8"?>
<TestRun id="ecbd307f-a5f5-494e-adaa-f8c98ed5be5a" name="runneradmin@runner 2024-10-03 10:46:25" runUser="runner\runneradmin" xmlns="http://microsoft.com/schemas/VisualStudio/TeamTest/2010">
  <Times creation="2024-10-03T10:46:25.4583265+00:00" queuing="2024-10-03T10:46:25.4583269+00:00" start="2024-10-03T10:46:19.0495419+00:00" finish="2024-10-03T10:47:08.6703636+00:00" />
  <TestSettings name="default" id="9d33a480-a04c-4af3-98e6-04e0684826b7">
    <Deployment runDeploymentRoot="runneradmin_runner_2024-10-03_10_46_25" />
  </TestSettings>
  <Results>
    <UnitTestResult executionId="d4a895f9-1116-42ab-b5f1-ce9ca83227fa" testId="cddd27ac-7387-0391-36be-b1b706556ac6" testName="EmptyStreamDataEncryptionShouldFail(&quot;legacy&quot;,&quot;pubnubenigma&quot;,&quot;random&quot;,null)" computerName="runner" duration="00:00:00.0019300" startTime="2024-10-03T10:46:25.5718102+00:00" endTime="2024-10-03T10:46:25.5737402+00:00" testType="13cdc9d9-ddb5-4fa4-a97d-d965ccfc6d4b" outcome="Passed" testListId="8c84fa94-04c1-424b-9868-57a2d4851a1d" relativeResultsDirectory="d4a895f9-1116-42ab-b5f1-ce9ca83227fa">
      <Output>
        <StdOut>Given Crypto module with 'legacy' cryptor&#xD;
-&gt; done: CryptoModuleSteps.GivenCryptoModuleWithCryptor("legacy") (0.0s)&#xD;
* with 'pubnubenigma' cipher key&#xD;
-&gt; done: CryptoModuleSteps.GivenWithCipherKey("pubnubenigma") (0.0s)&#xD;
* with 'random' vector&#xD;
-&gt; done: CryptoModuleSteps.GivenWithVector("random") (0.0s)&#xD;
When I encrypt 'empty-file.txt' file as 'stream'&#xD;
-&gt; done: CryptoModuleSteps.WhenIEncryptFileAs("empty-file.txt", "stream") (0.0s)&#xD;
Then I receive 'encryption error'&#xD;
-&gt; done: CryptoModuleSteps.ThenIReceive("encryption error") (0.0s)</StdOut>
      </Output>
    </UnitTestResult>
    <UnitTestResult executionId="d1057b09-9658-4ab9-a284-9974664650df" testId="96d493fa-312d-9ae2-5c5a-5d6187729524" testName="SuccessfullyJoinedAFewChannelsWithPresence" computerName="runner" duration="00:00:00.0645690" startTime="2024-10-03T10:47:06.9747136+00:00" endTime="2024-10-03T10:47:07.0392824+00:00" testType="13cdc9d9-ddb5-4fa4-a97d-d965ccfc6d4b" outcome="Passed" testListId="8c84fa94-04c1-424b-9868-57a2d4851a1d" relativeResultsDirectory="d1057b09-9658-4ab9-a284-9974664650df">
      <Output>
        <StdOut>Given the demo keyset with Presence EE enabled&#xD;
-&gt; done: EventEngineSteps.GivenTheDemoKeysetWithPresenceEEenabled() (0.0s)&#xD;
Given heartbeatInterval set to '1', timeout set to '60' and suppressLeaveEvents set to 'false'&#xD;
-&gt; done: EventEngineSteps.GivenPresenceConfiguration("1", "60", "false") (0.0s)&#xD;
When I join 'first', 'second', 'third' channels with presence&#xD;
-&gt; done: EventEngineSteps.WhenIJoinChannelsWithPresence("first", "second", "third") (0.0s)&#xD;
Then I wait for getting Presence joined events&#xD;
{"Event":"join","Uuid":"db9c5e39-7c95-40f5-8d71-125765b6f561","Timestamp":17279524269991636,"Occupancy":1,"State":null,"Channel":"first","Subscription":"","Timetoken":0,"UserMetadata":null,"Join":null,"Timeout":null,"Leave":null,"HereNowRefresh":false}&#xD;
-&gt; done: EventEngineSteps.ThenIWaitForPresenceJoinEvents() (0.0s)&#xD;
And I observe the following Events and Invocations of the Presence EE:&#xD;
  --- table step argument ---&#xD;
  | type       | name              |&#xD;
  | event      | JOINED            |&#xD;
  | invocation | HEARTBEAT         |&#xD;
  | event      | HEARTBEAT_SUCCESS |&#xD;
  | invocation | WAIT              |&#xD;
-&gt; done: EventEngineSteps.ThenIObserverPresenceEventEngine(&lt;table&gt;) (0.0s)&#xD;
{"Event":"join","Uuid":"db9c5e39-7c95-40f5-8d71-125765b6f561","Timestamp":17279524269991760,"Occupancy":1,"State":null,"Channel":"second","Subscription":"","Timetoken":0,"UserMetadata":null,"Join":null,"Timeout":null,"Leave":null,"HereNowRefresh":false}&#xD;
{"Event":"join","Uuid":"db9c5e39-7c95-40f5-8d71-125765b6f561","Timestamp":17279524269991840,"Occupancy":1,"State":null,"Channel":"third","Subscription":"","Timetoken":0,"UserMetadata":null,"Join":null,"Timeout":null,"Leave":null,"HereNowRefresh":false}</StdOut>
      </Output>
    </UnitTestResult>
    <UnitTestResult executionId="313875ad-0186-4089-bd10-d52d03e08cfa" testId="5a108f95-d949-be1c-ba70-794e5a89cb2c" testName="SetAUUIDMetadata" computerName="runner" duration="00:00:00.0246980" startTime="2024-10-03T10:47:08.3716054+00:00" endTime="2024-10-03T10:47:08.3963034+00:00" testType="13cdc9d9-ddb5-4fa4-a97d-d965ccfc6d4b" outcome="Passed" testListId="8c84fa94-04c1-424b-9868-57a2d4851a1d" relativeResultsDirectory="313875ad-0186-4089-bd10-d52d03e08cfa">
      <Output>
        <StdOut>Given I have a keyset with Objects V2 enabled&#xD;
-&gt; done: FeatureObjectsV2MetadataSteps.GivenIHaveAKeysetWithObjectsVEnabled(2) (0.0s)&#xD;
Given the data for 'Alice' persona&#xD;
-&gt; done: FeatureObjectsV2MetadataSteps.GivenTheDataForPersona("Alice") (0.0s)&#xD;
When I set the UUID metadata&#xD;
-&gt; done: FeatureObjectsV2MetadataSteps.WhenISetTheUUIDMetadata() (0.0s)&#xD;
Then I receive a successful response&#xD;
-&gt; done: FeatureObjectsV2MetadataSteps.ThenIReceiveASuccessfulResponse() (0.0s)&#xD;
And the UUID metadata for 'Alice' persona contains updated&#xD;
-&gt; done: FeatureObjectsV2MetadataSteps.ThenTheUUIDMetadataForPersonaContainsUpdated("Alice") (0.0s)</StdOut>
      </Output>
    </UnitTestResult>
    <UnitTestResult executionId="c0a2278c-2697-4f80-b116-2c723739ac92" testId="b2c9c319-05d3-858f-ecdb-c785279a33e5" testName="RemoveMemberForAChannel" computerName="runner" duration="00:00:00.0197190" startTime="2024-10-03T10:47:07.9230327+00:00" endTime="2024-10-03T10:47:07.9427517+00:00" testType="13cdc9d9-ddb5-4fa4-a97d-d965ccfc6d4b" outcome="Passed" testListId="8c84fa94-04c1-424b-9868-57a2d4851a1d" relativeResultsDirectory="c0a2278c-2697-4f80-b116-2c723739ac92">
      <Output>
        <StdOut>Given I have a keyset with Objects V2 enabled&#xD;
-&gt; done: FeatureObjectsV2MetadataSteps.GivenIHaveAKeysetWithObjectsVEnabled(2) (0.0s)&#xD;
Given the id for 'Chat' channel&#xD;
-&gt; done: FeatureObjectsV2MetadataSteps.GivenTheIdForChannel("Chat") (0.0s)&#xD;
And the data for 'AmeliaMember' member that we want to remove&#xD;
-&gt; done: FeatureObjectsV2MetadataSteps.GivenTheDataForMemberThatWeWantToRemove("AmeliaMember") (0.0s)&#xD;
When I remove a channel member&#xD;
-&gt; done: FeatureObjectsV2MetadataSteps.WhenIRemoveAChannelMember() (0.0s)&#xD;
Then I receive a successful response&#xD;
-&gt; done: FeatureObjectsV2MetadataSteps.ThenIReceiveASuccessfulResponse() (0.0s)</StdOut>
      </Output>
    </UnitTestResult>
    <UnitTestResult executionId="a1dc896f-427e-421c-a526-497c74d05453" testId="d533b002-ecc8-a6e4-0a55-5406f8886899" testName="EmptyDataDecryptionShouldFail(&quot;legacy&quot;,&quot;pubnubenigma&quot;,&quot;random&quot;,&quot;empty-file.txt&quot;,null)" computerName="runner" duration="00:00:00.0018260" startTime="2024-10-03T10:46:25.5417057+00:00" endTime="2024-10-03T10:46:25.5435313+00:00" testType="13cdc9d9-ddb5-4fa4-a97d-d965ccfc6d4b" outcome="Passed" testListId="8c84fa94-04c1-424b-9868-57a2d4851a1d" relativeResultsDirectory="a1dc896f-427e-421c-a526-497c74d05453">
      <Output>
        <StdOut>Given Crypto module with 'legacy' cryptor&#xD;
-&gt; done: CryptoModuleSteps.GivenCryptoModuleWithCryptor("legacy") (0.0s)&#xD;
* with 'pubnubenigma' cipher key&#xD;
-&gt; done: CryptoModuleSteps.GivenWithCipherKey("pubnubenigma") (0.0s)&#xD;
* with 'random' vector&#xD;
-&gt; done: CryptoModuleSteps.GivenWithVector("random") (0.0s)&#xD;
When I decrypt 'empty-file.txt' file as 'binary'&#xD;
-&gt; done: CryptoModuleSteps.WhenIDecryptFileAs("empty-file.txt", "binary") (0.0s)&#xD;
Then I receive 'decryption error'&#xD;
-&gt; done: CryptoModuleSteps.ThenIReceive("decryption error") (0.0s)</StdOut>
      </Output>
    </UnitTestResult>
    <UnitTestResult executionId="654c39ca-a4b8-40b3-bac1-b140afa660f1" testId="7acf7525-aaca-a5f2-7032-491d9caf1cf8" testName="GetMembershipsForUUIDWithCustomAndChannelCustom" computerName="runner" duration="00:00:00.0572870" startTime="2024-10-03T10:47:08.0610108+00:00" endTime="2024-10-03T10:47:08.1182983+00:00" testType="13cdc9d9-ddb5-4fa4-a97d-d965ccfc6d4b" outcome="Passed" testListId="8c84fa94-04c1-424b-9868-57a2d4851a1d" relativeResultsDirectory="654c39ca-a4b8-40b3-bac1-b140afa660f1">
      <Output>
        <StdOut>Given I have a keyset with Objects V2 enabled&#xD;
-&gt; done: FeatureObjectsV2MetadataSteps.GivenIHaveAKeysetWithObjectsVEnabled(2) (0.0s)&#xD;
Given the id for 'Bob' persona&#xD;
-&gt; done: FeatureObjectsV2MetadataSteps.GivenTheIdForPersona("Bob") (0.0s)&#xD;
When I get the memberships including custom and channel custom information&#xD;
-&gt; done: FeatureObjectsV2MetadataSteps.WhenIGetTheMembershipsIncludingCustomAndChannelCustomInformation() (0.0s)&#xD;
Then I receive a successful response&#xD;
-&gt; done: FeatureObjectsV2MetadataSteps.ThenIReceiveASuccessfulResponse() (0.0s)&#xD;
And the response contains list with 'VipChatMembership' and 'DMMembership' memberships&#xD;
-&gt; done: FeatureObjectsV2MetadataSteps.ThenTheResponseContainsListWithAndMemberships("VipChatMembership", "DMMembership") (0.0s)</StdOut>
      </Output>
    </UnitTestResult>
    <UnitTestResult executionId="f25b6660-fa41-4ff0-a9e7-eca74e8eccb8" testId="ee450aac-5f02-8238-a55d-792600e33298" testName="RevokeATokenWhileItIsDisabledOnAServer" computerName="runner" duration="00:00:00.0186589" startTime="2024-10-03T10:47:08.3976192+00:00" endTime="2024-10-03T10:47:08.4162787+00:00" testType="13cdc9d9-ddb5-4fa4-a97d-d965ccfc6d4b" outcome="Passed" testListId="8c84fa94-04c1-424b-9868-57a2d4851a1d" relativeResultsDirectory="f25b6660-fa41-4ff0-a9e7-eca74e8eccb8">
      <Output>
        <StdOut>Given I have a keyset with access manager enabled&#xD;
-&gt; done: FeatureAccessSteps.GivenIHaveAKeysetWithAccessManagerEnabled() (0.0s)&#xD;
Given a token&#xD;
-&gt; done: FeatureAccessSteps.GivenAToken() (0.0s)&#xD;
When I revoke a token&#xD;
-&gt; done: FeatureAccessSteps.WhenIRevokeAToken() (0.0s)&#xD;
Then an error is returned&#xD;
-&gt; done: FeatureAccessSteps.ThenAnErrorIsReturned() (0.0s)&#xD;
* the error status code is 400&#xD;
-&gt; done: FeatureAccessSteps.ThenTheErrorStatusCodeIs(400) (0.0s)&#xD;
* the error message is 'Feature disabled'&#xD;
-&gt; done: FeatureAccessSteps.ThenTheErrorMessageIs("Feature disabled") (0.0s)&#xD;
* the error source is 'revoke'&#xD;
-&gt; done: FeatureAccessSteps.ThenTheErrorSourceIs("revoke") (0.0s)&#xD;
* the error detail message is 'Token revocation is disabled.'&#xD;
-&gt; done: FeatureAccessSteps.ThenTheErrorDetailMessageIs("Token revocation ...") (0.0s)&#xD;
* the error detail location is 'subscribe-key'&#xD;
-&gt; done: FeatureAccessSteps.ThenTheErrorDetailLocationIs("subscribe-key") (0.0s)&#xD;
* the error detail location type is 'path'&#xD;
-&gt; done: FeatureAccessSteps.ThenTheErrorDetailLocationTypeIs("path") (0.0s)&#xD;
* the error service is 'Access Manager'&#xD;
-&gt; done: FeatureAccessSteps.ThenTheErrorServiceIs("Access Manager") (0.0s)</StdOut>
      </Output>
    </UnitTestResult>
    <UnitTestResult executionId="648ed471-0e74-48c1-90f7-bece5726fee3" testId="19276ea0-e69e-d8c1-5f86-fbe82fc4defb" testName="AES_CBCCryptorDataHeaderCanBeProcessed(&quot;pubnubenigma&quot;,&quot;file-cryptor-unknown-acrh.jpg&quot;,&quot;unknown cryptor error&quot;,null)" computerName="runner" duration="00:00:00.0029500" startTime="2024-10-03T10:46:25.2952688+00:00" endTime="2024-10-03T10:46:25.2982184+00:00" testType="13cdc9d9-ddb5-4fa4-a97d-d965ccfc6d4b" outcome="Passed" testListId="8c84fa94-04c1-424b-9868-57a2d4851a1d" relativeResultsDirectory="648ed471-0e74-48c1-90f7-bece5726fee3">
      <Output>
        <StdOut>Given Crypto module with 'acrh' cryptor&#xD;
-&gt; done: CryptoModuleSteps.GivenCryptoModuleWithCryptor("acrh") (0.0s)&#xD;
* with 'pubnubenigma' cipher key&#xD;
-&gt; done: CryptoModuleSteps.GivenWithCipherKey("pubnubenigma") (0.0s)&#xD;
When I decrypt 'file-cryptor-unknown-acrh.jpg' file&#xD;
-&gt; done: CryptoModuleSteps.WhenIDecryptFile("file-cryptor-unkn...") (0.0s)&#xD;
Then I receive 'unknown cryptor error'&#xD;
-&gt; done: CryptoModuleSteps.ThenIReceive("unknown cryptor e...") (0.0s)</StdOut>
      </Output>
    </UnitTestResult>
    <UnitTestResult executionId="2a169b9e-2ef1-4d5a-b209-6b7dfa09c77c" testId="9bb7c02e-b85a-d370-6cfc-0ac356d6be53" testName="HandshakeFailureRecovery" computerName="runner" duration="00:00:05.5805910" startTime="2024-10-03T10:46:35.7602360+00:00" endTime="2024-10-03T10:46:41.3408492+00:00" testType="13cdc9d9-ddb5-4fa4-a97d-d965ccfc6d4b" outcome="Passed" testListId="8c84fa94-04c1-424b-9868-57a2d4851a1d" relativeResultsDirectory="2a169b9e-2ef1-4d5a-b209-6b7dfa09c77c">
      <Output>
        <StdOut>Given the demo keyset with event engine enabled&#xD;
-&gt; done: EventEngineSteps.GivenTheDemoKeysetWithEventEngineEnabled() (0.0s)&#xD;
Given a linear reconnection policy with 3 retries&#xD;
-&gt; done: EventEngineSteps.GivenALinearReconnectionPolicyWithRetries(3) (0.0s)&#xD;
When I subscribe&#xD;
PNSubscribeOperation PNConnectedCategory 200&#xD;
-&gt; done: EventEngineSteps.WhenISubscribe() (4.6s)&#xD;
Then I receive the message in my subscribe response&#xD;
Message received in listener. {"Message":"{\r\n  \"content\": \"Hello world!\"\r\n}","Timetoken":0,"Publisher":"tomato","Channel":"test","Subscription":null,"UserMetadata":null}&#xD;
-&gt; done: EventEngineSteps.ThenIReceiveTheMessageInMySubscribeResponse() (1.0s)&#xD;
And I observe the following:&#xD;
  --- table step argument ---&#xD;
  | type       | name                        |&#xD;
  | event      | SUBSCRIPTION_CHANGED        |&#xD;
  | invocation | HANDSHAKE                   |&#xD;
  | event      | HANDSHAKE_FAILURE           |&#xD;
  | invocation | CANCEL_HANDSHAKE            |&#xD;
  | invocation | HANDSHAKE_RECONNECT         |&#xD;
  | event      | HANDSHAKE_RECONNECT_FAILURE |&#xD;
  | invocation | CANCEL_HANDSHAKE_RECONNECT  |&#xD;
  | invocation | HANDSHAKE_RECONNECT         |&#xD;
  | event      | HANDSHAKE_RECONNECT_SUCCESS |&#xD;
  | invocation | CANCEL_HANDSHAKE_RECONNECT  |&#xD;
  | invocation | EMIT_STATUS                 |&#xD;
  | invocation | RECEIVE_MESSAGES            |&#xD;
  | event      | RECEIVE_SUCCESS             |&#xD;
  | invocation | CANCEL_RECEIVE_MESSAGES     |&#xD;
  | invocation | EMIT_MESSAGES               |&#xD;
  | invocation | RECEIVE_MESSAGES            |&#xD;
-&gt; done: EventEngineSteps.ThenIObserveTheFollowing(&lt;table&gt;) (0.0s)&#xD;
None PNDisconnectedCategory 0</StdOut>
      </Output>
    </UnitTestResult>
    <UnitTestResult executionId="28f43049-ec70-4f24-a48d-51f6c2bceeba" testId="3b96f760-7a4a-da94-3ca5-8f27e0604482" testName="CryptorIsAbleToProcessSampleFilesAsStream(&quot;legacy&quot;,&quot;pubnubenigma&quot;,&quot;random&quot;,&quot;file-legacy-riv.jpg&quot;,&quot;file.jpg&quot;,null)" computerName="runner" duration="00:00:00.0060180" startTime="2024-10-03T10:46:25.4946547+00:00" endTime="2024-10-03T10:46:25.5006725+00:00" testType="13cdc9d9-ddb5-4fa4-a97d-d965ccfc6d4b" outcome="Passed" testListId="8c84fa94-04c1-424b-9868-57a2d4851a1d" relativeResultsDirectory="28f43049-ec70-4f24-a48d-51f6c2bceeba">
      <Output>
        <StdOut>Given Crypto module with 'legacy' cryptor&#xD;
-&gt; done: CryptoModuleSteps.GivenCryptoModuleWithCryptor("legacy") (0.0s)&#xD;
* with 'pubnubenigma' cipher key&#xD;
-&gt; done: CryptoModuleSteps.GivenWithCipherKey("pubnubenigma") (0.0s)&#xD;
* with 'random' vector&#xD;
-&gt; done: CryptoModuleSteps.GivenWithVector("random") (0.0s)&#xD;
When I decrypt 'file-legacy-riv.jpg' file as 'stream'&#xD;
-&gt; done: CryptoModuleSteps.WhenIDecryptFileAs("file-legacy-riv.jpg", "stream") (0.0s)&#xD;
Then Decrypted file content equal to the 'file.jpg' file content&#xD;
-&gt; done: CryptoModuleSteps.ThenDecryptedFileContentEqualToTheFileContent("file.jpg") (0.0s)</StdOut>
      </Output>
    </UnitTestResult>
    <UnitTestResult executionId="956e409e-78f3-407d-ab79-ce17eb45973b" testId="984e3d49-4d22-c80b-52c3-19191f62fda7" testName="EmptyStreamDataEncryptionShouldFail(&quot;acrh&quot;,&quot;pubnubenigma&quot;,&quot;-&quot;,null)" computerName="runner" duration="00:00:00.0022200" startTime="2024-10-03T10:46:25.5757573+00:00" endTime="2024-10-03T10:46:25.5779767+00:00" testType="13cdc9d9-ddb5-4fa4-a97d-d965ccfc6d4b" outcome="Passed" testListId="8c84fa94-04c1-424b-9868-57a2d4851a1d" relativeResultsDirectory="956e409e-78f3-407d-ab79-ce17eb45973b">
      <Output>
        <StdOut>Given Crypto module with 'acrh' cryptor&#xD;
-&gt; done: CryptoModuleSteps.GivenCryptoModuleWithCryptor("acrh") (0.0s)&#xD;
* with 'pubnubenigma' cipher key&#xD;
-&gt; done: CryptoModuleSteps.GivenWithCipherKey("pubnubenigma") (0.0s)&#xD;
* with '-' vector&#xD;
-&gt; done: CryptoModuleSteps.GivenWithVector("-") (0.0s)&#xD;
When I encrypt 'empty-file.txt' file as 'stream'&#xD;
-&gt; done: CryptoModuleSteps.WhenIEncryptFileAs("empty-file.txt", "stream") (0.0s)&#xD;
Then I receive 'encryption error'&#xD;
-&gt; done: CryptoModuleSteps.ThenIReceive("encryption error") (0.0s)</StdOut>
      </Output>
    </UnitTestResult>
    <UnitTestResult executionId="10d9d8d8-caa4-427d-b06f-09aa8b6ff26d" testId="b811bc2b-ac6c-1eab-5504-b3af1ec9a805" testName="RevokeATokenWithCharactersThatRequireUrlEncoding" computerName="runner" duration="00:00:00.0158799" startTime="2024-10-03T10:47:08.4163088+00:00" endTime="2024-10-03T10:47:08.4321883+00:00" testType="13cdc9d9-ddb5-4fa4-a97d-d965ccfc6d4b" outcome="Passed" testListId="8c84fa94-04c1-424b-9868-57a2d4851a1d" relativeResultsDirectory="10d9d8d8-caa4-427d-b06f-09aa8b6ff26d">
      <Output>
        <StdOut>Given I have a keyset with access manager enabled&#xD;
-&gt; done: FeatureAccessSteps.GivenIHaveAKeysetWithAccessManagerEnabled() (0.0s)&#xD;
Given the token string 'unescaped-_.ABCabc123 escaped;,/?:@&amp;=+$#'&#xD;
-&gt; done: FeatureAccessSteps.GivenTheTokenString("unescaped-_.ABCab...") (0.0s)&#xD;
When I revoke a token&#xD;
-&gt; done: FeatureAccessSteps.WhenIRevokeAToken() (0.0s)&#xD;
Then I get confirmation that token has been revoked&#xD;
-&gt; done: FeatureAccessSteps.ThenIGetConfirmationThatTokenHasBeenRevoked() (0.0s)</StdOut>
      </Output>
    </UnitTestResult>
    <UnitTestResult executionId="57e8daaa-78b8-44b7-ab81-bfd2a74e2c01" testId="798a8e71-c3a5-952d-b167-1f516fd90da6" testName="AES_CBCCryptorDataHeaderCanBeProcessed(&quot;pubnubenigma&quot;,&quot;file-cryptor-v1-acrh.jpg&quot;,&quot;success&quot;,null)" computerName="runner" duration="00:00:00.0385340" startTime="2024-10-03T10:46:25.3153122+00:00" endTime="2024-10-03T10:46:25.3538462+00:00" testType="13cdc9d9-ddb5-4fa4-a97d-d965ccfc6d4b" outcome="Passed" testListId="8c84fa94-04c1-424b-9868-57a2d4851a1d" relativeResultsDirectory="57e8daaa-78b8-44b7-ab81-bfd2a74e2c01">
      <Output>
        <StdOut>Given Crypto module with 'acrh' cryptor&#xD;
-&gt; done: CryptoModuleSteps.GivenCryptoModuleWithCryptor("acrh") (0.0s)&#xD;
* with 'pubnubenigma' cipher key&#xD;
-&gt; done: CryptoModuleSteps.GivenWithCipherKey("pubnubenigma") (0.0s)&#xD;
When I decrypt 'file-cryptor-v1-acrh.jpg' file&#xD;
-&gt; done: CryptoModuleSteps.WhenIDecryptFile("file-cryptor-v1-a...") (0.0s)&#xD;
Then I receive 'success'&#xD;
-&gt; done: CryptoModuleSteps.ThenIReceive("success") (0.0s)</StdOut>
      </Output>
    </UnitTestResult>
    <UnitTestResult executionId="cd4fcad6-4fdc-438f-8670-33bd120f071d" testId="07a0b332-7585-5132-2931-ba67f585bbfd" testName="RemoveAUUIDMetadataForId" computerName="runner" duration="00:00:00.0195130" startTime="2024-10-03T10:47:08.3346120+00:00" endTime="2024-10-03T10:47:08.3541249+00:00" testType="13cdc9d9-ddb5-4fa4-a97d-d965ccfc6d4b" outcome="Passed" testListId="8c84fa94-04c1-424b-9868-57a2d4851a1d" relativeResultsDirectory="cd4fcad6-4fdc-438f-8670-33bd120f071d">
      <Output>
        <StdOut>Given I have a keyset with Objects V2 enabled&#xD;
-&gt; done: FeatureObjectsV2MetadataSteps.GivenIHaveAKeysetWithObjectsVEnabled(2) (0.0s)&#xD;
Given the id for 'Alice' persona&#xD;
-&gt; done: FeatureObjectsV2MetadataSteps.GivenTheIdForPersona("Alice") (0.0s)&#xD;
When I remove the UUID metadata&#xD;
-&gt; done: FeatureObjectsV2MetadataSteps.WhenIRemoveTheUUIDMetadata() (0.0s)&#xD;
Then I receive a successful response&#xD;
-&gt; done: FeatureObjectsV2MetadataSteps.ThenIReceiveASuccessfulResponse() (0.0s)</StdOut>
      </Output>
    </UnitTestResult>
    <UnitTestResult executionId="f1bcf898-8647-4df3-ab49-3220adc33843" testId="42ca667a-a020-f899-567b-164563a5f68c" testName="AES_CBCCryptorDataHeaderCanBeProcessed(&quot;pubnubenigma&quot;,&quot;empty-file-cryptor-v1-acrh.txt&quot;,&quot;decryption error&quot;,null)" computerName="runner" duration="00:00:00.0110250" startTime="2024-10-03T10:46:25.3042739+00:00" endTime="2024-10-03T10:46:25.3152992+00:00" testType="13cdc9d9-ddb5-4fa4-a97d-d965ccfc6d4b" outcome="Passed" testListId="8c84fa94-04c1-424b-9868-57a2d4851a1d" relativeResultsDirectory="f1bcf898-8647-4df3-ab49-3220adc33843">
      <Output>
        <StdOut>Given Crypto module with 'acrh' cryptor&#xD;
-&gt; done: CryptoModuleSteps.GivenCryptoModuleWithCryptor("acrh") (0.0s)&#xD;
* with 'pubnubenigma' cipher key&#xD;
-&gt; done: CryptoModuleSteps.GivenWithCipherKey("pubnubenigma") (0.0s)&#xD;
When I decrypt 'empty-file-cryptor-v1-acrh.txt' file&#xD;
-&gt; done: CryptoModuleSteps.WhenIDecryptFile("empty-file-crypto...") (0.0s)&#xD;
Then I receive 'decryption error'&#xD;
-&gt; done: CryptoModuleSteps.ThenIReceive("decryption error") (0.0s)</StdOut>
      </Output>
    </UnitTestResult>
    <UnitTestResult executionId="3c06c33b-d10a-4e9f-b2cf-47c6398e0c73" testId="17537441-5c46-b29c-7a15-7f733fa6a240" testName="AttemptToGrantAnAccessTokenWhenTtlProvidedExceedsTheMaxTtlConfiguredUseDefaultMax43200ForTheTest" computerName="runner" duration="00:00:00.0469400" startTime="2024-10-03T10:47:07.0415247+00:00" endTime="2024-10-03T10:47:07.0884644+00:00" testType="13cdc9d9-ddb5-4fa4-a97d-d965ccfc6d4b" outcome="Passed" testListId="8c84fa94-04c1-424b-9868-57a2d4851a1d" relativeResultsDirectory="3c06c33b-d10a-4e9f-b2cf-47c6398e0c73">
      <Output>
        <StdOut>Given I have a keyset with access manager enabled&#xD;
-&gt; done: FeatureAccessSteps.GivenIHaveAKeysetWithAccessManagerEnabled() (0.0s)&#xD;
Given the TTL 43201&#xD;
-&gt; done: FeatureAccessSteps.GivenTheTTL(43201) (0.0s)&#xD;
Given the 'channel-1' CHANNEL resource access permissions&#xD;
-&gt; done: FeatureAccessSteps.GivenTheCHANNELResourceAccessPermissions("channel-1") (0.0s)&#xD;
* grant resource permission READ&#xD;
-&gt; done: FeatureAccessSteps.GivenGrantResourcePermissionREAD() (0.0s)&#xD;
When I attempt to grant a token specifying those permissions&#xD;
-&gt; done: FeatureAccessSteps.WhenIAttemptToGrantATokenSpecifyingThosePermissions() (0.0s)&#xD;
Then an error is returned&#xD;
-&gt; done: FeatureAccessSteps.ThenAnErrorIsReturned() (0.0s)&#xD;
* the error status code is 400&#xD;
-&gt; done: FeatureAccessSteps.ThenTheErrorStatusCodeIs(400) (0.0s)&#xD;
* the error message is 'Invalid ttl'&#xD;
-&gt; done: FeatureAccessSteps.ThenTheErrorMessageIs("Invalid ttl") (0.0s)&#xD;
* the error source is 'grant'&#xD;
-&gt; done: FeatureAccessSteps.ThenTheErrorSourceIs("grant") (0.0s)&#xD;
* the error detail message is 'Range should be 1 to 43200 minute(s).'&#xD;
-&gt; done: FeatureAccessSteps.ThenTheErrorDetailMessageIs("Range should be 1...") (0.0s)&#xD;
* the error detail location is 'ttl'&#xD;
-&gt; done: FeatureAccessSteps.ThenTheErrorDetailLocationIs("ttl") (0.0s)&#xD;
* the error detail location type is 'body'&#xD;
-&gt; done: FeatureAccessSteps.ThenTheErrorDetailLocationTypeIs("body") (0.0s)</StdOut>
      </Output>
    </UnitTestResult>
    <UnitTestResult executionId="be96d941-d691-42c0-a55c-9f41bef3c863" testId="4abae91a-e1c2-11c6-c78e-4c0a98abeb41" testName="ManageMembersForAChannel" computerName="runner" duration="00:00:00.0354770" startTime="2024-10-03T10:47:07.8875211+00:00" endTime="2024-10-03T10:47:07.9229984+00:00" testType="13cdc9d9-ddb5-4fa4-a97d-d965ccfc6d4b" outcome="Passed" testListId="8c84fa94-04c1-424b-9868-57a2d4851a1d" relativeResultsDirectory="be96d941-d691-42c0-a55c-9f41bef3c863">
      <Output>
        <StdOut>Given I have a keyset with Objects V2 enabled&#xD;
-&gt; done: FeatureObjectsV2MetadataSteps.GivenIHaveAKeysetWithObjectsVEnabled(2) (0.0s)&#xD;
Given the data for 'PeterMember' member&#xD;
-&gt; done: FeatureObjectsV2MetadataSteps.GivenTheDataForMember("PeterMember") (0.0s)&#xD;
And the data for 'AmeliaMember' member that we want to remove&#xD;
-&gt; done: FeatureObjectsV2MetadataSteps.GivenTheDataForMemberThatWeWantToRemove("AmeliaMember") (0.0s)&#xD;
And the id for 'Chat' channel&#xD;
-&gt; done: FeatureObjectsV2MetadataSteps.GivenTheIdForChannel("Chat") (0.0s)&#xD;
When I manage channel members&#xD;
-&gt; done: FeatureObjectsV2MetadataSteps.WhenIManageChannelMembers() (0.0s)&#xD;
Then I receive a successful response&#xD;
-&gt; done: FeatureObjectsV2MetadataSteps.ThenIReceiveASuccessfulResponse() (0.0s)&#xD;
And the response contains list with 'PeterMember' member&#xD;
-&gt; done: FeatureObjectsV2MetadataSteps.ThenTheResponseContainsListWithMember("PeterMember") (0.0s)&#xD;
And the response does not contain list with 'AmeliaMember' member&#xD;
-&gt; done: FeatureObjectsV2MetadataSteps.ThenTheResponseDoesNotContainListWithMember("AmeliaMember") (0.0s)</StdOut>
      </Output>
    </UnitTestResult>
    <UnitTestResult executionId="07a49559-43f2-41a3-86e9-85d3592174c1" testId="be8b1c28-897b-72b1-79de-44eed3d3394f" testName="RemoveAChannelMetadataForId" computerName="runner" duration="00:00:00.0202280" startTime="2024-10-03T10:47:07.7827665+00:00" endTime="2024-10-03T10:47:07.8029942+00:00" testType="13cdc9d9-ddb5-4fa4-a97d-d965ccfc6d4b" outcome="Passed" testListId="8c84fa94-04c1-424b-9868-57a2d4851a1d" relativeResultsDirectory="07a49559-43f2-41a3-86e9-85d3592174c1">
      <Output>
        <StdOut>Given I have a keyset with Objects V2 enabled&#xD;
-&gt; done: FeatureObjectsV2MetadataSteps.GivenIHaveAKeysetWithObjectsVEnabled(2) (0.0s)&#xD;
Given the id for 'Chat' channel&#xD;
-&gt; done: FeatureObjectsV2MetadataSteps.GivenTheIdForChannel("Chat") (0.0s)&#xD;
When I remove the channel metadata&#xD;
-&gt; done: FeatureObjectsV2MetadataSteps.WhenIRemoveTheChannelMetadata() (0.0s)&#xD;
Then I receive a successful response&#xD;
-&gt; done: FeatureObjectsV2MetadataSteps.ThenIReceiveASuccessfulResponse() (0.0s)</StdOut>
      </Output>
    </UnitTestResult>
    <UnitTestResult executionId="252482c3-1d41-4f4d-8086-b18b287a46e7" testId="aea0c1c8-e4f2-b00c-e2e5-3958a9100776" testName="ManageMembershipsForAUUID" computerName="runner" duration="00:00:00.0283600" startTime="2024-10-03T10:47:08.1183305+00:00" endTime="2024-10-03T10:47:08.1466903+00:00" testType="13cdc9d9-ddb5-4fa4-a97d-d965ccfc6d4b" outcome="Passed" testListId="8c84fa94-04c1-424b-9868-57a2d4851a1d" relativeResultsDirectory="252482c3-1d41-4f4d-8086-b18b287a46e7">
      <Output>
        <StdOut>Given I have a keyset with Objects V2 enabled&#xD;
-&gt; done: FeatureObjectsV2MetadataSteps.GivenIHaveAKeysetWithObjectsVEnabled(2) (0.0s)&#xD;
Given the id for 'Alice' persona&#xD;
-&gt; done: FeatureObjectsV2MetadataSteps.GivenTheIdForPersona("Alice") (0.0s)&#xD;
And the data for 'ChatMembership' membership&#xD;
-&gt; done: FeatureObjectsV2MetadataSteps.GivenTheDataForMembership("ChatMembership") (0.0s)&#xD;
And the data for 'PatientMembership' membership that we want to remove&#xD;
-&gt; done: FeatureObjectsV2MetadataSteps.GivenTheDataForMembershipThatWeWantToRemove("PatientMembership") (0.0s)&#xD;
When I manage memberships&#xD;
-&gt; done: FeatureObjectsV2MetadataSteps.WhenIManageMemberships() (0.0s)&#xD;
Then I receive a successful response&#xD;
-&gt; done: FeatureObjectsV2MetadataSteps.ThenIReceiveASuccessfulResponse() (0.0s)&#xD;
And the response contains list with 'ChatMembership' membership&#xD;
-&gt; done: FeatureObjectsV2MetadataSteps.ThenTheResponseContainsListWithMembership("ChatMembership") (0.0s)&#xD;
And the response does not contain list with 'PatientMembership' membership&#xD;
-&gt; done: FeatureObjectsV2MetadataSteps.ThenTheResponseDoesNotContainListWithMembership("PatientMembership") (0.0s)</StdOut>
      </Output>
    </UnitTestResult>
    <UnitTestResult executionId="dcb15cbc-b6f9-47f4-9ed2-69301ce8874d" testId="6af2fe2f-9fc6-6af1-e346-da11b3a31319" testName="EmptyDataDecryptionShouldFail(&quot;acrh&quot;,&quot;pubnubenigma&quot;,&quot;-&quot;,&quot;empty-file-cryptor-v1-acrh.txt&quot;,null)" computerName="runner" duration="00:00:00.0019210" startTime="2024-10-03T10:46:25.5478409+00:00" endTime="2024-10-03T10:46:25.5497620+00:00" testType="13cdc9d9-ddb5-4fa4-a97d-d965ccfc6d4b" outcome="Passed" testListId="8c84fa94-04c1-424b-9868-57a2d4851a1d" relativeResultsDirectory="dcb15cbc-b6f9-47f4-9ed2-69301ce8874d">
      <Output>
        <StdOut>Given Crypto module with 'acrh' cryptor&#xD;
-&gt; done: CryptoModuleSteps.GivenCryptoModuleWithCryptor("acrh") (0.0s)&#xD;
* with 'pubnubenigma' cipher key&#xD;
-&gt; done: CryptoModuleSteps.GivenWithCipherKey("pubnubenigma") (0.0s)&#xD;
* with '-' vector&#xD;
-&gt; done: CryptoModuleSteps.GivenWithVector("-") (0.0s)&#xD;
When I decrypt 'empty-file-cryptor-v1-acrh.txt' file as 'binary'&#xD;
-&gt; done: CryptoModuleSteps.WhenIDecryptFileAs("empty-file-crypto...", "binary") (0.0s)&#xD;
Then I receive 'decryption error'&#xD;
-&gt; done: CryptoModuleSteps.ThenIReceive("decryption error") (0.0s)</StdOut>
      </Output>
    </UnitTestResult>
    <UnitTestResult executionId="aa2a821b-5606-4997-9796-f6f80fbf7290" testId="bc7a74bf-9a5b-2257-fa8b-50752bdbf702" testName="CryptorIsAbleToProcessSampleFilesAsBinary(&quot;legacy&quot;,&quot;pubnubenigma&quot;,&quot;constant&quot;,&quot;file-legacy-civ.jpg&quot;,&quot;file.jpg&quot;,null)" computerName="runner" duration="00:00:00.0056100" startTime="2024-10-03T10:46:25.4547170+00:00" endTime="2024-10-03T10:46:25.4603265+00:00" testType="13cdc9d9-ddb5-4fa4-a97d-d965ccfc6d4b" outcome="Passed" testListId="8c84fa94-04c1-424b-9868-57a2d4851a1d" relativeResultsDirectory="aa2a821b-5606-4997-9796-f6f80fbf7290">
      <Output>
        <StdOut>Given Crypto module with 'legacy' cryptor&#xD;
-&gt; done: CryptoModuleSteps.GivenCryptoModuleWithCryptor("legacy") (0.0s)&#xD;
* with 'pubnubenigma' cipher key&#xD;
-&gt; done: CryptoModuleSteps.GivenWithCipherKey("pubnubenigma") (0.0s)&#xD;
* with 'constant' vector&#xD;
-&gt; done: CryptoModuleSteps.GivenWithVector("constant") (0.0s)&#xD;
When I decrypt 'file-legacy-civ.jpg' file as 'binary'&#xD;
-&gt; done: CryptoModuleSteps.WhenIDecryptFileAs("file-legacy-civ.jpg", "binary") (0.0s)&#xD;
Then Decrypted file content equal to the 'file.jpg' file content&#xD;
-&gt; done: CryptoModuleSteps.ThenDecryptedFileContentEqualToTheFileContent("file.jpg") (0.0s)</StdOut>
      </Output>
    </UnitTestResult>
    <UnitTestResult executionId="44858d14-e447-4368-96a3-e0f6ff26e036" testId="5271a851-e8d2-c42c-aad6-49024c68a9d5" testName="GetAllChannelMetadataWithCustom" computerName="runner" duration="00:00:00.0213250" startTime="2024-10-03T10:47:07.7614079+00:00" endTime="2024-10-03T10:47:07.7827325+00:00" testType="13cdc9d9-ddb5-4fa4-a97d-d965ccfc6d4b" outcome="Passed" testListId="8c84fa94-04c1-424b-9868-57a2d4851a1d" relativeResultsDirectory="44858d14-e447-4368-96a3-e0f6ff26e036">
      <Output>
        <StdOut>Given I have a keyset with Objects V2 enabled&#xD;
-&gt; done: FeatureObjectsV2MetadataSteps.GivenIHaveAKeysetWithObjectsVEnabled(2) (0.0s)&#xD;
When I get all channel metadata with custom&#xD;
-&gt; done: FeatureObjectsV2MetadataSteps.WhenIGetAllChannelMetadataWithCustom() (0.0s)&#xD;
Then I receive a successful response&#xD;
-&gt; done: FeatureObjectsV2MetadataSteps.ThenIReceiveASuccessfulResponse() (0.0s)&#xD;
And the response contains list with 'DM' and 'VipChat' channel metadata&#xD;
-&gt; done: FeatureObjectsV2MetadataSteps.ThenTheResponseContainsListWithAndChannelMetadata("DM", "VipChat") (0.0s)</StdOut>
      </Output>
    </UnitTestResult>
    <UnitTestResult executionId="b228ab21-64ee-4264-a0e6-09379dad4402" testId="63f82b54-f147-1707-8ae8-1f771750a4c8" testName="GrantAnAccessTokenSuccessfullyWithAnAuthorizedUuid" computerName="runner" duration="00:00:00.0912710" startTime="2024-10-03T10:47:07.1367066+00:00" endTime="2024-10-03T10:47:07.2279774+00:00" testType="13cdc9d9-ddb5-4fa4-a97d-d965ccfc6d4b" outcome="Passed" testListId="8c84fa94-04c1-424b-9868-57a2d4851a1d" relativeResultsDirectory="b228ab21-64ee-4264-a0e6-09379dad4402">
      <Output>
        <StdOut>Given I have a keyset with access manager enabled&#xD;
-&gt; done: FeatureAccessSteps.GivenIHaveAKeysetWithAccessManagerEnabled() (0.0s)&#xD;
Given the authorized UUID "test-authorized-uuid"&#xD;
-&gt; done: FeatureAccessSteps.GivenTheAuthorizedUUID("test-authorized-uuid") (0.0s)&#xD;
Given the TTL 60&#xD;
-&gt; done: FeatureAccessSteps.GivenTheTTL(60) (0.0s)&#xD;
Given the 'channel-1' CHANNEL resource access permissions&#xD;
-&gt; done: FeatureAccessSteps.GivenTheCHANNELResourceAccessPermissions("channel-1") (0.0s)&#xD;
* grant resource permission READ&#xD;
-&gt; done: FeatureAccessSteps.GivenGrantResourcePermissionREAD() (0.0s)&#xD;
When I grant a token specifying those permissions&#xD;
-&gt; done: FeatureAccessSteps.WhenIGrantATokenSpecifyingThosePermissions() (0.0s)&#xD;
Then the token contains the TTL 60&#xD;
-&gt; done: FeatureAccessSteps.ThenTheTokenContainsTheTTL(60) (0.1s)&#xD;
Then the token contains the authorized UUID "test-authorized-uuid"&#xD;
-&gt; done: FeatureAccessSteps.ThenTheTokenContainsTheAuthorizedUUID("test-authorized-uuid") (0.0s)&#xD;
Then the token has 'channel-1' CHANNEL resource access permissions&#xD;
-&gt; done: FeatureAccessSteps.ThenTheTokenHasCHANNELResourceAccessPermissions("channel-1") (0.0s)&#xD;
* token resource permission READ&#xD;
-&gt; done: FeatureAccessSteps.ThenTokenResourcePermissionREAD() (0.0s)</StdOut>
      </Output>
    </UnitTestResult>
    <UnitTestResult executionId="dc707577-2032-433d-8622-7acc9cf2ef68" testId="d717777f-cd83-a14f-a06e-85ad7a167630" testName="GetAUUIDMetadataForId" computerName="runner" duration="00:00:00.0237140" startTime="2024-10-03T10:47:08.2913436+00:00" endTime="2024-10-03T10:47:08.3150574+00:00" testType="13cdc9d9-ddb5-4fa4-a97d-d965ccfc6d4b" outcome="Passed" testListId="8c84fa94-04c1-424b-9868-57a2d4851a1d" relativeResultsDirectory="dc707577-2032-433d-8622-7acc9cf2ef68">
      <Output>
        <StdOut>Given I have a keyset with Objects V2 enabled&#xD;
-&gt; done: FeatureObjectsV2MetadataSteps.GivenIHaveAKeysetWithObjectsVEnabled(2) (0.0s)&#xD;
Given the id for 'Alice' persona&#xD;
-&gt; done: FeatureObjectsV2MetadataSteps.GivenTheIdForPersona("Alice") (0.0s)&#xD;
When I get the UUID metadata&#xD;
-&gt; done: FeatureObjectsV2MetadataSteps.WhenIGetTheUUIDMetadata() (0.0s)&#xD;
Then I receive a successful response&#xD;
-&gt; done: FeatureObjectsV2MetadataSteps.ThenIReceiveASuccessfulResponse() (0.0s)&#xD;
And the UUID metadata for 'Alice' persona&#xD;
-&gt; done: FeatureObjectsV2MetadataSteps.ThenTheUUIDMetadataForPersona("Alice") (0.0s)</StdOut>
      </Output>
    </UnitTestResult>
    <UnitTestResult executionId="21cbb693-bba0-4a7e-a4b7-e6c3e01321c3" testId="71353074-59f3-561d-2fde-c864cf9dfcb6" testName="CryptorIsAbleToProcessSampleFilesAsBinary(&quot;acrh&quot;,&quot;pubnubenigma&quot;,&quot;-&quot;,&quot;file-cryptor-v1-acrh.jpg&quot;,&quot;file.jpg&quot;,null)" computerName="runner" duration="00:00:00.0116980" startTime="2024-10-03T10:46:25.4710948+00:00" endTime="2024-10-03T10:46:25.4827930+00:00" testType="13cdc9d9-ddb5-4fa4-a97d-d965ccfc6d4b" outcome="Passed" testListId="8c84fa94-04c1-424b-9868-57a2d4851a1d" relativeResultsDirectory="21cbb693-bba0-4a7e-a4b7-e6c3e01321c3">
      <Output>
        <StdOut>Given Crypto module with 'acrh' cryptor&#xD;
-&gt; done: CryptoModuleSteps.GivenCryptoModuleWithCryptor("acrh") (0.0s)&#xD;
* with 'pubnubenigma' cipher key&#xD;
-&gt; done: CryptoModuleSteps.GivenWithCipherKey("pubnubenigma") (0.0s)&#xD;
* with '-' vector&#xD;
-&gt; done: CryptoModuleSteps.GivenWithVector("-") (0.0s)&#xD;
When I decrypt 'file-cryptor-v1-acrh.jpg' file as 'binary'&#xD;
-&gt; done: CryptoModuleSteps.WhenIDecryptFileAs("file-cryptor-v1-a...", "binary") (0.0s)&#xD;
Then Decrypted file content equal to the 'file.jpg' file content&#xD;
-&gt; done: CryptoModuleSteps.ThenDecryptedFileContentEqualToTheFileContent("file.jpg") (0.0s)</StdOut>
      </Output>
    </UnitTestResult>
    <UnitTestResult executionId="73f95f47-2fa9-470a-a771-36d072d97545" testId="50604149-da7b-7eb8-2563-57d2dd368452" testName="EmptyDataDecryptionShouldFail(&quot;legacy&quot;,&quot;pubnubenigma&quot;,&quot;constant&quot;,&quot;empty-file.txt&quot;,null)" computerName="runner" duration="00:00:00.0021120" startTime="2024-10-03T10:46:25.5395671+00:00" endTime="2024-10-03T10:46:25.5416786+00:00" testType="13cdc9d9-ddb5-4fa4-a97d-d965ccfc6d4b" outcome="Passed" testListId="8c84fa94-04c1-424b-9868-57a2d4851a1d" relativeResultsDirectory="73f95f47-2fa9-470a-a771-36d072d97545">
      <Output>
        <StdOut>Given Crypto module with 'legacy' cryptor&#xD;
-&gt; done: CryptoModuleSteps.GivenCryptoModuleWithCryptor("legacy") (0.0s)&#xD;
* with 'pubnubenigma' cipher key&#xD;
-&gt; done: CryptoModuleSteps.GivenWithCipherKey("pubnubenigma") (0.0s)&#xD;
* with 'constant' vector&#xD;
-&gt; done: CryptoModuleSteps.GivenWithVector("constant") (0.0s)&#xD;
When I decrypt 'empty-file.txt' file as 'binary'&#xD;
-&gt; done: CryptoModuleSteps.WhenIDecryptFileAs("empty-file.txt", "binary") (0.0s)&#xD;
Then I receive 'decryption error'&#xD;
-&gt; done: CryptoModuleSteps.ThenIReceive("decryption error") (0.0s)</StdOut>
      </Output>
    </UnitTestResult>
    <UnitTestResult executionId="d0ad6316-19b0-454e-a62e-8585a7fda3c2" testId="238d7046-3682-e357-765d-2a21c813602e" testName="AttemptToGrantAnAccessTokenWithARegularExpressionContainingASyntaxErrorAndExpectAServerError" computerName="runner" duration="00:00:00.0159610" startTime="2024-10-03T10:47:07.1052453+00:00" endTime="2024-10-03T10:47:07.1212063+00:00" testType="13cdc9d9-ddb5-4fa4-a97d-d965ccfc6d4b" outcome="Passed" testListId="8c84fa94-04c1-424b-9868-57a2d4851a1d" relativeResultsDirectory="d0ad6316-19b0-454e-a62e-8585a7fda3c2">
      <Output>
        <StdOut>Given I have a keyset with access manager enabled&#xD;
-&gt; done: FeatureAccessSteps.GivenIHaveAKeysetWithAccessManagerEnabled() (0.0s)&#xD;
Given the TTL 60&#xD;
-&gt; done: FeatureAccessSteps.GivenTheTTL(60) (0.0s)&#xD;
Given the '!&lt;[^&gt;]+&gt;++' UUID pattern access permissions&#xD;
-&gt; done: FeatureAccessSteps.GivenTheUUIDPatternAccessPermissions("!&lt;[^&gt;]+&gt;++") (0.0s)&#xD;
* grant pattern permission GET&#xD;
-&gt; done: FeatureAccessSteps.GivenGrantPatternPermissionGET() (0.0s)&#xD;
When I attempt to grant a token specifying those permissions&#xD;
-&gt; done: FeatureAccessSteps.WhenIAttemptToGrantATokenSpecifyingThosePermissions() (0.0s)&#xD;
Then an error is returned&#xD;
-&gt; done: FeatureAccessSteps.ThenAnErrorIsReturned() (0.0s)&#xD;
* the error status code is 400&#xD;
-&gt; done: FeatureAccessSteps.ThenTheErrorStatusCodeIs(400) (0.0s)&#xD;
* the error message is 'Invalid RegExp'&#xD;
-&gt; done: FeatureAccessSteps.ThenTheErrorMessageIs("Invalid RegExp") (0.0s)&#xD;
* the error source is 'grant'&#xD;
-&gt; done: FeatureAccessSteps.ThenTheErrorSourceIs("grant") (0.0s)&#xD;
* the error detail message is 'Syntax error: multiple repeat.'&#xD;
-&gt; done: FeatureAccessSteps.ThenTheErrorDetailMessageIs("Syntax error: mul...") (0.0s)&#xD;
* the error detail location is 'permissions.patterns.uuids.!&lt;[^&gt;]+&gt;++'&#xD;
-&gt; done: FeatureAccessSteps.ThenTheErrorDetailLocationIs("permissions.patte...") (0.0s)&#xD;
* the error detail location type is 'body'&#xD;
-&gt; done: FeatureAccessSteps.ThenTheErrorDetailLocationTypeIs("body") (0.0s)</StdOut>
      </Output>
    </UnitTestResult>
    <UnitTestResult executionId="a8581564-5256-4aaa-a2c6-570209f70a3c" testId="84e090d8-441a-8861-c4e5-70620525fefd" testName="CryptorIsAbleToProcessSampleFilesAsBinary(&quot;legacy&quot;,&quot;pubnubenigma&quot;,&quot;random&quot;,&quot;file-legacy-riv.jpg&quot;,&quot;file.jpg&quot;,null)" computerName="runner" duration="00:00:00.0058940" startTime="2024-10-03T10:46:25.4603614+00:00" endTime="2024-10-03T10:46:25.4662553+00:00" testType="13cdc9d9-ddb5-4fa4-a97d-d965ccfc6d4b" outcome="Passed" testListId="8c84fa94-04c1-424b-9868-57a2d4851a1d" relativeResultsDirectory="a8581564-5256-4aaa-a2c6-570209f70a3c">
      <Output>
        <StdOut>Given Crypto module with 'legacy' cryptor&#xD;
-&gt; done: CryptoModuleSteps.GivenCryptoModuleWithCryptor("legacy") (0.0s)&#xD;
* with 'pubnubenigma' cipher key&#xD;
-&gt; done: CryptoModuleSteps.GivenWithCipherKey("pubnubenigma") (0.0s)&#xD;
* with 'random' vector&#xD;
-&gt; done: CryptoModuleSteps.GivenWithVector("random") (0.0s)&#xD;
When I decrypt 'file-legacy-riv.jpg' file as 'binary'&#xD;
-&gt; done: CryptoModuleSteps.WhenIDecryptFileAs("file-legacy-riv.jpg", "binary") (0.0s)&#xD;
Then Decrypted file content equal to the 'file.jpg' file content&#xD;
-&gt; done: CryptoModuleSteps.ThenDecryptedFileContentEqualToTheFileContent("file.jpg") (0.0s)</StdOut>
      </Output>
    </UnitTestResult>
    <UnitTestResult executionId="0b4775b8-c615-428c-b2a5-d04f407efb7f" testId="02e294ba-02db-f21e-dc59-8e7c9444841f" testName="EmptyDataEncryptionShouldFail(&quot;legacy&quot;,&quot;pubnubenigma&quot;,&quot;constant&quot;,null)" computerName="runner" duration="00:00:00.0022590" startTime="2024-10-03T10:46:25.5498166+00:00" endTime="2024-10-03T10:46:25.5520757+00:00" testType="13cdc9d9-ddb5-4fa4-a97d-d965ccfc6d4b" outcome="Passed" testListId="8c84fa94-04c1-424b-9868-57a2d4851a1d" relativeResultsDirectory="0b4775b8-c615-428c-b2a5-d04f407efb7f">
      <Output>
        <StdOut>Given Crypto module with 'legacy' cryptor&#xD;
-&gt; done: CryptoModuleSteps.GivenCryptoModuleWithCryptor("legacy") (0.0s)&#xD;
* with 'pubnubenigma' cipher key&#xD;
-&gt; done: CryptoModuleSteps.GivenWithCipherKey("pubnubenigma") (0.0s)&#xD;
* with 'constant' vector&#xD;
-&gt; done: CryptoModuleSteps.GivenWithVector("constant") (0.0s)&#xD;
When I encrypt 'empty-file.txt' file as 'binary'&#xD;
-&gt; done: CryptoModuleSteps.WhenIEncryptFileAs("empty-file.txt", "binary") (0.0s)&#xD;
Then I receive 'encryption error'&#xD;
-&gt; done: CryptoModuleSteps.ThenIReceive("encryption error") (0.0s)</StdOut>
      </Output>
    </UnitTestResult>
    <UnitTestResult executionId="e1f1ac95-9490-4970-b5c4-33177174af8a" testId="7f798889-8174-9314-5795-cf39887a4d5e" testName="AES_CBCCryptorDataHeaderCanBeProcessed(&quot;pubnubenigma&quot;,&quot;file-legacy-civ.jpg&quot;,&quot;unknown cryptor error&quot;,null)" computerName="runner" duration="00:00:00.5239720" startTime="2024-10-03T10:46:24.7663193+00:00" endTime="2024-10-03T10:46:25.2902114+00:00" testType="13cdc9d9-ddb5-4fa4-a97d-d965ccfc6d4b" outcome="Passed" testListId="8c84fa94-04c1-424b-9868-57a2d4851a1d" relativeResultsDirectory="e1f1ac95-9490-4970-b5c4-33177174af8a">
      <Output>
        <StdOut>Given Crypto module with 'acrh' cryptor&#xD;
-&gt; done: CryptoModuleSteps.GivenCryptoModuleWithCryptor("acrh") (0.0s)&#xD;
* with 'pubnubenigma' cipher key&#xD;
-&gt; done: CryptoModuleSteps.GivenWithCipherKey("pubnubenigma") (0.0s)&#xD;
When I decrypt 'file-legacy-civ.jpg' file&#xD;
-&gt; done: CryptoModuleSteps.WhenIDecryptFile("file-legacy-civ.jpg") (0.1s)&#xD;
Then I receive 'unknown cryptor error'&#xD;
-&gt; done: CryptoModuleSteps.ThenIReceive("unknown cryptor e...") (0.0s)</StdOut>
      </Output>
    </UnitTestResult>
    <UnitTestResult executionId="71a42b0d-8a7b-4dac-b4eb-f8faf2463a1d" testId="96ff7052-903d-d61a-0cb2-cdee63831172" testName="RemoveMembership" computerName="runner" duration="00:00:00.0211879" startTime="2024-10-03T10:47:08.1467230+00:00" endTime="2024-10-03T10:47:08.1679109+00:00" testType="13cdc9d9-ddb5-4fa4-a97d-d965ccfc6d4b" outcome="Passed" testListId="8c84fa94-04c1-424b-9868-57a2d4851a1d" relativeResultsDirectory="71a42b0d-8a7b-4dac-b4eb-f8faf2463a1d">
      <Output>
        <StdOut>Given I have a keyset with Objects V2 enabled&#xD;
-&gt; done: FeatureObjectsV2MetadataSteps.GivenIHaveAKeysetWithObjectsVEnabled(2) (0.0s)&#xD;
Given the id for 'Alice' persona&#xD;
-&gt; done: FeatureObjectsV2MetadataSteps.GivenTheIdForPersona("Alice") (0.0s)&#xD;
And the data for 'ChatMembership' membership&#xD;
-&gt; done: FeatureObjectsV2MetadataSteps.GivenTheDataForMembership("ChatMembership") (0.0s)&#xD;
When I remove the membership&#xD;
-&gt; done: FeatureObjectsV2MetadataSteps.WhenIRemoveTheMembership() (0.0s)&#xD;
Then I receive a successful response&#xD;
-&gt; done: FeatureObjectsV2MetadataSteps.ThenIReceiveASuccessfulResponse() (0.0s)</StdOut>
      </Output>
    </UnitTestResult>
    <UnitTestResult executionId="55a6447c-2252-4a28-8c67-47a0a615e5b7" testId="e079e022-b7dd-5746-ddcb-acbf542a744e" testName="CompleteHandshakeFailure" computerName="runner" duration="00:00:09.0411460" startTime="2024-10-03T10:46:48.8778424+00:00" endTime="2024-10-03T10:46:57.9190440+00:00" testType="13cdc9d9-ddb5-4fa4-a97d-d965ccfc6d4b" outcome="Passed" testListId="8c84fa94-04c1-424b-9868-57a2d4851a1d" relativeResultsDirectory="55a6447c-2252-4a28-8c67-47a0a615e5b7">
      <Output>
        <StdOut>Given the demo keyset with Presence EE enabled&#xD;
-&gt; done: EventEngineSteps.GivenTheDemoKeysetWithPresenceEEenabled() (0.0s)&#xD;
Given heartbeatInterval set to '1', timeout set to '60' and suppressLeaveEvents set to 'false'&#xD;
-&gt; done: EventEngineSteps.GivenPresenceConfiguration("1", "60", "false") (0.0s)&#xD;
Given a linear reconnection policy with 3 retries&#xD;
-&gt; done: EventEngineSteps.GivenALinearReconnectionPolicyWithRetries(3) (0.0s)&#xD;
When I join 'first', 'second', 'third' channels&#xD;
-&gt; done: EventEngineSteps.WhenIJoinChannels("first", "second", "third") (0.0s)&#xD;
Then I receive an error in my heartbeat response&#xD;
-&gt; done: EventEngineSteps.ThenHeartbeatErrorAsync() (9.0s)&#xD;
And I observe the following Events and Invocations of the Presence EE:&#xD;
  --- table step argument ---&#xD;
  | type       | name                     |&#xD;
  | event      | JOINED                   |&#xD;
  | invocation | HEARTBEAT                |&#xD;
  | event      | HEARTBEAT_FAILURE        |&#xD;
  | invocation | DELAYED_HEARTBEAT        |&#xD;
  | event      | HEARTBEAT_FAILURE        |&#xD;
  | invocation | CANCEL_DELAYED_HEARTBEAT |&#xD;
  | invocation | DELAYED_HEARTBEAT        |&#xD;
  | event      | HEARTBEAT_FAILURE        |&#xD;
  | invocation | CANCEL_DELAYED_HEARTBEAT |&#xD;
  | invocation | DELAYED_HEARTBEAT        |&#xD;
  | event      | HEARTBEAT_FAILURE        |&#xD;
  | invocation | CANCEL_DELAYED_HEARTBEAT |&#xD;
  | invocation | DELAYED_HEARTBEAT        |&#xD;
  | event      | HEARTBEAT_GIVEUP         |&#xD;
  | invocation | CANCEL_DELAYED_HEARTBEAT |&#xD;
-&gt; done: EventEngineSteps.ThenIObserverPresenceEventEngine(&lt;table&gt;) (0.0s)</StdOut>
      </Output>
    </UnitTestResult>
    <UnitTestResult executionId="00141986-16a9-4f41-b273-19e2f6528f4a" testId="bc8c5e9c-4b5f-8534-047c-bc0ab7c6f555" testName="EmptyStreamDataDecryptionShouldFail(&quot;legacy&quot;,&quot;pubnubenigma&quot;,&quot;constant&quot;,&quot;empty-file.txt&quot;,null)" computerName="runner" duration="00:00:00.0022880" startTime="2024-10-03T10:46:25.5586124+00:00" endTime="2024-10-03T10:46:25.5609007+00:00" testType="13cdc9d9-ddb5-4fa4-a97d-d965ccfc6d4b" outcome="Passed" testListId="8c84fa94-04c1-424b-9868-57a2d4851a1d" relativeResultsDirectory="00141986-16a9-4f41-b273-19e2f6528f4a">
      <Output>
        <StdOut>Given Crypto module with 'legacy' cryptor&#xD;
-&gt; done: CryptoModuleSteps.GivenCryptoModuleWithCryptor("legacy") (0.0s)&#xD;
* with 'pubnubenigma' cipher key&#xD;
-&gt; done: CryptoModuleSteps.GivenWithCipherKey("pubnubenigma") (0.0s)&#xD;
* with 'constant' vector&#xD;
-&gt; done: CryptoModuleSteps.GivenWithVector("constant") (0.0s)&#xD;
When I decrypt 'empty-file.txt' file as 'stream'&#xD;
-&gt; done: CryptoModuleSteps.WhenIDecryptFileAs("empty-file.txt", "stream") (0.0s)&#xD;
Then I receive 'decryption error'&#xD;
-&gt; done: CryptoModuleSteps.ThenIReceive("decryption error") (0.0s)</StdOut>
      </Output>
    </UnitTestResult>
    <UnitTestResult executionId="76a3ba1d-cd81-4157-ab0b-e790d40bcb0a" testId="68a689f7-c4a6-51dd-490d-8e5b965feb8a" testName="CryptorIsAbleToProcessSampleFilesAsStream(&quot;acrh&quot;,&quot;pubnubenigma&quot;,&quot;-&quot;,&quot;file-cryptor-v1-acrh.jpg&quot;,&quot;file.jpg&quot;,null)" computerName="runner" duration="00:00:00.0063350" startTime="2024-10-03T10:46:25.5029987+00:00" endTime="2024-10-03T10:46:25.5093340+00:00" testType="13cdc9d9-ddb5-4fa4-a97d-d965ccfc6d4b" outcome="Passed" testListId="8c84fa94-04c1-424b-9868-57a2d4851a1d" relativeResultsDirectory="76a3ba1d-cd81-4157-ab0b-e790d40bcb0a">
      <Output>
        <StdOut>Given Crypto module with 'acrh' cryptor&#xD;
-&gt; done: CryptoModuleSteps.GivenCryptoModuleWithCryptor("acrh") (0.0s)&#xD;
* with 'pubnubenigma' cipher key&#xD;
-&gt; done: CryptoModuleSteps.GivenWithCipherKey("pubnubenigma") (0.0s)&#xD;
* with '-' vector&#xD;
-&gt; done: CryptoModuleSteps.GivenWithVector("-") (0.0s)&#xD;
When I decrypt 'file-cryptor-v1-acrh.jpg' file as 'stream'&#xD;
-&gt; done: CryptoModuleSteps.WhenIDecryptFileAs("file-cryptor-v1-a...", "stream") (0.0s)&#xD;
Then Decrypted file content equal to the 'file.jpg' file content&#xD;
-&gt; done: CryptoModuleSteps.ThenDecryptedFileContentEqualToTheFileContent("file.jpg") (0.0s)</StdOut>
      </Output>
    </UnitTestResult>
    <UnitTestResult executionId="abe73f65-8eb9-4125-8989-861ece34e6ba" testId="e592298e-a7bd-5e8f-cbb1-f5ba33b2dce9" testName="EmptyDataEncryptionShouldFail(&quot;legacy&quot;,&quot;pubnubenigma&quot;,&quot;random&quot;,null)" computerName="runner" duration="00:00:00.0018580" startTime="2024-10-03T10:46:25.5521019+00:00" endTime="2024-10-03T10:46:25.5539598+00:00" testType="13cdc9d9-ddb5-4fa4-a97d-d965ccfc6d4b" outcome="Passed" testListId="8c84fa94-04c1-424b-9868-57a2d4851a1d" relativeResultsDirectory="abe73f65-8eb9-4125-8989-861ece34e6ba">
      <Output>
        <StdOut>Given Crypto module with 'legacy' cryptor&#xD;
-&gt; done: CryptoModuleSteps.GivenCryptoModuleWithCryptor("legacy") (0.0s)&#xD;
* with 'pubnubenigma' cipher key&#xD;
-&gt; done: CryptoModuleSteps.GivenWithCipherKey("pubnubenigma") (0.0s)&#xD;
* with 'random' vector&#xD;
-&gt; done: CryptoModuleSteps.GivenWithVector("random") (0.0s)&#xD;
When I encrypt 'empty-file.txt' file as 'binary'&#xD;
-&gt; done: CryptoModuleSteps.WhenIEncryptFileAs("empty-file.txt", "binary") (0.0s)&#xD;
Then I receive 'encryption error'&#xD;
-&gt; done: CryptoModuleSteps.ThenIReceive("encryption error") (0.0s)</StdOut>
      </Output>
    </UnitTestResult>
    <UnitTestResult executionId="2a130b32-f0f3-4c02-a9f6-58d020fb97d3" testId="31dac960-539b-5857-5a33-455fe8d5a38f" testName="CryptoModuleCanHandleEncryptedDataFromDifferentCryptors(&quot;acrh&quot;,&quot;legacy&quot;,&quot;pubnubenigma&quot;,&quot;random&quot;,&quot;file-legacy-riv.jpg&quot;,&quot;file.jpg&quot;,null)" computerName="runner" duration="00:00:00.0065370" startTime="2024-10-03T10:46:25.3708537+00:00" endTime="2024-10-03T10:46:25.3773906+00:00" testType="13cdc9d9-ddb5-4fa4-a97d-d965ccfc6d4b" outcome="Passed" testListId="8c84fa94-04c1-424b-9868-57a2d4851a1d" relativeResultsDirectory="2a130b32-f0f3-4c02-a9f6-58d020fb97d3">
      <Output>
        <StdOut>Given Crypto module with default 'acrh' and additional 'legacy' cryptors&#xD;
-&gt; done: CryptoModuleSteps.GivenCryptoModuleWithDefaultAndAdditionalCryptors("acrh", "legacy") (0.0s)&#xD;
* with 'pubnubenigma' cipher key&#xD;
-&gt; done: CryptoModuleSteps.GivenWithCipherKey("pubnubenigma") (0.0s)&#xD;
* with 'random' vector&#xD;
-&gt; done: CryptoModuleSteps.GivenWithVector("random") (0.0s)&#xD;
When I decrypt 'file-legacy-riv.jpg' file as 'binary'&#xD;
-&gt; done: CryptoModuleSteps.WhenIDecryptFileAs("file-legacy-riv.jpg", "binary") (0.0s)&#xD;
Then Decrypted file content equal to the 'file.jpg' file content&#xD;
-&gt; done: CryptoModuleSteps.ThenDecryptedFileContentEqualToTheFileContent("file.jpg") (0.0s)</StdOut>
      </Output>
    </UnitTestResult>
    <UnitTestResult executionId="1fbf3a21-4b0f-4ee3-82c4-d9dc0dd44db1" testId="947b833a-a96c-d64f-e9e3-0beaa935d4d5" testName="SetAChannelMetadata" computerName="runner" duration="00:00:00.0263870" startTime="2024-10-03T10:47:07.8030282+00:00" endTime="2024-10-03T10:47:07.8294152+00:00" testType="13cdc9d9-ddb5-4fa4-a97d-d965ccfc6d4b" outcome="Passed" testListId="8c84fa94-04c1-424b-9868-57a2d4851a1d" relativeResultsDirectory="1fbf3a21-4b0f-4ee3-82c4-d9dc0dd44db1">
      <Output>
        <StdOut>Given I have a keyset with Objects V2 enabled&#xD;
-&gt; done: FeatureObjectsV2MetadataSteps.GivenIHaveAKeysetWithObjectsVEnabled(2) (0.0s)&#xD;
Given the data for 'Chat' channel&#xD;
-&gt; done: FeatureObjectsV2MetadataSteps.GivenTheDataForChannel("Chat") (0.0s)&#xD;
When I set the channel metadata&#xD;
-&gt; done: FeatureObjectsV2MetadataSteps.WhenISetTheChannelMetadata() (0.0s)&#xD;
Then I receive a successful response&#xD;
-&gt; done: FeatureObjectsV2MetadataSteps.ThenIReceiveASuccessfulResponse() (0.0s)&#xD;
And the channel metadata for 'Chat' channel contains updated&#xD;
-&gt; done: FeatureObjectsV2MetadataSteps.ThenTheChannelMetadataForChannelContainsUpdated("Chat") (0.0s)</StdOut>
      </Output>
    </UnitTestResult>
    <UnitTestResult executionId="042dbf68-4cb3-46ca-adcc-e582334eb33c" testId="f8d35157-2900-b4b5-1a17-900588c884a9" testName="CryptorIsAbleToProcessSampleFilesAsBinary(&quot;acrh&quot;,&quot;pubnubenigma&quot;,&quot;-&quot;,&quot;file-cryptor-v1-acrh.txt&quot;,&quot;file.txt&quot;,null)" computerName="runner" duration="00:00:00.0024800" startTime="2024-10-03T10:46:25.4828243+00:00" endTime="2024-10-03T10:46:25.4853038+00:00" testType="13cdc9d9-ddb5-4fa4-a97d-d965ccfc6d4b" outcome="Passed" testListId="8c84fa94-04c1-424b-9868-57a2d4851a1d" relativeResultsDirectory="042dbf68-4cb3-46ca-adcc-e582334eb33c">
      <Output>
        <StdOut>Given Crypto module with 'acrh' cryptor&#xD;
-&gt; done: CryptoModuleSteps.GivenCryptoModuleWithCryptor("acrh") (0.0s)&#xD;
* with 'pubnubenigma' cipher key&#xD;
-&gt; done: CryptoModuleSteps.GivenWithCipherKey("pubnubenigma") (0.0s)&#xD;
* with '-' vector&#xD;
-&gt; done: CryptoModuleSteps.GivenWithVector("-") (0.0s)&#xD;
When I decrypt 'file-cryptor-v1-acrh.txt' file as 'binary'&#xD;
-&gt; done: CryptoModuleSteps.WhenIDecryptFileAs("file-cryptor-v1-a...", "binary") (0.0s)&#xD;
Then Decrypted file content equal to the 'file.txt' file content&#xD;
-&gt; done: CryptoModuleSteps.ThenDecryptedFileContentEqualToTheFileContent("file.txt") (0.0s)</StdOut>
      </Output>
    </UnitTestResult>
    <UnitTestResult executionId="566b451c-f9a6-49a1-a1d7-3fb545b54d72" testId="5e071152-ee43-67c0-dc5d-67a966171b99" testName="GrantAnAccessTokenWithoutAnAuthorizedUuid" computerName="runner" duration="00:00:00.0318410" startTime="2024-10-03T10:47:07.4027767+00:00" endTime="2024-10-03T10:47:07.4346182+00:00" testType="13cdc9d9-ddb5-4fa4-a97d-d965ccfc6d4b" outcome="Passed" testListId="8c84fa94-04c1-424b-9868-57a2d4851a1d" relativeResultsDirectory="566b451c-f9a6-49a1-a1d7-3fb545b54d72">
      <Output>
        <StdOut>Given I have a keyset with access manager enabled&#xD;
-&gt; done: FeatureAccessSteps.GivenIHaveAKeysetWithAccessManagerEnabled() (0.0s)&#xD;
Given the TTL 60&#xD;
-&gt; done: FeatureAccessSteps.GivenTheTTL(60) (0.0s)&#xD;
Given the 'channel-1' CHANNEL resource access permissions&#xD;
-&gt; done: FeatureAccessSteps.GivenTheCHANNELResourceAccessPermissions("channel-1") (0.0s)&#xD;
* grant resource permission READ&#xD;
-&gt; done: FeatureAccessSteps.GivenGrantResourcePermissionREAD() (0.0s)&#xD;
When I grant a token specifying those permissions&#xD;
-&gt; done: FeatureAccessSteps.WhenIGrantATokenSpecifyingThosePermissions() (0.0s)&#xD;
Then the token contains the TTL 60&#xD;
-&gt; done: FeatureAccessSteps.ThenTheTokenContainsTheTTL(60) (0.0s)&#xD;
Then the token does not contain an authorized uuid&#xD;
-&gt; done: FeatureAccessSteps.ThenTheTokenDoesNotContainAnAuthorizedUuid() (0.0s)&#xD;
Then the token has 'channel-1' CHANNEL resource access permissions&#xD;
-&gt; done: FeatureAccessSteps.ThenTheTokenHasCHANNELResourceAccessPermissions("channel-1") (0.0s)&#xD;
* token resource permission READ&#xD;
-&gt; done: FeatureAccessSteps.ThenTokenResourcePermissionREAD() (0.0s)</StdOut>
      </Output>
    </UnitTestResult>
    <UnitTestResult executionId="a41b75f2-12cb-4403-a33a-cc229a25dd97" testId="524c1966-6494-a6c3-e952-972895ca93c8" testName="RecoveryFromOneUnexpectedErrorAlongTheWay" computerName="runner" duration="00:00:02.8895559" startTime="2024-10-03T10:47:01.0395638+00:00" endTime="2024-10-03T10:47:03.9291364+00:00" testType="13cdc9d9-ddb5-4fa4-a97d-d965ccfc6d4b" outcome="Passed" testListId="8c84fa94-04c1-424b-9868-57a2d4851a1d" relativeResultsDirectory="a41b75f2-12cb-4403-a33a-cc229a25dd97">
      <Output>
        <StdOut>Given the demo keyset with Presence EE enabled&#xD;
-&gt; done: EventEngineSteps.GivenTheDemoKeysetWithPresenceEEenabled() (0.0s)&#xD;
Given heartbeatInterval set to '1', timeout set to '60' and suppressLeaveEvents set to 'false'&#xD;
-&gt; done: EventEngineSteps.GivenPresenceConfiguration("1", "60", "false") (0.0s)&#xD;
Given a linear reconnection policy with 3 retries&#xD;
-&gt; done: EventEngineSteps.GivenALinearReconnectionPolicyWithRetries(3) (0.0s)&#xD;
When I join 'first', 'second', 'third' channels with presence&#xD;
-&gt; done: EventEngineSteps.WhenIJoinChannelsWithPresence("first", "second", "third") (0.0s)&#xD;
Then I wait for getting Presence joined events&#xD;
{"Event":"join","Uuid":"db9c5e39-7c95-40f5-8d71-125765b6f561","Timestamp":17279524238824000,"Occupancy":1,"State":null,"Channel":"first","Subscription":"","Timetoken":0,"UserMetadata":null,"Join":null,"Timeout":null,"Leave":null,"HereNowRefresh":false}&#xD;
-&gt; done: EventEngineSteps.ThenIWaitForPresenceJoinEvents() (2.8s)&#xD;
And I observe the following Events and Invocations of the Presence EE:&#xD;
  --- table step argument ---&#xD;
  | type       | name                     |&#xD;
  | event      | JOINED                   |&#xD;
  | invocation | HEARTBEAT                |&#xD;
  | event      | HEARTBEAT_FAILURE        |&#xD;
  | invocation | DELAYED_HEARTBEAT        |&#xD;
  | event      | HEARTBEAT_SUCCESS        |&#xD;
  | invocation | CANCEL_DELAYED_HEARTBEAT |&#xD;
  | invocation | WAIT                     |&#xD;
-&gt; done: EventEngineSteps.ThenIObserverPresenceEventEngine(&lt;table&gt;) (0.0s)&#xD;
{"Event":"join","Uuid":"db9c5e39-7c95-40f5-8d71-125765b6f561","Timestamp":17279524238824112,"Occupancy":1,"State":null,"Channel":"second","Subscription":"","Timetoken":0,"UserMetadata":null,"Join":null,"Timeout":null,"Leave":null,"HereNowRefresh":false}&#xD;
{"Event":"join","Uuid":"db9c5e39-7c95-40f5-8d71-125765b6f561","Timestamp":17279524238824182,"Occupancy":1,"State":null,"Channel":"third","Subscription":"","Timetoken":0,"UserMetadata":null,"Join":null,"Timeout":null,"Leave":null,"HereNowRefresh":false}</StdOut>
      </Output>
    </UnitTestResult>
    <UnitTestResult executionId="45d33121-344c-45e4-88c4-fe8cce50bdb6" testId="8a1c2bbd-f61b-135c-270f-157e7106103a" testName="GetAChannelWithCustomMetadata" computerName="runner" duration="00:00:00.0201820" startTime="2024-10-03T10:47:07.7164929+00:00" endTime="2024-10-03T10:47:07.7366747+00:00" testType="13cdc9d9-ddb5-4fa4-a97d-d965ccfc6d4b" outcome="Passed" testListId="8c84fa94-04c1-424b-9868-57a2d4851a1d" relativeResultsDirectory="45d33121-344c-45e4-88c4-fe8cce50bdb6">
      <Output>
        <StdOut>Given I have a keyset with Objects V2 enabled&#xD;
-&gt; done: FeatureObjectsV2MetadataSteps.GivenIHaveAKeysetWithObjectsVEnabled(2) (0.0s)&#xD;
Given the id for 'DM' channel&#xD;
-&gt; done: FeatureObjectsV2MetadataSteps.GivenTheIdForChannel("DM") (0.0s)&#xD;
When I get the channel metadata with custom&#xD;
-&gt; done: FeatureObjectsV2MetadataSteps.WhenIGetTheChannelMetadataWithCustom() (0.0s)&#xD;
Then I receive a successful response&#xD;
-&gt; done: FeatureObjectsV2MetadataSteps.ThenIReceiveASuccessfulResponse() (0.0s)&#xD;
And the channel metadata for 'DM' channel&#xD;
-&gt; done: FeatureObjectsV2MetadataSteps.ThenTheChannelMetadataForChannel("DM") (0.0s)</StdOut>
      </Output>
    </UnitTestResult>
    <UnitTestResult executionId="2b707810-1c01-4c15-8799-ae1cfb3be56f" testId="ed5af684-441e-e3d8-3bf2-a26f2fd3f117" testName="SetMemberForAChannel" computerName="runner" duration="00:00:00.0210910" startTime="2024-10-03T10:47:07.9427910+00:00" endTime="2024-10-03T10:47:07.9638815+00:00" testType="13cdc9d9-ddb5-4fa4-a97d-d965ccfc6d4b" outcome="Passed" testListId="8c84fa94-04c1-424b-9868-57a2d4851a1d" relativeResultsDirectory="2b707810-1c01-4c15-8799-ae1cfb3be56f">
      <Output>
        <StdOut>Given I have a keyset with Objects V2 enabled&#xD;
-&gt; done: FeatureObjectsV2MetadataSteps.GivenIHaveAKeysetWithObjectsVEnabled(2) (0.0s)&#xD;
Given the data for 'AmeliaMember' member&#xD;
-&gt; done: FeatureObjectsV2MetadataSteps.GivenTheDataForMember("AmeliaMember") (0.0s)&#xD;
And the id for 'Chat' channel&#xD;
-&gt; done: FeatureObjectsV2MetadataSteps.GivenTheIdForChannel("Chat") (0.0s)&#xD;
When I set a channel member&#xD;
-&gt; done: FeatureObjectsV2MetadataSteps.WhenISetAChannelMember() (0.0s)&#xD;
Then I receive a successful response&#xD;
-&gt; done: FeatureObjectsV2MetadataSteps.ThenIReceiveASuccessfulResponse() (0.0s)&#xD;
And the response contains list with 'AmeliaMember' member&#xD;
-&gt; done: FeatureObjectsV2MetadataSteps.ThenTheResponseContainsListWithMember("AmeliaMember") (0.0s)</StdOut>
      </Output>
    </UnitTestResult>
    <UnitTestResult executionId="abc6facb-273b-40f1-aa00-0130d64a7070" testId="21d875cb-d7ef-e04a-3cc4-907443abf187" testName="EmptyStreamDataDecryptionShouldFail(&quot;acrh&quot;,&quot;pubnubenigma&quot;,&quot;-&quot;,&quot;empty-file-cryptor-v1-acrh.txt&quot;,null)" computerName="runner" duration="00:00:00.0026630" startTime="2024-10-03T10:46:25.5667720+00:00" endTime="2024-10-03T10:46:25.5694344+00:00" testType="13cdc9d9-ddb5-4fa4-a97d-d965ccfc6d4b" outcome="Passed" testListId="8c84fa94-04c1-424b-9868-57a2d4851a1d" relativeResultsDirectory="abc6facb-273b-40f1-aa00-0130d64a7070">
      <Output>
        <StdOut>Given Crypto module with 'acrh' cryptor&#xD;
-&gt; done: CryptoModuleSteps.GivenCryptoModuleWithCryptor("acrh") (0.0s)&#xD;
* with 'pubnubenigma' cipher key&#xD;
-&gt; done: CryptoModuleSteps.GivenWithCipherKey("pubnubenigma") (0.0s)&#xD;
* with '-' vector&#xD;
-&gt; done: CryptoModuleSteps.GivenWithVector("-") (0.0s)&#xD;
When I decrypt 'empty-file-cryptor-v1-acrh.txt' file as 'stream'&#xD;
-&gt; done: CryptoModuleSteps.WhenIDecryptFileAs("empty-file-crypto...", "stream") (0.0s)&#xD;
Then I receive 'decryption error'&#xD;
-&gt; done: CryptoModuleSteps.ThenIReceive("decryption error") (0.0s)</StdOut>
      </Output>
    </UnitTestResult>
    <UnitTestResult executionId="fec30226-c6db-4386-aa01-92b2966c896f" testId="9d2b950d-d4be-de51-1cfb-07073f6d6e13" testName="CryptorIsAbleToProcessSampleFilesAsStream(&quot;legacy&quot;,&quot;pubnubenigma&quot;,&quot;random&quot;,&quot;file-legacy-riv.txt&quot;,&quot;file.txt&quot;,null)" computerName="runner" duration="00:00:00.0022750" startTime="2024-10-03T10:46:25.5006982+00:00" endTime="2024-10-03T10:46:25.5029726+00:00" testType="13cdc9d9-ddb5-4fa4-a97d-d965ccfc6d4b" outcome="Passed" testListId="8c84fa94-04c1-424b-9868-57a2d4851a1d" relativeResultsDirectory="fec30226-c6db-4386-aa01-92b2966c896f">
      <Output>
        <StdOut>Given Crypto module with 'legacy' cryptor&#xD;
-&gt; done: CryptoModuleSteps.GivenCryptoModuleWithCryptor("legacy") (0.0s)&#xD;
* with 'pubnubenigma' cipher key&#xD;
-&gt; done: CryptoModuleSteps.GivenWithCipherKey("pubnubenigma") (0.0s)&#xD;
* with 'random' vector&#xD;
-&gt; done: CryptoModuleSteps.GivenWithVector("random") (0.0s)&#xD;
When I decrypt 'file-legacy-riv.txt' file as 'stream'&#xD;
-&gt; done: CryptoModuleSteps.WhenIDecryptFileAs("file-legacy-riv.txt", "stream") (0.0s)&#xD;
Then Decrypted file content equal to the 'file.txt' file content&#xD;
-&gt; done: CryptoModuleSteps.ThenDecryptedFileContentEqualToTheFileContent("file.txt") (0.0s)</StdOut>
      </Output>
    </UnitTestResult>
    <UnitTestResult executionId="a1a64e4a-0b71-42e2-bbaa-03f99526cc61" testId="2c1e01dd-81d9-12dc-ec1f-005830932e89" testName="EmptyDataEncryptionShouldFail(&quot;acrh&quot;,&quot;pubnubenigma&quot;,&quot;-&quot;,null)" computerName="runner" duration="00:00:00.0022030" startTime="2024-10-03T10:46:25.5563542+00:00" endTime="2024-10-03T10:46:25.5585574+00:00" testType="13cdc9d9-ddb5-4fa4-a97d-d965ccfc6d4b" outcome="Passed" testListId="8c84fa94-04c1-424b-9868-57a2d4851a1d" relativeResultsDirectory="a1a64e4a-0b71-42e2-bbaa-03f99526cc61">
      <Output>
        <StdOut>Given Crypto module with 'acrh' cryptor&#xD;
-&gt; done: CryptoModuleSteps.GivenCryptoModuleWithCryptor("acrh") (0.0s)&#xD;
* with 'pubnubenigma' cipher key&#xD;
-&gt; done: CryptoModuleSteps.GivenWithCipherKey("pubnubenigma") (0.0s)&#xD;
* with '-' vector&#xD;
-&gt; done: CryptoModuleSteps.GivenWithVector("-") (0.0s)&#xD;
When I encrypt 'empty-file.txt' file as 'binary'&#xD;
-&gt; done: CryptoModuleSteps.WhenIEncryptFileAs("empty-file.txt", "binary") (0.0s)&#xD;
Then I receive 'encryption error'&#xD;
-&gt; done: CryptoModuleSteps.ThenIReceive("encryption error") (0.0s)</StdOut>
      </Output>
    </UnitTestResult>
    <UnitTestResult executionId="acbe6e06-506b-4992-982d-477223ff2877" testId="ed3513bd-2d36-bad0-70c5-813865e78b06" testName="AES_CBCCryptorDataHeaderCanBeProcessed(&quot;pubnubenigma&quot;,&quot;file-cryptor-v1-unknown.txt&quot;,&quot;unknown cryptor error&quot;,null)" computerName="runner" duration="00:00:00.0028700" startTime="2024-10-03T10:46:25.3013923+00:00" endTime="2024-10-03T10:46:25.3042618+00:00" testType="13cdc9d9-ddb5-4fa4-a97d-d965ccfc6d4b" outcome="Passed" testListId="8c84fa94-04c1-424b-9868-57a2d4851a1d" relativeResultsDirectory="acbe6e06-506b-4992-982d-477223ff2877">
      <Output>
        <StdOut>Given Crypto module with 'acrh' cryptor&#xD;
-&gt; done: CryptoModuleSteps.GivenCryptoModuleWithCryptor("acrh") (0.0s)&#xD;
* with 'pubnubenigma' cipher key&#xD;
-&gt; done: CryptoModuleSteps.GivenWithCipherKey("pubnubenigma") (0.0s)&#xD;
When I decrypt 'file-cryptor-v1-unknown.txt' file&#xD;
-&gt; done: CryptoModuleSteps.WhenIDecryptFile("file-cryptor-v1-u...") (0.0s)&#xD;
Then I receive 'unknown cryptor error'&#xD;
-&gt; done: CryptoModuleSteps.ThenIReceive("unknown cryptor e...") (0.0s)</StdOut>
      </Output>
    </UnitTestResult>
    <UnitTestResult executionId="e1577d45-851d-4ab1-a03f-959305a03527" testId="1d07225f-97f1-fdcb-e603-fea46f8b9792" testName="JoiningAndLeavingChannels" computerName="runner" duration="00:00:03.0987090" startTime="2024-10-03T10:46:57.9407975+00:00" endTime="2024-10-03T10:47:01.0395290+00:00" testType="13cdc9d9-ddb5-4fa4-a97d-d965ccfc6d4b" outcome="Passed" testListId="8c84fa94-04c1-424b-9868-57a2d4851a1d" relativeResultsDirectory="e1577d45-851d-4ab1-a03f-959305a03527">
      <Output>
        <StdOut>Given the demo keyset with Presence EE enabled&#xD;
-&gt; done: EventEngineSteps.GivenTheDemoKeysetWithPresenceEEenabled() (0.0s)&#xD;
Given heartbeatInterval set to '20', timeout set to '60' and suppressLeaveEvents set to 'false'&#xD;
-&gt; done: EventEngineSteps.GivenPresenceConfiguration("20", "60", "false") (0.0s)&#xD;
When I join 'first', 'second', 'third' channels with presence&#xD;
-&gt; done: EventEngineSteps.WhenIJoinChannelsWithPresence("first", "second", "third") (0.0s)&#xD;
Then I wait for getting Presence joined events&#xD;
{"Event":"join","Uuid":"db9c5e39-7c95-40f5-8d71-125765b6f561","Timestamp":17279524179646564,"Occupancy":1,"State":null,"Channel":"first","Subscription":"","Timetoken":0,"UserMetadata":null,"Join":null,"Timeout":null,"Leave":null,"HereNowRefresh":false}&#xD;
-&gt; done: EventEngineSteps.ThenIWaitForPresenceJoinEvents() (0.0s)&#xD;
Then I leave 'first' and 'second' channels with presence&#xD;
{"Event":"join","Uuid":"db9c5e39-7c95-40f5-8d71-125765b6f561","Timestamp":17279524179646846,"Occupancy":1,"State":null,"Channel":"second","Subscription":"","Timetoken":0,"UserMetadata":null,"Join":null,"Timeout":null,"Leave":null,"HereNowRefresh":false}&#xD;
{"Event":"join","Uuid":"db9c5e39-7c95-40f5-8d71-125765b6f561","Timestamp":17279524179646972,"Occupancy":1,"State":null,"Channel":"third","Subscription":"","Timetoken":0,"UserMetadata":null,"Join":null,"Timeout":null,"Leave":null,"HereNowRefresh":false}&#xD;
-&gt; done: EventEngineSteps.ThenILeaveAndChannelsWithPresence("first", "second") (0.0s)&#xD;
Then I wait '3' seconds&#xD;
-&gt; done: EventEngineSteps.ThenIWaitAsync("3") (3.0s)&#xD;
And I observe the following Events and Invocations of the Presence EE:&#xD;
  --- table step argument ---&#xD;
  | type       | name              |&#xD;
  | event      | JOINED            |&#xD;
  | invocation | HEARTBEAT         |&#xD;
  | event      | HEARTBEAT_SUCCESS |&#xD;
  | invocation | WAIT              |&#xD;
  | event      | LEFT              |&#xD;
  | invocation | CANCEL_WAIT       |&#xD;
  | invocation | LEAVE             |&#xD;
  | invocation | HEARTBEAT         |&#xD;
  | event      | HEARTBEAT_SUCCESS |&#xD;
  | invocation | WAIT              |&#xD;
-&gt; done: EventEngineSteps.ThenIObserverPresenceEventEngine(&lt;table&gt;) (0.0s)</StdOut>
      </Output>
    </UnitTestResult>
    <UnitTestResult executionId="2eec4580-3967-4d41-b916-c9a5ae89acac" testId="1f73b5a1-d21f-1feb-a5dc-31aa30bfbe2c" testName="SetMembershipForCurrentUser" computerName="runner" duration="00:00:00.0270540" startTime="2024-10-03T10:47:08.2133579+00:00" endTime="2024-10-03T10:47:08.2404123+00:00" testType="13cdc9d9-ddb5-4fa4-a97d-d965ccfc6d4b" outcome="Passed" testListId="8c84fa94-04c1-424b-9868-57a2d4851a1d" relativeResultsDirectory="2eec4580-3967-4d41-b916-c9a5ae89acac">
      <Output>
        <StdOut>Given I have a keyset with Objects V2 enabled&#xD;
-&gt; done: FeatureObjectsV2MetadataSteps.GivenIHaveAKeysetWithObjectsVEnabled(2) (0.0s)&#xD;
Given current user is 'Alice' persona&#xD;
-&gt; done: FeatureObjectsV2MetadataSteps.GivenCurrentUserIsPersona("Alice") (0.0s)&#xD;
And the data for 'ChatMembership' membership&#xD;
-&gt; done: FeatureObjectsV2MetadataSteps.GivenTheDataForMembership("ChatMembership") (0.0s)&#xD;
When I set the membership for current user&#xD;
-&gt; done: FeatureObjectsV2MetadataSteps.WhenISetTheMembershipForCurrentUser() (0.0s)&#xD;
Then I receive a successful response&#xD;
-&gt; done: FeatureObjectsV2MetadataSteps.ThenIReceiveASuccessfulResponse() (0.0s)&#xD;
And the response contains list with 'ChatMembership' membership&#xD;
-&gt; done: FeatureObjectsV2MetadataSteps.ThenTheResponseContainsListWithMembership("ChatMembership") (0.0s)</StdOut>
      </Output>
    </UnitTestResult>
    <UnitTestResult executionId="070cb46e-fd1b-4d28-8104-d091f49b23d9" testId="9ac60b24-db33-73cf-3bc9-bbcf0b66ab81" testName="DataEncryptedWithLegacyAES_CBCCryptorIsDecryptableWithLegacyImplementation(&quot;pubnubenigma&quot;,&quot;constant&quot;,&quot;file.txt&quot;,null)" computerName="runner" duration="00:00:00.0028630" startTime="2024-10-03T10:46:25.5366451+00:00" endTime="2024-10-03T10:46:25.5395083+00:00" testType="13cdc9d9-ddb5-4fa4-a97d-d965ccfc6d4b" outcome="Passed" testListId="8c84fa94-04c1-424b-9868-57a2d4851a1d" relativeResultsDirectory="070cb46e-fd1b-4d28-8104-d091f49b23d9">
      <Output>
        <StdOut>Given Crypto module with 'legacy' cryptor&#xD;
-&gt; done: CryptoModuleSteps.GivenCryptoModuleWithCryptor("legacy") (0.0s)&#xD;
* with 'pubnubenigma' cipher key&#xD;
-&gt; done: CryptoModuleSteps.GivenWithCipherKey("pubnubenigma") (0.0s)&#xD;
* with 'constant' vector&#xD;
-&gt; done: CryptoModuleSteps.GivenWithVector("constant") (0.0s)&#xD;
Given Legacy code with 'pubnubenigma' cipher key and 'constant' vector&#xD;
-&gt; done: CryptoModuleSteps.GivenLegacyCodeWithCipherKeyAndVector("pubnubenigma", "constant") (0.0s)&#xD;
When I encrypt 'file.txt' file as 'binary'&#xD;
-&gt; done: CryptoModuleSteps.WhenIEncryptFileAs("file.txt", "binary") (0.0s)&#xD;
Then Successfully decrypt an encrypted file with legacy code&#xD;
-&gt; done: CryptoModuleSteps.ThenSuccessfullyDecryptAnEncryptedFileWithLegacyCode() (0.0s)</StdOut>
      </Output>
    </UnitTestResult>
    <UnitTestResult executionId="42f23fc2-be9f-4f8a-9d11-0c14b3aabbcc" testId="1680f939-c9a3-3184-e5e6-300d132ea901" testName="CryptorIsAbleToProcessSampleFilesAsBinary(&quot;legacy&quot;,&quot;pubnubenigma&quot;,&quot;constant&quot;,&quot;file-cryptor-legacy-civ.txt&quot;,&quot;file.txt&quot;,null)" computerName="runner" duration="00:00:00.0024800" startTime="2024-10-03T10:46:25.4499085+00:00" endTime="2024-10-03T10:46:25.4523885+00:00" testType="13cdc9d9-ddb5-4fa4-a97d-d965ccfc6d4b" outcome="Passed" testListId="8c84fa94-04c1-424b-9868-57a2d4851a1d" relativeResultsDirectory="42f23fc2-be9f-4f8a-9d11-0c14b3aabbcc">
      <Output>
        <StdOut>Given Crypto module with 'legacy' cryptor&#xD;
-&gt; done: CryptoModuleSteps.GivenCryptoModuleWithCryptor("legacy") (0.0s)&#xD;
* with 'pubnubenigma' cipher key&#xD;
-&gt; done: CryptoModuleSteps.GivenWithCipherKey("pubnubenigma") (0.0s)&#xD;
* with 'constant' vector&#xD;
-&gt; done: CryptoModuleSteps.GivenWithVector("constant") (0.0s)&#xD;
When I decrypt 'file-cryptor-legacy-civ.txt' file as 'binary'&#xD;
-&gt; done: CryptoModuleSteps.WhenIDecryptFileAs("file-cryptor-lega...", "binary") (0.0s)&#xD;
Then Decrypted file content equal to the 'file.txt' file content&#xD;
-&gt; done: CryptoModuleSteps.ThenDecryptedFileContentEqualToTheFileContent("file.txt") (0.0s)</StdOut>
      </Output>
    </UnitTestResult>
    <UnitTestResult executionId="3a7d3806-0eeb-4186-9c38-f9136c85a5ec" testId="5ef88e91-8d77-e81e-f266-0337c81fc15e" testName="EmptyStreamDataEncryptionShouldFail(&quot;legacy&quot;,&quot;pubnubenigma&quot;,&quot;constant&quot;,null)" computerName="runner" duration="00:00:00.0022870" startTime="2024-10-03T10:46:25.5694935+00:00" endTime="2024-10-03T10:46:25.5717799+00:00" testType="13cdc9d9-ddb5-4fa4-a97d-d965ccfc6d4b" outcome="Passed" testListId="8c84fa94-04c1-424b-9868-57a2d4851a1d" relativeResultsDirectory="3a7d3806-0eeb-4186-9c38-f9136c85a5ec">
      <Output>
        <StdOut>Given Crypto module with 'legacy' cryptor&#xD;
-&gt; done: CryptoModuleSteps.GivenCryptoModuleWithCryptor("legacy") (0.0s)&#xD;
* with 'pubnubenigma' cipher key&#xD;
-&gt; done: CryptoModuleSteps.GivenWithCipherKey("pubnubenigma") (0.0s)&#xD;
* with 'constant' vector&#xD;
-&gt; done: CryptoModuleSteps.GivenWithVector("constant") (0.0s)&#xD;
When I encrypt 'empty-file.txt' file as 'stream'&#xD;
-&gt; done: CryptoModuleSteps.WhenIEncryptFileAs("empty-file.txt", "stream") (0.0s)&#xD;
Then I receive 'encryption error'&#xD;
-&gt; done: CryptoModuleSteps.ThenIReceive("encryption error") (0.0s)</StdOut>
      </Output>
    </UnitTestResult>
    <UnitTestResult executionId="2921f0d7-f2f7-4243-94e5-02e961f738ac" testId="2f407184-5438-edfb-bd06-dac05bac3790" testName="JoiningAFewChannelsWithHeartbeatIntervalSetTo0" computerName="runner" duration="00:00:00.0216920" startTime="2024-10-03T10:46:57.9190745+00:00" endTime="2024-10-03T10:46:57.9407662+00:00" testType="13cdc9d9-ddb5-4fa4-a97d-d965ccfc6d4b" outcome="Passed" testListId="8c84fa94-04c1-424b-9868-57a2d4851a1d" relativeResultsDirectory="2921f0d7-f2f7-4243-94e5-02e961f738ac">
      <Output>
        <StdOut>Given the demo keyset with Presence EE enabled&#xD;
-&gt; done: EventEngineSteps.GivenTheDemoKeysetWithPresenceEEenabled() (0.0s)&#xD;
Given heartbeatInterval set to '0', timeout set to '60' and suppressLeaveEvents set to 'false'&#xD;
-&gt; done: EventEngineSteps.GivenPresenceConfiguration("0", "60", "false") (0.0s)&#xD;
When I join 'first', 'second', 'third' channels&#xD;
-&gt; done: EventEngineSteps.WhenIJoinChannels("first", "second", "third") (0.0s)&#xD;
Then I don't observe any Events and Invocations of the Presence EE&#xD;
-&gt; done: EventEngineSteps.ThenIDontObserveAnyEventsAndInvocationsOfThePresenceEE() (0.0s)</StdOut>
      </Output>
    </UnitTestResult>
    <UnitTestResult executionId="dfca0607-71cd-4cf5-bc31-f1daef7da6ff" testId="78a2948f-1e6f-bc34-da6a-7718af2fe45b" testName="CompleteHandshakeFailure" computerName="runner" duration="00:00:10.1719160" startTime="2024-10-03T10:46:25.5882234+00:00" endTime="2024-10-03T10:46:35.7601964+00:00" testType="13cdc9d9-ddb5-4fa4-a97d-d965ccfc6d4b" outcome="Passed" testListId="8c84fa94-04c1-424b-9868-57a2d4851a1d" relativeResultsDirectory="dfca0607-71cd-4cf5-bc31-f1daef7da6ff">
      <Output>
        <StdOut>Given the demo keyset with event engine enabled&#xD;
-&gt; done: EventEngineSteps.GivenTheDemoKeysetWithEventEngineEnabled() (0.0s)&#xD;
Given a linear reconnection policy with 3 retries&#xD;
-&gt; done: EventEngineSteps.GivenALinearReconnectionPolicyWithRetries(3) (0.0s)&#xD;
When I subscribe&#xD;
PNSubscribeOperation PNConnectionErrorCategory 0&#xD;
-&gt; done: EventEngineSteps.WhenISubscribe() (10.1s)&#xD;
Then I receive an error in my subscribe response&#xD;
-&gt; done: EventEngineSteps.ThenIReceiveAnErrorInMySubscribeResponse() (0.0s)&#xD;
And I observe the following:&#xD;
  --- table step argument ---&#xD;
  | type       | name                        |&#xD;
  | event      | SUBSCRIPTION_CHANGED        |&#xD;
  | invocation | HANDSHAKE                   |&#xD;
  | event      | HANDSHAKE_FAILURE           |&#xD;
  | invocation | CANCEL_HANDSHAKE            |&#xD;
  | invocation | HANDSHAKE_RECONNECT         |&#xD;
  | event      | HANDSHAKE_RECONNECT_FAILURE |&#xD;
  | invocation | CANCEL_HANDSHAKE_RECONNECT  |&#xD;
  | invocation | HANDSHAKE_RECONNECT         |&#xD;
  | event      | HANDSHAKE_RECONNECT_FAILURE |&#xD;
  | invocation | CANCEL_HANDSHAKE_RECONNECT  |&#xD;
  | invocation | HANDSHAKE_RECONNECT         |&#xD;
  | event      | HANDSHAKE_RECONNECT_FAILURE |&#xD;
  | invocation | CANCEL_HANDSHAKE_RECONNECT  |&#xD;
  | invocation | HANDSHAKE_RECONNECT         |&#xD;
  | event      | HANDSHAKE_RECONNECT_GIVEUP  |&#xD;
  | invocation | CANCEL_HANDSHAKE_RECONNECT  |&#xD;
  | invocation | EMIT_STATUS                 |&#xD;
-&gt; done: EventEngineSteps.ThenIObserveTheFollowing(&lt;table&gt;) (0.0s)</StdOut>
      </Output>
    </UnitTestResult>
    <UnitTestResult executionId="da9fc4b2-cc94-4566-8006-324229d6b39d" testId="4dab3f58-f834-dddd-fa3d-a0f55f715d14" testName="EmptyStreamDataDecryptionShouldFail(&quot;legacy&quot;,&quot;pubnubenigma&quot;,&quot;random&quot;,&quot;empty-file-cryptor-legacy-riv.txt&quot;,null)" computerName="runner" duration="00:00:00.0019610" startTime="2024-10-03T10:46:25.5647848+00:00" endTime="2024-10-03T10:46:25.5667456+00:00" testType="13cdc9d9-ddb5-4fa4-a97d-d965ccfc6d4b" outcome="Passed" testListId="8c84fa94-04c1-424b-9868-57a2d4851a1d" relativeResultsDirectory="da9fc4b2-cc94-4566-8006-324229d6b39d">
      <Output>
        <StdOut>Given Crypto module with 'legacy' cryptor&#xD;
-&gt; done: CryptoModuleSteps.GivenCryptoModuleWithCryptor("legacy") (0.0s)&#xD;
* with 'pubnubenigma' cipher key&#xD;
-&gt; done: CryptoModuleSteps.GivenWithCipherKey("pubnubenigma") (0.0s)&#xD;
[...]
Given the id for 'Chat' channel&#xD;
-&gt; done: FeatureObjectsV2MetadataSteps.GivenTheIdForChannel("Chat") (0.0s)&#xD;
And the data for 'AmeliaMember' member that we want to remove&#xD;
-&gt; done: FeatureObjectsV2MetadataSteps.GivenTheDataForMemberThatWeWantToRemove("AmeliaMember") (0.0s)&#xD;
When I remove a channel member&#xD;
-&gt; done: FeatureObjectsV2MetadataSteps.WhenIRemoveAChannelMember() (0.0s)&#xD;
Then I receive a successful response&#xD;
-&gt; done: FeatureObjectsV2MetadataSteps.ThenIReceiveASuccessfulResponse() (0.0s)&#xD;
</Text>
      </RunInfo>
      <RunInfo computerName="runner" outcome="Warning" timestamp="2024-10-03T10:47:07.9643569+00:00">
        <Text>Given I have a keyset with Objects V2 enabled&#xD;
-&gt; done: FeatureObjectsV2MetadataSteps.GivenIHaveAKeysetWithObjectsVEnabled(2) (0.0s)&#xD;
Given the data for 'AmeliaMember' member&#xD;
-&gt; done: FeatureObjectsV2MetadataSteps.GivenTheDataForMember("AmeliaMember") (0.0s)&#xD;
And the id for 'Chat' channel&#xD;
-&gt; done: FeatureObjectsV2MetadataSteps.GivenTheIdForChannel("Chat") (0.0s)&#xD;
When I set a channel member&#xD;
-&gt; done: FeatureObjectsV2MetadataSteps.WhenISetAChannelMember() (0.0s)&#xD;
Then I receive a successful response&#xD;
-&gt; done: FeatureObjectsV2MetadataSteps.ThenIReceiveASuccessfulResponse() (0.0s)&#xD;
And the response contains list with 'AmeliaMember' member&#xD;
-&gt; done: FeatureObjectsV2MetadataSteps.ThenTheResponseContainsListWithMember("AmeliaMember") (0.0s)&#xD;
</Text>
      </RunInfo>
      <RunInfo computerName="runner" outcome="Warning" timestamp="2024-10-03T10:47:07.9897361+00:00">
        <Text>Given I have a keyset with Objects V2 enabled&#xD;
-&gt; done: FeatureObjectsV2MetadataSteps.GivenIHaveAKeysetWithObjectsVEnabled(2) (0.0s)&#xD;
Given the data for 'PeterMember' member&#xD;
-&gt; done: FeatureObjectsV2MetadataSteps.GivenTheDataForMember("PeterMember") (0.0s)&#xD;
And the id for 'Chat' channel&#xD;
-&gt; done: FeatureObjectsV2MetadataSteps.GivenTheIdForChannel("Chat") (0.0s)&#xD;
When I set a channel member including custom and UUID with custom&#xD;
-&gt; done: FeatureObjectsV2MetadataSteps.WhenISetAChannelMemberIncludingCustomAndUUIDWithCustom() (0.0s)&#xD;
Then I receive a successful response&#xD;
-&gt; done: FeatureObjectsV2MetadataSteps.ThenIReceiveASuccessfulResponse() (0.0s)&#xD;
And the response contains list with 'PeterMember' member&#xD;
-&gt; done: FeatureObjectsV2MetadataSteps.ThenTheResponseContainsListWithMember("PeterMember") (0.0s)&#xD;
</Text>
      </RunInfo>
      <RunInfo computerName="runner" outcome="Warning" timestamp="2024-10-03T10:47:08.0393591+00:00">
        <Text>Given I have a keyset with Objects V2 enabled&#xD;
-&gt; done: FeatureObjectsV2MetadataSteps.GivenIHaveAKeysetWithObjectsVEnabled(2) (0.0s)&#xD;
Given current user is 'Alice' persona&#xD;
-&gt; done: FeatureObjectsV2MetadataSteps.GivenCurrentUserIsPersona("Alice") (0.0s)&#xD;
When I get the memberships for current user&#xD;
-&gt; done: FeatureObjectsV2MetadataSteps.WhenIGetTheMembershipsForCurrentUser() (0.0s)&#xD;
Then I receive a successful response&#xD;
-&gt; done: FeatureObjectsV2MetadataSteps.ThenIReceiveASuccessfulResponse() (0.0s)&#xD;
And the response contains list with 'ChatMembership' and 'PatientMembership' memberships&#xD;
-&gt; done: FeatureObjectsV2MetadataSteps.ThenTheResponseContainsListWithAndMemberships("ChatMembership", "PatientMembership") (0.0s)&#xD;
</Text>
      </RunInfo>
      <RunInfo computerName="runner" outcome="Warning" timestamp="2024-10-03T10:47:08.0931350+00:00">
        <Text>Given I have a keyset with Objects V2 enabled&#xD;
-&gt; done: FeatureObjectsV2MetadataSteps.GivenIHaveAKeysetWithObjectsVEnabled(2) (0.0s)&#xD;
Given the id for 'Alice' persona&#xD;
-&gt; done: FeatureObjectsV2MetadataSteps.GivenTheIdForPersona("Alice") (0.0s)&#xD;
When I get the memberships&#xD;
-&gt; done: FeatureObjectsV2MetadataSteps.WhenIGetTheMemberships() (0.0s)&#xD;
Then I receive a successful response&#xD;
-&gt; done: FeatureObjectsV2MetadataSteps.ThenIReceiveASuccessfulResponse() (0.0s)&#xD;
And the response contains list with 'ChatMembership' and 'PatientMembership' memberships&#xD;
-&gt; done: FeatureObjectsV2MetadataSteps.ThenTheResponseContainsListWithAndMemberships("ChatMembership", "PatientMembership") (0.0s)&#xD;
</Text>
      </RunInfo>
      <RunInfo computerName="runner" outcome="Warning" timestamp="2024-10-03T10:47:08.1187293+00:00">
        <Text>Given I have a keyset with Objects V2 enabled&#xD;
-&gt; done: FeatureObjectsV2MetadataSteps.GivenIHaveAKeysetWithObjectsVEnabled(2) (0.0s)&#xD;
Given the id for 'Bob' persona&#xD;
-&gt; done: FeatureObjectsV2MetadataSteps.GivenTheIdForPersona("Bob") (0.0s)&#xD;
When I get the memberships including custom and channel custom information&#xD;
-&gt; done: FeatureObjectsV2MetadataSteps.WhenIGetTheMembershipsIncludingCustomAndChannelCustomInformation() (0.0s)&#xD;
Then I receive a successful response&#xD;
-&gt; done: FeatureObjectsV2MetadataSteps.ThenIReceiveASuccessfulResponse() (0.0s)&#xD;
And the response contains list with 'VipChatMembership' and 'DMMembership' memberships&#xD;
-&gt; done: FeatureObjectsV2MetadataSteps.ThenTheResponseContainsListWithAndMemberships("VipChatMembership", "DMMembership") (0.0s)&#xD;
</Text>
      </RunInfo>
      <RunInfo computerName="runner" outcome="Warning" timestamp="2024-10-03T10:47:08.1471251+00:00">
        <Text>Given I have a keyset with Objects V2 enabled&#xD;
-&gt; done: FeatureObjectsV2MetadataSteps.GivenIHaveAKeysetWithObjectsVEnabled(2) (0.0s)&#xD;
Given the id for 'Alice' persona&#xD;
-&gt; done: FeatureObjectsV2MetadataSteps.GivenTheIdForPersona("Alice") (0.0s)&#xD;
And the data for 'ChatMembership' membership&#xD;
-&gt; done: FeatureObjectsV2MetadataSteps.GivenTheDataForMembership("ChatMembership") (0.0s)&#xD;
And the data for 'PatientMembership' membership that we want to remove&#xD;
-&gt; done: FeatureObjectsV2MetadataSteps.GivenTheDataForMembershipThatWeWantToRemove("PatientMembership") (0.0s)&#xD;
When I manage memberships&#xD;
-&gt; done: FeatureObjectsV2MetadataSteps.WhenIManageMemberships() (0.0s)&#xD;
Then I receive a successful response&#xD;
-&gt; done: FeatureObjectsV2MetadataSteps.ThenIReceiveASuccessfulResponse() (0.0s)&#xD;
And the response contains list with 'ChatMembership' membership&#xD;
-&gt; done: FeatureObjectsV2MetadataSteps.ThenTheResponseContainsListWithMembership("ChatMembership") (0.0s)&#xD;
And the response does not contain list with 'PatientMembership' membership&#xD;
-&gt; done: FeatureObjectsV2MetadataSteps.ThenTheResponseDoesNotContainListWithMembership("PatientMembership") (0.0s)&#xD;
</Text>
      </RunInfo>
      <RunInfo computerName="runner" outcome="Warning" timestamp="2024-10-03T10:47:08.1683220+00:00">
        <Text>Given I have a keyset with Objects V2 enabled&#xD;
-&gt; done: FeatureObjectsV2MetadataSteps.GivenIHaveAKeysetWithObjectsVEnabled(2) (0.0s)&#xD;
Given the id for 'Alice' persona&#xD;
-&gt; done: FeatureObjectsV2MetadataSteps.GivenTheIdForPersona("Alice") (0.0s)&#xD;
And the data for 'ChatMembership' membership&#xD;
-&gt; done: FeatureObjectsV2MetadataSteps.GivenTheDataForMembership("ChatMembership") (0.0s)&#xD;
When I remove the membership&#xD;
-&gt; done: FeatureObjectsV2MetadataSteps.WhenIRemoveTheMembership() (0.0s)&#xD;
Then I receive a successful response&#xD;
-&gt; done: FeatureObjectsV2MetadataSteps.ThenIReceiveASuccessfulResponse() (0.0s)&#xD;
</Text>
      </RunInfo>
      <RunInfo computerName="runner" outcome="Warning" timestamp="2024-10-03T10:47:08.1891805+00:00">
        <Text>Given I have a keyset with Objects V2 enabled&#xD;
-&gt; done: FeatureObjectsV2MetadataSteps.GivenIHaveAKeysetWithObjectsVEnabled(2) (0.0s)&#xD;
Given current user is 'Alice' persona&#xD;
-&gt; done: FeatureObjectsV2MetadataSteps.GivenCurrentUserIsPersona("Alice") (0.0s)&#xD;
And the data for 'ChatMembership' membership that we want to remove&#xD;
-&gt; done: FeatureObjectsV2MetadataSteps.GivenTheDataForMembershipThatWeWantToRemove("ChatMembership") (0.0s)&#xD;
When I remove the membership for current user&#xD;
-&gt; done: FeatureObjectsV2MetadataSteps.WhenIRemoveTheMembershipForCurrentUser() (0.0s)&#xD;
Then I receive a successful response&#xD;
-&gt; done: FeatureObjectsV2MetadataSteps.ThenIReceiveASuccessfulResponse() (0.0s)&#xD;
</Text>
      </RunInfo>
      <RunInfo computerName="runner" outcome="Warning" timestamp="2024-10-03T10:47:08.2138062+00:00">
        <Text>Given I have a keyset with Objects V2 enabled&#xD;
-&gt; done: FeatureObjectsV2MetadataSteps.GivenIHaveAKeysetWithObjectsVEnabled(2) (0.0s)&#xD;
Given the id for 'Alice' persona&#xD;
-&gt; done: FeatureObjectsV2MetadataSteps.GivenTheIdForPersona("Alice") (0.0s)&#xD;
And the data for 'ChatMembership' membership&#xD;
-&gt; done: FeatureObjectsV2MetadataSteps.GivenTheDataForMembership("ChatMembership") (0.0s)&#xD;
When I set the membership&#xD;
-&gt; done: FeatureObjectsV2MetadataSteps.WhenISetTheMembership() (0.0s)&#xD;
Then I receive a successful response&#xD;
-&gt; done: FeatureObjectsV2MetadataSteps.ThenIReceiveASuccessfulResponse() (0.0s)&#xD;
And the response contains list with 'ChatMembership' membership&#xD;
-&gt; done: FeatureObjectsV2MetadataSteps.ThenTheResponseContainsListWithMembership("ChatMembership") (0.0s)&#xD;
</Text>
      </RunInfo>
      <RunInfo computerName="runner" outcome="Warning" timestamp="2024-10-03T10:47:08.2408254+00:00">
        <Text>Given I have a keyset with Objects V2 enabled&#xD;
-&gt; done: FeatureObjectsV2MetadataSteps.GivenIHaveAKeysetWithObjectsVEnabled(2) (0.0s)&#xD;
Given current user is 'Alice' persona&#xD;
-&gt; done: FeatureObjectsV2MetadataSteps.GivenCurrentUserIsPersona("Alice") (0.0s)&#xD;
And the data for 'ChatMembership' membership&#xD;
-&gt; done: FeatureObjectsV2MetadataSteps.GivenTheDataForMembership("ChatMembership") (0.0s)&#xD;
When I set the membership for current user&#xD;
-&gt; done: FeatureObjectsV2MetadataSteps.WhenISetTheMembershipForCurrentUser() (0.0s)&#xD;
Then I receive a successful response&#xD;
-&gt; done: FeatureObjectsV2MetadataSteps.ThenIReceiveASuccessfulResponse() (0.0s)&#xD;
And the response contains list with 'ChatMembership' membership&#xD;
-&gt; done: FeatureObjectsV2MetadataSteps.ThenTheResponseContainsListWithMembership("ChatMembership") (0.0s)&#xD;
</Text>
      </RunInfo>
      <RunInfo computerName="runner" outcome="Warning" timestamp="2024-10-03T10:47:08.2700333+00:00">
        <Text>Given I have a keyset with Objects V2 enabled&#xD;
-&gt; done: FeatureObjectsV2MetadataSteps.GivenIHaveAKeysetWithObjectsVEnabled(2) (0.0s)&#xD;
When I get all UUID metadata&#xD;
-&gt; done: FeatureObjectsV2MetadataSteps.WhenIGetAllUUIDMetadata() (0.0s)&#xD;
Then I receive a successful response&#xD;
-&gt; done: FeatureObjectsV2MetadataSteps.ThenIReceiveASuccessfulResponse() (0.0s)&#xD;
And the response contains list with 'Alice' and 'James' UUID metadata&#xD;
-&gt; done: FeatureObjectsV2MetadataSteps.ThenTheResponseContainsListWithAndUUIDMetadata("Alice", "James") (0.0s)&#xD;
</Text>
      </RunInfo>
      <RunInfo computerName="runner" outcome="Warning" timestamp="2024-10-03T10:47:08.2917340+00:00">
        <Text>Given I have a keyset with Objects V2 enabled&#xD;
-&gt; done: FeatureObjectsV2MetadataSteps.GivenIHaveAKeysetWithObjectsVEnabled(2) (0.0s)&#xD;
When I get all UUID metadata with custom&#xD;
-&gt; done: FeatureObjectsV2MetadataSteps.WhenIGetAllUUIDMetadataWithCustom() (0.0s)&#xD;
Then I receive a successful response&#xD;
-&gt; done: FeatureObjectsV2MetadataSteps.ThenIReceiveASuccessfulResponse() (0.0s)&#xD;
And the response contains list with 'Bob' and 'Lisa' UUID metadata&#xD;
-&gt; done: FeatureObjectsV2MetadataSteps.ThenTheResponseContainsListWithAndUUIDMetadata("Bob", "Lisa") (0.0s)&#xD;
</Text>
      </RunInfo>
      <RunInfo computerName="runner" outcome="Warning" timestamp="2024-10-03T10:47:08.3154644+00:00">
        <Text>Given I have a keyset with Objects V2 enabled&#xD;
-&gt; done: FeatureObjectsV2MetadataSteps.GivenIHaveAKeysetWithObjectsVEnabled(2) (0.0s)&#xD;
Given the id for 'Alice' persona&#xD;
-&gt; done: FeatureObjectsV2MetadataSteps.GivenTheIdForPersona("Alice") (0.0s)&#xD;
When I get the UUID metadata&#xD;
-&gt; done: FeatureObjectsV2MetadataSteps.WhenIGetTheUUIDMetadata() (0.0s)&#xD;
Then I receive a successful response&#xD;
-&gt; done: FeatureObjectsV2MetadataSteps.ThenIReceiveASuccessfulResponse() (0.0s)&#xD;
And the UUID metadata for 'Alice' persona&#xD;
-&gt; done: FeatureObjectsV2MetadataSteps.ThenTheUUIDMetadataForPersona("Alice") (0.0s)&#xD;
</Text>
      </RunInfo>
      <RunInfo computerName="runner" outcome="Warning" timestamp="2024-10-03T10:47:08.3349741+00:00">
        <Text>Given I have a keyset with Objects V2 enabled&#xD;
-&gt; done: FeatureObjectsV2MetadataSteps.GivenIHaveAKeysetWithObjectsVEnabled(2) (0.0s)&#xD;
Given current user is 'Bob' persona&#xD;
-&gt; done: FeatureObjectsV2MetadataSteps.GivenCurrentUserIsPersona("Bob") (0.0s)&#xD;
When I get the UUID metadata with custom for current user&#xD;
-&gt; done: FeatureObjectsV2MetadataSteps.WhenIGetTheUUIDMetadataWithCustomForCurrentUser() (0.0s)&#xD;
Then I receive a successful response&#xD;
-&gt; done: FeatureObjectsV2MetadataSteps.ThenIReceiveASuccessfulResponse() (0.0s)&#xD;
And the UUID metadata for 'Bob' persona&#xD;
-&gt; done: FeatureObjectsV2MetadataSteps.ThenTheUUIDMetadataForPersona("Bob") (0.0s)&#xD;
</Text>
      </RunInfo>
      <RunInfo computerName="runner" outcome="Warning" timestamp="2024-10-03T10:47:08.3545017+00:00">
        <Text>Given I have a keyset with Objects V2 enabled&#xD;
-&gt; done: FeatureObjectsV2MetadataSteps.GivenIHaveAKeysetWithObjectsVEnabled(2) (0.0s)&#xD;
Given the id for 'Alice' persona&#xD;
-&gt; done: FeatureObjectsV2MetadataSteps.GivenTheIdForPersona("Alice") (0.0s)&#xD;
When I remove the UUID metadata&#xD;
-&gt; done: FeatureObjectsV2MetadataSteps.WhenIRemoveTheUUIDMetadata() (0.0s)&#xD;
Then I receive a successful response&#xD;
-&gt; done: FeatureObjectsV2MetadataSteps.ThenIReceiveASuccessfulResponse() (0.0s)&#xD;
</Text>
      </RunInfo>
      <RunInfo computerName="runner" outcome="Warning" timestamp="2024-10-03T10:47:08.3720039+00:00">
        <Text>Given I have a keyset with Objects V2 enabled&#xD;
-&gt; done: FeatureObjectsV2MetadataSteps.GivenIHaveAKeysetWithObjectsVEnabled(2) (0.0s)&#xD;
Given current user is 'Alice' persona&#xD;
-&gt; done: FeatureObjectsV2MetadataSteps.GivenCurrentUserIsPersona("Alice") (0.0s)&#xD;
When I remove the UUID metadata for current user&#xD;
-&gt; done: FeatureObjectsV2MetadataSteps.WhenIRemoveTheUUIDMetadataForCurrentUser() (0.0s)&#xD;
Then I receive a successful response&#xD;
-&gt; done: FeatureObjectsV2MetadataSteps.ThenIReceiveASuccessfulResponse() (0.0s)&#xD;
</Text>
      </RunInfo>
      <RunInfo computerName="runner" outcome="Warning" timestamp="2024-10-03T10:47:08.3967257+00:00">
        <Text>Given I have a keyset with Objects V2 enabled&#xD;
-&gt; done: FeatureObjectsV2MetadataSteps.GivenIHaveAKeysetWithObjectsVEnabled(2) (0.0s)&#xD;
Given the data for 'Alice' persona&#xD;
-&gt; done: FeatureObjectsV2MetadataSteps.GivenTheDataForPersona("Alice") (0.0s)&#xD;
When I set the UUID metadata&#xD;
-&gt; done: FeatureObjectsV2MetadataSteps.WhenISetTheUUIDMetadata() (0.0s)&#xD;
Then I receive a successful response&#xD;
-&gt; done: FeatureObjectsV2MetadataSteps.ThenIReceiveASuccessfulResponse() (0.0s)&#xD;
And the UUID metadata for 'Alice' persona contains updated&#xD;
-&gt; done: FeatureObjectsV2MetadataSteps.ThenTheUUIDMetadataForPersonaContainsUpdated("Alice") (0.0s)&#xD;
</Text>
      </RunInfo>
      <RunInfo computerName="runner" outcome="Warning" timestamp="2024-10-03T10:47:08.4166943+00:00">
        <Text>Given I have a keyset with access manager enabled&#xD;
-&gt; done: FeatureAccessSteps.GivenIHaveAKeysetWithAccessManagerEnabled() (0.0s)&#xD;
Given a token&#xD;
-&gt; done: FeatureAccessSteps.GivenAToken() (0.0s)&#xD;
When I revoke a token&#xD;
-&gt; done: FeatureAccessSteps.WhenIRevokeAToken() (0.0s)&#xD;
Then an error is returned&#xD;
-&gt; done: FeatureAccessSteps.ThenAnErrorIsReturned() (0.0s)&#xD;
* the error status code is 400&#xD;
-&gt; done: FeatureAccessSteps.ThenTheErrorStatusCodeIs(400) (0.0s)&#xD;
* the error message is 'Feature disabled'&#xD;
-&gt; done: FeatureAccessSteps.ThenTheErrorMessageIs("Feature disabled") (0.0s)&#xD;
* the error source is 'revoke'&#xD;
-&gt; done: FeatureAccessSteps.ThenTheErrorSourceIs("revoke") (0.0s)&#xD;
* the error detail message is 'Token revocation is disabled.'&#xD;
-&gt; done: FeatureAccessSteps.ThenTheErrorDetailMessageIs("Token revocation ...") (0.0s)&#xD;
* the error detail location is 'subscribe-key'&#xD;
-&gt; done: FeatureAccessSteps.ThenTheErrorDetailLocationIs("subscribe-key") (0.0s)&#xD;
* the error detail location type is 'path'&#xD;
-&gt; done: FeatureAccessSteps.ThenTheErrorDetailLocationTypeIs("path") (0.0s)&#xD;
* the error service is 'Access Manager'&#xD;
-&gt; done: FeatureAccessSteps.ThenTheErrorServiceIs("Access Manager") (0.0s)&#xD;
</Text>
      </RunInfo>
      <RunInfo computerName="runner" outcome="Warning" timestamp="2024-10-03T10:47:08.4325852+00:00">
        <Text>Given I have a keyset with access manager enabled&#xD;
-&gt; done: FeatureAccessSteps.GivenIHaveAKeysetWithAccessManagerEnabled() (0.0s)&#xD;
Given the token string 'unescaped-_.ABCabc123 escaped;,/?:@&amp;=+$#'&#xD;
-&gt; done: FeatureAccessSteps.GivenTheTokenString("unescaped-_.ABCab...") (0.0s)&#xD;
When I revoke a token&#xD;
-&gt; done: FeatureAccessSteps.WhenIRevokeAToken() (0.0s)&#xD;
Then I get confirmation that token has been revoked&#xD;
-&gt; done: FeatureAccessSteps.ThenIGetConfirmationThatTokenHasBeenRevoked() (0.0s)&#xD;
</Text>
      </RunInfo>
      <RunInfo computerName="runner" outcome="Warning" timestamp="2024-10-03T10:47:08.4480302+00:00">
        <Text>Given I have a keyset with access manager enabled&#xD;
-&gt; done: FeatureAccessSteps.GivenIHaveAKeysetWithAccessManagerEnabled() (0.0s)&#xD;
Given a token&#xD;
-&gt; done: FeatureAccessSteps.GivenAToken() (0.0s)&#xD;
When I revoke a token&#xD;
-&gt; done: FeatureAccessSteps.WhenIRevokeAToken() (0.0s)&#xD;
Then I get confirmation that token has been revoked&#xD;
-&gt; done: FeatureAccessSteps.ThenIGetConfirmationThatTokenHasBeenRevoked() (0.0s)&#xD;
</Text>
      </RunInfo>
      <RunInfo computerName="runner" outcome="Warning" timestamp="2024-10-03T10:47:08.4630772+00:00">
        <Text>Given I have a keyset with access manager enabled&#xD;
-&gt; done: FeatureAccessSteps.GivenIHaveAKeysetWithAccessManagerEnabled() (0.0s)&#xD;
Given a token&#xD;
-&gt; done: FeatureAccessSteps.GivenAToken() (0.0s)&#xD;
When I revoke a token&#xD;
-&gt; done: FeatureAccessSteps.WhenIRevokeAToken() (0.0s)&#xD;
Then an error is returned&#xD;
-&gt; done: FeatureAccessSteps.ThenAnErrorIsReturned() (0.0s)&#xD;
* the error status code is 400&#xD;
-&gt; done: FeatureAccessSteps.ThenTheErrorStatusCodeIs(400) (0.0s)&#xD;
* the error message is 'Invalid token'&#xD;
-&gt; done: FeatureAccessSteps.ThenTheErrorMessageIs("Invalid token") (0.0s)&#xD;
* the error source is 'revoke'&#xD;
-&gt; done: FeatureAccessSteps.ThenTheErrorSourceIs("revoke") (0.0s)&#xD;
* the error detail message is not empty&#xD;
-&gt; done: FeatureAccessSteps.ThenTheErrorDetailMessageIsNotEmpty() (0.0s)&#xD;
* the error detail location is 'token'&#xD;
-&gt; done: FeatureAccessSteps.ThenTheErrorDetailLocationIs("token") (0.0s)&#xD;
* the error detail location type is 'path'&#xD;
-&gt; done: FeatureAccessSteps.ThenTheErrorDetailLocationTypeIs("path") (0.0s)&#xD;
* the error service is 'Access Manager'&#xD;
-&gt; done: FeatureAccessSteps.ThenTheErrorServiceIs("Access Manager") (0.0s)&#xD;
</Text>
      </RunInfo>
    </RunInfos>
  </ResultSummary>
</TestRun>